<?xml version="1.0" encoding="UTF-8"?>
<!-- Generated by org.testng.reporters.JUnitXMLReporter -->
<testsuite ignored="0" hostname="Admin-PC" failures="1" tests="5" name="Test" time="45.287" errors="0" timestamp="2023-07-23T23:06:05 IST">
  <testcase classname="TestLayer.UserRegisterPageTest" name="validateRegisterPageFunctionality" time="9.135"/>
  <testcase classname="TestLayer.RegisterSuccessPageTest" name="validateSuccessPageUrl" time="0.014">
    <failure type="java.lang.StackOverflowError">
      <![CDATA[java.lang.StackOverflowError
at PageLayer.RegisterSuccessPage.getCurrentUrl1(RegisterSuccessPage.java:25)
at PageLayer.RegisterSuccessPage.getCurrentUrl1(RegisterSuccessPage.java:25)
at PageLayer.RegisterSuccessPage.getCurrentUrl1(RegisterSuccessPage.java:25)
at PageLayer.RegisterSuccessPage.getCurrentUrl1(RegisterSuccessPage.java:25)
at PageLayer.RegisterSuccessPage.getCurrentUrl1(RegisterSuccessPage.java:25)
at PageLayer.RegisterSuccessPage.getCurrentUrl1(RegisterSuccessPage.java:25)
at PageLayer.RegisterSuccessPage.getCurrentUrl1(RegisterSuccessPage.java:25)
at PageLayer.RegisterSuccessPage.getCurrentUrl1(RegisterSuccessPage.java:25)
at PageLayer.RegisterSuccessPage.getCurrentUrl1(RegisterSuccessPage.java:25)
at PageLayer.RegisterSuccessPage.getCurrentUrl1(RegisterSuccessPage.java:25)
at PageLayer.RegisterSuccessPage.getCurrentUrl1(RegisterSuccessPage.java:25)
at PageLayer.RegisterSuccessPage.getCurrentUrl1(RegisterSuccessPage.java:25)
at PageLayer.RegisterSuccessPage.getCurrentUrl1(RegisterSuccessPage.java:25)
at PageLayer.RegisterSuccessPage.getCurrentUrl1(RegisterSuccessPage.java:25)
at PageLayer.RegisterSuccessPage.getCurrentUrl1(RegisterSuccessPage.java:25)
at PageLayer.RegisterSuccessPage.getCurrentUrl1(RegisterSuccessPage.java:25)
at PageLayer.RegisterSuccessPage.getCurrentUrl1(RegisterSuccessPage.java:25)
at PageLayer.RegisterSuccessPage.getCurrentUrl1(RegisterSuccessPage.java:25)
at PageLayer.RegisterSuccessPage.getCurrentUrl1(RegisterSuccessPage.java:25)
at PageLayer.RegisterSuccessPage.getCurrentUrl1(RegisterSuccessPage.java:25)
at PageLayer.RegisterSuccessPage.getCurrentUrl1(RegisterSuccessPage.java:25)
at PageLayer.RegisterSuccessPage.getCurrentUrl1(RegisterSuccessPage.java:25)
at PageLayer.RegisterSuccessPage.getCurrentUrl1(RegisterSuccessPage.java:25)
at PageLayer.RegisterSuccessPage.getCurrentUrl1(RegisterSuccessPage.java:25)
at PageLayer.RegisterSuccessPage.getCurrentUrl1(RegisterSuccessPage.java:25)
at PageLayer.RegisterSuccessPage.getCurrentUrl1(RegisterSuccessPage.java:25)
at PageLayer.RegisterSuccessPage.getCurrentUrl1(RegisterSuccessPage.java:25)
at PageLayer.RegisterSuccessPage.getCurrentUrl1(RegisterSuccessPage.java:25)
at PageLayer.RegisterSuccessPage.getCurrentUrl1(RegisterSuccessPage.java:25)
at PageLayer.RegisterSuccessPage.getCurrentUrl1(RegisterSuccessPage.java:25)
at PageLayer.RegisterSuccessPage.getCurrentUrl1(RegisterSuccessPage.java:25)
at PageLayer.RegisterSuccessPage.getCurrentUrl1(RegisterSuccessPage.java:25)
at PageLayer.RegisterSuccessPage.getCurrentUrl1(RegisterSuccessPage.java:25)
at PageLayer.RegisterSuccessPage.getCurrentUrl1(RegisterSuccessPage.java:25)
at PageLayer.RegisterSuccessPage.getCurrentUrl1(RegisterSuccessPage.java:25)
at PageLayer.RegisterSuccessPage.getCurrentUrl1(RegisterSuccessPage.java:25)
at PageLayer.RegisterSuccessPage.getCurrentUrl1(RegisterSuccessPage.java:25)
at PageLayer.RegisterSuccessPage.getCurrentUrl1(RegisterSuccessPage.java:25)
at PageLayer.RegisterSuccessPage.getCurrentUrl1(RegisterSuccessPage.java:25)
at PageLayer.RegisterSuccessPage.getCurrentUrl1(RegisterSuccessPage.java:25)
at PageLayer.RegisterSuccessPage.getCurrentUrl1(RegisterSuccessPage.java:25)
at PageLayer.RegisterSuccessPage.getCurrentUrl1(RegisterSuccessPage.java:25)
at PageLayer.RegisterSuccessPage.getCurrentUrl1(RegisterSuccessPage.java:25)
at PageLayer.RegisterSuccessPage.getCurrentUrl1(RegisterSuccessPage.java:25)
at PageLayer.RegisterSuccessPage.getCurrentUrl1(RegisterSuccessPage.java:25)
at PageLayer.RegisterSuccessPage.getCurrentUrl1(RegisterSuccessPage.java:25)
at PageLayer.RegisterSuccessPage.getCurrentUrl1(RegisterSuccessPage.java:25)
at PageLayer.RegisterSuccessPage.getCurrentUrl1(RegisterSuccessPage.java:25)
at PageLayer.RegisterSuccessPage.getCurrentUrl1(RegisterSuccessPage.java:25)
at PageLayer.RegisterSuccessPage.getCurrentUrl1(RegisterSuccessPage.java:25)
at PageLayer.RegisterSuccessPage.getCurrentUrl1(RegisterSuccessPage.java:25)
at PageLayer.RegisterSuccessPage.getCurrentUrl1(RegisterSuccessPage.java:25)
at PageLayer.RegisterSuccessPage.getCurrentUrl1(RegisterSuccessPage.java:25)
at PageLayer.RegisterSuccessPage.getCurrentUrl1(RegisterSuccessPage.java:25)
at PageLayer.RegisterSuccessPage.getCurrentUrl1(RegisterSuccessPage.java:25)
at PageLayer.RegisterSuccessPage.getCurrentUrl1(RegisterSuccessPage.java:25)
at PageLayer.RegisterSuccessPage.getCurrentUrl1(RegisterSuccessPage.java:25)
at PageLayer.RegisterSuccessPage.getCurrentUrl1(RegisterSuccessPage.java:25)
at PageLayer.RegisterSuccessPage.getCurrentUrl1(RegisterSuccessPage.java:25)
at PageLayer.RegisterSuccessPage.getCurrentUrl1(RegisterSuccessPage.java:25)
at PageLayer.RegisterSuccessPage.getCurrentUrl1(RegisterSuccessPage.java:25)
at PageLayer.RegisterSuccessPage.getCurrentUrl1(RegisterSuccessPage.java:25)
at PageLayer.RegisterSuccessPage.getCurrentUrl1(RegisterSuccessPage.java:25)
at PageLayer.RegisterSuccessPage.getCurrentUrl1(RegisterSuccessPage.java:25)
at PageLayer.RegisterSuccessPage.getCurrentUrl1(RegisterSuccessPage.java:25)
at PageLayer.RegisterSuccessPage.getCurrentUrl1(RegisterSuccessPage.java:25)
at PageLayer.RegisterSuccessPage.getCurrentUrl1(RegisterSuccessPage.java:25)
at PageLayer.RegisterSuccessPage.getCurrentUrl1(RegisterSuccessPage.java:25)
at PageLayer.RegisterSuccessPage.getCurrentUrl1(RegisterSuccessPage.java:25)
at PageLayer.RegisterSuccessPage.getCurrentUrl1(RegisterSuccessPage.java:25)
at PageLayer.RegisterSuccessPage.getCurrentUrl1(RegisterSuccessPage.java:25)
at PageLayer.RegisterSuccessPage.getCurrentUrl1(RegisterSuccessPage.java:25)
at PageLayer.RegisterSuccessPage.getCurrentUrl1(RegisterSuccessPage.java:25)
at PageLayer.RegisterSuccessPage.getCurrentUrl1(RegisterSuccessPage.java:25)
at PageLayer.RegisterSuccessPage.getCurrentUrl1(RegisterSuccessPage.java:25)
at PageLayer.RegisterSuccessPage.getCurrentUrl1(RegisterSuccessPage.java:25)
at PageLayer.RegisterSuccessPage.getCurrentUrl1(RegisterSuccessPage.java:25)
at PageLayer.RegisterSuccessPage.getCurrentUrl1(RegisterSuccessPage.java:25)
at PageLayer.RegisterSuccessPage.getCurrentUrl1(RegisterSuccessPage.java:25)
at PageLayer.RegisterSuccessPage.getCurrentUrl1(RegisterSuccessPage.java:25)
at PageLayer.RegisterSuccessPage.getCurrentUrl1(RegisterSuccessPage.java:25)
at PageLayer.RegisterSuccessPage.getCurrentUrl1(RegisterSuccessPage.java:25)
at PageLayer.RegisterSuccessPage.getCurrentUrl1(RegisterSuccessPage.java:25)
at PageLayer.RegisterSuccessPage.getCurrentUrl1(RegisterSuccessPage.java:25)
at PageLayer.RegisterSuccessPage.getCurrentUrl1(RegisterSuccessPage.java:25)
at PageLayer.RegisterSuccessPage.getCurrentUrl1(RegisterSuccessPage.java:25)
at PageLayer.RegisterSuccessPage.getCurrentUrl1(RegisterSuccessPage.java:25)
at PageLayer.RegisterSuccessPage.getCurrentUrl1(RegisterSuccessPage.java:25)
at PageLayer.RegisterSuccessPage.getCurrentUrl1(RegisterSuccessPage.java:25)
at PageLayer.RegisterSuccessPage.getCurrentUrl1(RegisterSuccessPage.java:25)
at PageLayer.RegisterSuccessPage.getCurrentUrl1(RegisterSuccessPage.java:25)
at PageLayer.RegisterSuccessPage.getCurrentUrl1(RegisterSuccessPage.java:25)
at PageLayer.RegisterSuccessPage.getCurrentUrl1(RegisterSuccessPage.java:25)
at PageLayer.RegisterSuccessPage.getCurrentUrl1(RegisterSuccessPage.java:25)
at PageLayer.RegisterSuccessPage.getCurrentUrl1(RegisterSuccessPage.java:25)
at PageLayer.RegisterSuccessPage.getCurrentUrl1(RegisterSuccessPage.java:25)
at PageLayer.RegisterSuccessPage.getCurrentUrl1(RegisterSuccessPage.java:25)
at PageLayer.RegisterSuccessPage.getCurrentUrl1(RegisterSuccessPage.java:25)
at PageLayer.RegisterSuccessPage.getCurrentUrl1(RegisterSuccessPage.java:25)
at PageLayer.RegisterSuccessPage.getCurrentUrl1(RegisterSuccessPage.java:25)
at PageLayer.RegisterSuccessPage.getCurrentUrl1(RegisterSuccessPage.java:25)
at PageLayer.RegisterSuccessPage.getCurrentUrl1(RegisterSuccessPage.java:25)
at PageLayer.RegisterSuccessPage.getCurrentUrl1(RegisterSuccessPage.java:25)
at PageLayer.RegisterSuccessPage.getCurrentUrl1(RegisterSuccessPage.java:25)
at PageLayer.RegisterSuccessPage.getCurrentUrl1(RegisterSuccessPage.java:25)
at PageLayer.RegisterSuccessPage.getCurrentUrl1(RegisterSuccessPage.java:25)
at PageLayer.RegisterSuccessPage.getCurrentUrl1(RegisterSuccessPage.java:25)
at PageLayer.RegisterSuccessPage.getCurrentUrl1(RegisterSuccessPage.java:25)
at PageLayer.RegisterSuccessPage.getCurrentUrl1(RegisterSuccessPage.java:25)
at PageLayer.RegisterSuccessPage.getCurrentUrl1(RegisterSuccessPage.java:25)
at PageLayer.RegisterSuccessPage.getCurrentUrl1(RegisterSuccessPage.java:25)
at PageLayer.RegisterSuccessPage.getCurrentUrl1(RegisterSuccessPage.java:25)
at PageLayer.RegisterSuccessPage.getCurrentUrl1(RegisterSuccessPage.java:25)
at PageLayer.RegisterSuccessPage.getCurrentUrl1(RegisterSuccessPage.java:25)
at PageLayer.RegisterSuccessPage.getCurrentUrl1(RegisterSuccessPage.java:25)
at PageLayer.RegisterSuccessPage.getCurrentUrl1(RegisterSuccessPage.java:25)
at PageLayer.RegisterSuccessPage.getCurrentUrl1(RegisterSuccessPage.java:25)
at PageLayer.RegisterSuccessPage.getCurrentUrl1(RegisterSuccessPage.java:25)
at PageLayer.RegisterSuccessPage.getCurrentUrl1(RegisterSuccessPage.java:25)
at PageLayer.RegisterSuccessPage.getCurrentUrl1(RegisterSuccessPage.java:25)
at PageLayer.RegisterSuccessPage.getCurrentUrl1(RegisterSuccessPage.java:25)
at PageLayer.RegisterSuccessPage.getCurrentUrl1(RegisterSuccessPage.java:25)
at PageLayer.RegisterSuccessPage.getCurrentUrl1(RegisterSuccessPage.java:25)
at PageLayer.RegisterSuccessPage.getCurrentUrl1(RegisterSuccessPage.java:25)
at PageLayer.RegisterSuccessPage.getCurrentUrl1(RegisterSuccessPage.java:25)
at PageLayer.RegisterSuccessPage.getCurrentUrl1(RegisterSuccessPage.java:25)
at PageLayer.RegisterSuccessPage.getCurrentUrl1(RegisterSuccessPage.java:25)
at PageLayer.RegisterSuccessPage.getCurrentUrl1(RegisterSuccessPage.java:25)
at PageLayer.RegisterSuccessPage.getCurrentUrl1(RegisterSuccessPage.java:25)
at PageLayer.RegisterSuccessPage.getCurrentUrl1(RegisterSuccessPage.java:25)
at PageLayer.RegisterSuccessPage.getCurrentUrl1(RegisterSuccessPage.java:25)
at PageLayer.RegisterSuccessPage.getCurrentUrl1(RegisterSuccessPage.java:25)
at PageLayer.RegisterSuccessPage.getCurrentUrl1(RegisterSuccessPage.java:25)
at PageLayer.RegisterSuccessPage.getCurrentUrl1(RegisterSuccessPage.java:25)
at PageLayer.RegisterSuccessPage.getCurrentUrl1(RegisterSuccessPage.java:25)
at PageLayer.RegisterSuccessPage.getCurrentUrl1(RegisterSuccessPage.java:25)
at PageLayer.RegisterSuccessPage.getCurrentUrl1(RegisterSuccessPage.java:25)
at PageLayer.RegisterSuccessPage.getCurrentUrl1(RegisterSuccessPage.java:25)
at PageLayer.RegisterSuccessPage.getCurrentUrl1(RegisterSuccessPage.java:25)
at PageLayer.RegisterSuccessPage.getCurrentUrl1(RegisterSuccessPage.java:25)
at PageLayer.RegisterSuccessPage.getCurrentUrl1(RegisterSuccessPage.java:25)
at PageLayer.RegisterSuccessPage.getCurrentUrl1(RegisterSuccessPage.java:25)
at PageLayer.RegisterSuccessPage.getCurrentUrl1(RegisterSuccessPage.java:25)
at PageLayer.RegisterSuccessPage.getCurrentUrl1(RegisterSuccessPage.java:25)
at PageLayer.RegisterSuccessPage.getCurrentUrl1(RegisterSuccessPage.java:25)
at PageLayer.RegisterSuccessPage.getCurrentUrl1(RegisterSuccessPage.java:25)
at PageLayer.RegisterSuccessPage.getCurrentUrl1(RegisterSuccessPage.java:25)
at PageLayer.RegisterSuccessPage.getCurrentUrl1(RegisterSuccessPage.java:25)
at PageLayer.RegisterSuccessPage.getCurrentUrl1(RegisterSuccessPage.java:25)
at PageLayer.RegisterSuccessPage.getCurrentUrl1(RegisterSuccessPage.java:25)
at PageLayer.RegisterSuccessPage.getCurrentUrl1(RegisterSuccessPage.java:25)
at PageLayer.RegisterSuccessPage.getCurrentUrl1(RegisterSuccessPage.java:25)
at PageLayer.RegisterSuccessPage.getCurrentUrl1(RegisterSuccessPage.java:25)
at PageLayer.RegisterSuccessPage.getCurrentUrl1(RegisterSuccessPage.java:25)
at PageLayer.RegisterSuccessPage.getCurrentUrl1(RegisterSuccessPage.java:25)
at PageLayer.RegisterSuccessPage.getCurrentUrl1(RegisterSuccessPage.java:25)
at PageLayer.RegisterSuccessPage.getCurrentUrl1(RegisterSuccessPage.java:25)
at PageLayer.RegisterSuccessPage.getCurrentUrl1(RegisterSuccessPage.java:25)
at PageLayer.RegisterSuccessPage.getCurrentUrl1(RegisterSuccessPage.java:25)
at PageLayer.RegisterSuccessPage.getCurrentUrl1(RegisterSuccessPage.java:25)
at PageLayer.RegisterSuccessPage.getCurrentUrl1(RegisterSuccessPage.java:25)
at PageLayer.RegisterSuccessPage.getCurrentUrl1(RegisterSuccessPage.java:25)
at PageLayer.RegisterSuccessPage.getCurrentUrl1(RegisterSuccessPage.java:25)
at PageLayer.RegisterSuccessPage.getCurrentUrl1(RegisterSuccessPage.java:25)
at PageLayer.RegisterSuccessPage.getCurrentUrl1(RegisterSuccessPage.java:25)
at PageLayer.RegisterSuccessPage.getCurrentUrl1(RegisterSuccessPage.java:25)
at PageLayer.RegisterSuccessPage.getCurrentUrl1(RegisterSuccessPage.java:25)
at PageLayer.RegisterSuccessPage.getCurrentUrl1(RegisterSuccessPage.java:25)
at PageLayer.RegisterSuccessPage.getCurrentUrl1(RegisterSuccessPage.java:25)
at PageLayer.RegisterSuccessPage.getCurrentUrl1(RegisterSuccessPage.java:25)
at PageLayer.RegisterSuccessPage.getCurrentUrl1(RegisterSuccessPage.java:25)
at PageLayer.RegisterSuccessPage.getCurrentUrl1(RegisterSuccessPage.java:25)
at PageLayer.RegisterSuccessPage.getCurrentUrl1(RegisterSuccessPage.java:25)
at PageLayer.RegisterSuccessPage.getCurrentUrl1(RegisterSuccessPage.java:25)
at PageLayer.RegisterSuccessPage.getCurrentUrl1(RegisterSuccessPage.java:25)
at PageLayer.RegisterSuccessPage.getCurrentUrl1(RegisterSuccessPage.java:25)
at PageLayer.RegisterSuccessPage.getCurrentUrl1(RegisterSuccessPage.java:25)
at PageLayer.RegisterSuccessPage.getCurrentUrl1(RegisterSuccessPage.java:25)
at PageLayer.RegisterSuccessPage.getCurrentUrl1(RegisterSuccessPage.java:25)
at PageLayer.RegisterSuccessPage.getCurrentUrl1(RegisterSuccessPage.java:25)
at PageLayer.RegisterSuccessPage.getCurrentUrl1(RegisterSuccessPage.java:25)
at PageLayer.RegisterSuccessPage.getCurrentUrl1(RegisterSuccessPage.java:25)
at PageLayer.RegisterSuccessPage.getCurrentUrl1(RegisterSuccessPage.java:25)
at PageLayer.RegisterSuccessPage.getCurrentUrl1(RegisterSuccessPage.java:25)
at PageLayer.RegisterSuccessPage.getCurrentUrl1(RegisterSuccessPage.java:25)
at PageLayer.RegisterSuccessPage.getCurrentUrl1(RegisterSuccessPage.java:25)
at PageLayer.RegisterSuccessPage.getCurrentUrl1(RegisterSuccessPage.java:25)
at PageLayer.RegisterSuccessPage.getCurrentUrl1(RegisterSuccessPage.java:25)
at PageLayer.RegisterSuccessPage.getCurrentUrl1(RegisterSuccessPage.java:25)
at PageLayer.RegisterSuccessPage.getCurrentUrl1(RegisterSuccessPage.java:25)
at PageLayer.RegisterSuccessPage.getCurrentUrl1(RegisterSuccessPage.java:25)
at PageLayer.RegisterSuccessPage.getCurrentUrl1(RegisterSuccessPage.java:25)
at PageLayer.RegisterSuccessPage.getCurrentUrl1(RegisterSuccessPage.java:25)
at PageLayer.RegisterSuccessPage.getCurrentUrl1(RegisterSuccessPage.java:25)
at PageLayer.RegisterSuccessPage.getCurrentUrl1(RegisterSuccessPage.java:25)
at PageLayer.RegisterSuccessPage.getCurrentUrl1(RegisterSuccessPage.java:25)
at PageLayer.RegisterSuccessPage.getCurrentUrl1(RegisterSuccessPage.java:25)
at PageLayer.RegisterSuccessPage.getCurrentUrl1(RegisterSuccessPage.java:25)
at PageLayer.RegisterSuccessPage.getCurrentUrl1(RegisterSuccessPage.java:25)
at PageLayer.RegisterSuccessPage.getCurrentUrl1(RegisterSuccessPage.java:25)
at PageLayer.RegisterSuccessPage.getCurrentUrl1(RegisterSuccessPage.java:25)
at PageLayer.RegisterSuccessPage.getCurrentUrl1(RegisterSuccessPage.java:25)
at PageLayer.RegisterSuccessPage.getCurrentUrl1(RegisterSuccessPage.java:25)
at PageLayer.RegisterSuccessPage.getCurrentUrl1(RegisterSuccessPage.java:25)
at PageLayer.RegisterSuccessPage.getCurrentUrl1(RegisterSuccessPage.java:25)
at PageLayer.RegisterSuccessPage.getCurrentUrl1(RegisterSuccessPage.java:25)
at PageLayer.RegisterSuccessPage.getCurrentUrl1(RegisterSuccessPage.java:25)
at PageLayer.RegisterSuccessPage.getCurrentUrl1(RegisterSuccessPage.java:25)
at PageLayer.RegisterSuccessPage.getCurrentUrl1(RegisterSuccessPage.java:25)
at PageLayer.RegisterSuccessPage.getCurrentUrl1(RegisterSuccessPage.java:25)
at PageLayer.RegisterSuccessPage.getCurrentUrl1(RegisterSuccessPage.java:25)
at PageLayer.RegisterSuccessPage.getCurrentUrl1(RegisterSuccessPage.java:25)
at PageLayer.RegisterSuccessPage.getCurrentUrl1(RegisterSuccessPage.java:25)
at PageLayer.RegisterSuccessPage.getCurrentUrl1(RegisterSuccessPage.java:25)
at PageLayer.RegisterSuccessPage.getCurrentUrl1(RegisterSuccessPage.java:25)
at PageLayer.RegisterSuccessPage.getCurrentUrl1(RegisterSuccessPage.java:25)
at PageLayer.RegisterSuccessPage.getCurrentUrl1(RegisterSuccessPage.java:25)
at PageLayer.RegisterSuccessPage.getCurrentUrl1(RegisterSuccessPage.java:25)
at PageLayer.RegisterSuccessPage.getCurrentUrl1(RegisterSuccessPage.java:25)
at PageLayer.RegisterSuccessPage.getCurrentUrl1(RegisterSuccessPage.java:25)
at PageLayer.RegisterSuccessPage.getCurrentUrl1(RegisterSuccessPage.java:25)
at PageLayer.RegisterSuccessPage.getCurrentUrl1(RegisterSuccessPage.java:25)
at PageLayer.RegisterSuccessPage.getCurrentUrl1(RegisterSuccessPage.java:25)
at PageLayer.RegisterSuccessPage.getCurrentUrl1(RegisterSuccessPage.java:25)
at PageLayer.RegisterSuccessPage.getCurrentUrl1(RegisterSuccessPage.java:25)
at PageLayer.RegisterSuccessPage.getCurrentUrl1(RegisterSuccessPage.java:25)
at PageLayer.RegisterSuccessPage.getCurrentUrl1(RegisterSuccessPage.java:25)
at PageLayer.RegisterSuccessPage.getCurrentUrl1(RegisterSuccessPage.java:25)
at PageLayer.RegisterSuccessPage.getCurrentUrl1(RegisterSuccessPage.java:25)
at PageLayer.RegisterSuccessPage.getCurrentUrl1(RegisterSuccessPage.java:25)
at PageLayer.RegisterSuccessPage.getCurrentUrl1(RegisterSuccessPage.java:25)
at PageLayer.RegisterSuccessPage.getCurrentUrl1(RegisterSuccessPage.java:25)
at PageLayer.RegisterSuccessPage.getCurrentUrl1(RegisterSuccessPage.java:25)
at PageLayer.RegisterSuccessPage.getCurrentUrl1(RegisterSuccessPage.java:25)
at PageLayer.RegisterSuccessPage.getCurrentUrl1(RegisterSuccessPage.java:25)
at PageLayer.RegisterSuccessPage.getCurrentUrl1(RegisterSuccessPage.java:25)
at PageLayer.RegisterSuccessPage.getCurrentUrl1(RegisterSuccessPage.java:25)
at PageLayer.RegisterSuccessPage.getCurrentUrl1(RegisterSuccessPage.java:25)
at PageLayer.RegisterSuccessPage.getCurrentUrl1(RegisterSuccessPage.java:25)
at PageLayer.RegisterSuccessPage.getCurrentUrl1(RegisterSuccessPage.java:25)
at PageLayer.RegisterSuccessPage.getCurrentUrl1(RegisterSuccessPage.java:25)
at PageLayer.RegisterSuccessPage.getCurrentUrl1(RegisterSuccessPage.java:25)
at PageLayer.RegisterSuccessPage.getCurrentUrl1(RegisterSuccessPage.java:25)
at PageLayer.RegisterSuccessPage.getCurrentUrl1(RegisterSuccessPage.java:25)
at PageLayer.RegisterSuccessPage.getCurrentUrl1(RegisterSuccessPage.java:25)
at PageLayer.RegisterSuccessPage.getCurrentUrl1(RegisterSuccessPage.java:25)
at PageLayer.RegisterSuccessPage.getCurrentUrl1(RegisterSuccessPage.java:25)
at PageLayer.RegisterSuccessPage.getCurrentUrl1(RegisterSuccessPage.java:25)
at PageLayer.RegisterSuccessPage.getCurrentUrl1(RegisterSuccessPage.java:25)
at PageLayer.RegisterSuccessPage.getCurrentUrl1(RegisterSuccessPage.java:25)
at PageLayer.RegisterSuccessPage.getCurrentUrl1(RegisterSuccessPage.java:25)
at PageLayer.RegisterSuccessPage.getCurrentUrl1(RegisterSuccessPage.java:25)
at PageLayer.RegisterSuccessPage.getCurrentUrl1(RegisterSuccessPage.java:25)
at PageLayer.RegisterSuccessPage.getCurrentUrl1(RegisterSuccessPage.java:25)
at PageLayer.RegisterSuccessPage.getCurrentUrl1(RegisterSuccessPage.java:25)
at PageLayer.RegisterSuccessPage.getCurrentUrl1(RegisterSuccessPage.java:25)
at PageLayer.RegisterSuccessPage.getCurrentUrl1(RegisterSuccessPage.java:25)
at PageLayer.RegisterSuccessPage.getCurrentUrl1(RegisterSuccessPage.java:25)
at PageLayer.RegisterSuccessPage.getCurrentUrl1(RegisterSuccessPage.java:25)
at PageLayer.RegisterSuccessPage.getCurrentUrl1(RegisterSuccessPage.java:25)
at PageLayer.RegisterSuccessPage.getCurrentUrl1(RegisterSuccessPage.java:25)
at PageLayer.RegisterSuccessPage.getCurrentUrl1(RegisterSuccessPage.java:25)
at PageLayer.RegisterSuccessPage.getCurrentUrl1(RegisterSuccessPage.java:25)
at PageLayer.RegisterSuccessPage.getCurrentUrl1(RegisterSuccessPage.java:25)
at PageLayer.RegisterSuccessPage.getCurrentUrl1(RegisterSuccessPage.java:25)
at PageLayer.RegisterSuccessPage.getCurrentUrl1(RegisterSuccessPage.java:25)
at PageLayer.RegisterSuccessPage.getCurrentUrl1(RegisterSuccessPage.java:25)
at PageLayer.RegisterSuccessPage.getCurrentUrl1(RegisterSuccessPage.java:25)
at PageLayer.RegisterSuccessPage.getCurrentUrl1(RegisterSuccessPage.java:25)
at PageLayer.RegisterSuccessPage.getCurrentUrl1(RegisterSuccessPage.java:25)
at PageLayer.RegisterSuccessPage.getCurrentUrl1(RegisterSuccessPage.java:25)
at PageLayer.RegisterSuccessPage.getCurrentUrl1(RegisterSuccessPage.java:25)
at PageLayer.RegisterSuccessPage.getCurrentUrl1(RegisterSuccessPage.java:25)
at PageLayer.RegisterSuccessPage.getCurrentUrl1(RegisterSuccessPage.java:25)
at PageLayer.RegisterSuccessPage.getCurrentUrl1(RegisterSuccessPage.java:25)
at PageLayer.RegisterSuccessPage.getCurrentUrl1(RegisterSuccessPage.java:25)
at PageLayer.RegisterSuccessPage.getCurrentUrl1(RegisterSuccessPage.java:25)
at PageLayer.RegisterSuccessPage.getCurrentUrl1(RegisterSuccessPage.java:25)
at PageLayer.RegisterSuccessPage.getCurrentUrl1(RegisterSuccessPage.java:25)
at PageLayer.RegisterSuccessPage.getCurrentUrl1(RegisterSuccessPage.java:25)
at PageLayer.RegisterSuccessPage.getCurrentUrl1(RegisterSuccessPage.java:25)
at PageLayer.RegisterSuccessPage.getCurrentUrl1(RegisterSuccessPage.java:25)
at PageLayer.RegisterSuccessPage.getCurrentUrl1(RegisterSuccessPage.java:25)
at PageLayer.RegisterSuccessPage.getCurrentUrl1(RegisterSuccessPage.java:25)
at PageLayer.RegisterSuccessPage.getCurrentUrl1(RegisterSuccessPage.java:25)
at PageLayer.RegisterSuccessPage.getCurrentUrl1(RegisterSuccessPage.java:25)
at PageLayer.RegisterSuccessPage.getCurrentUrl1(RegisterSuccessPage.java:25)
at PageLayer.RegisterSuccessPage.getCurrentUrl1(RegisterSuccessPage.java:25)
at PageLayer.RegisterSuccessPage.getCurrentUrl1(RegisterSuccessPage.java:25)
at PageLayer.RegisterSuccessPage.getCurrentUrl1(RegisterSuccessPage.java:25)
at PageLayer.RegisterSuccessPage.getCurrentUrl1(RegisterSuccessPage.java:25)
at PageLayer.RegisterSuccessPage.getCurrentUrl1(RegisterSuccessPage.java:25)
at PageLayer.RegisterSuccessPage.getCurrentUrl1(RegisterSuccessPage.java:25)
at PageLayer.RegisterSuccessPage.getCurrentUrl1(RegisterSuccessPage.java:25)
at PageLayer.RegisterSuccessPage.getCurrentUrl1(RegisterSuccessPage.java:25)
at PageLayer.RegisterSuccessPage.getCurrentUrl1(RegisterSuccessPage.java:25)
at PageLayer.RegisterSuccessPage.getCurrentUrl1(RegisterSuccessPage.java:25)
at PageLayer.RegisterSuccessPage.getCurrentUrl1(RegisterSuccessPage.java:25)
at PageLayer.RegisterSuccessPage.getCurrentUrl1(RegisterSuccessPage.java:25)
at PageLayer.RegisterSuccessPage.getCurrentUrl1(RegisterSuccessPage.java:25)
at PageLayer.RegisterSuccessPage.getCurrentUrl1(RegisterSuccessPage.java:25)
at PageLayer.RegisterSuccessPage.getCurrentUrl1(RegisterSuccessPage.java:25)
at PageLayer.RegisterSuccessPage.getCurrentUrl1(RegisterSuccessPage.java:25)
at PageLayer.RegisterSuccessPage.getCurrentUrl1(RegisterSuccessPage.java:25)
at PageLayer.RegisterSuccessPage.getCurrentUrl1(RegisterSuccessPage.java:25)
at PageLayer.RegisterSuccessPage.getCurrentUrl1(RegisterSuccessPage.java:25)
at PageLayer.RegisterSuccessPage.getCurrentUrl1(RegisterSuccessPage.java:25)
at PageLayer.RegisterSuccessPage.getCurrentUrl1(RegisterSuccessPage.java:25)
at PageLayer.RegisterSuccessPage.getCurrentUrl1(RegisterSuccessPage.java:25)
at PageLayer.RegisterSuccessPage.getCurrentUrl1(RegisterSuccessPage.java:25)
at PageLayer.RegisterSuccessPage.getCurrentUrl1(RegisterSuccessPage.java:25)
at PageLayer.RegisterSuccessPage.getCurrentUrl1(RegisterSuccessPage.java:25)
at PageLayer.RegisterSuccessPage.getCurrentUrl1(RegisterSuccessPage.java:25)
at PageLayer.RegisterSuccessPage.getCurrentUrl1(RegisterSuccessPage.java:25)
at PageLayer.RegisterSuccessPage.getCurrentUrl1(RegisterSuccessPage.java:25)
at PageLayer.RegisterSuccessPage.getCurrentUrl1(RegisterSuccessPage.java:25)
at PageLayer.RegisterSuccessPage.getCurrentUrl1(RegisterSuccessPage.java:25)
at PageLayer.RegisterSuccessPage.getCurrentUrl1(RegisterSuccessPage.java:25)
at PageLayer.RegisterSuccessPage.getCurrentUrl1(RegisterSuccessPage.java:25)
at PageLayer.RegisterSuccessPage.getCurrentUrl1(RegisterSuccessPage.java:25)
at PageLayer.RegisterSuccessPage.getCurrentUrl1(RegisterSuccessPage.java:25)
at PageLayer.RegisterSuccessPage.getCurrentUrl1(RegisterSuccessPage.java:25)
at PageLayer.RegisterSuccessPage.getCurrentUrl1(RegisterSuccessPage.java:25)
at PageLayer.RegisterSuccessPage.getCurrentUrl1(RegisterSuccessPage.java:25)
at PageLayer.RegisterSuccessPage.getCurrentUrl1(RegisterSuccessPage.java:25)
at PageLayer.RegisterSuccessPage.getCurrentUrl1(RegisterSuccessPage.java:25)
at PageLayer.RegisterSuccessPage.getCurrentUrl1(RegisterSuccessPage.java:25)
at PageLayer.RegisterSuccessPage.getCurrentUrl1(RegisterSuccessPage.java:25)
at PageLayer.RegisterSuccessPage.getCurrentUrl1(RegisterSuccessPage.java:25)
at PageLayer.RegisterSuccessPage.getCurrentUrl1(RegisterSuccessPage.java:25)
at PageLayer.RegisterSuccessPage.getCurrentUrl1(RegisterSuccessPage.java:25)
at PageLayer.RegisterSuccessPage.getCurrentUrl1(RegisterSuccessPage.java:25)
at PageLayer.RegisterSuccessPage.getCurrentUrl1(RegisterSuccessPage.java:25)
at PageLayer.RegisterSuccessPage.getCurrentUrl1(RegisterSuccessPage.java:25)
at PageLayer.RegisterSuccessPage.getCurrentUrl1(RegisterSuccessPage.java:25)
at PageLayer.RegisterSuccessPage.getCurrentUrl1(RegisterSuccessPage.java:25)
at PageLayer.RegisterSuccessPage.getCurrentUrl1(RegisterSuccessPage.java:25)
at PageLayer.RegisterSuccessPage.getCurrentUrl1(RegisterSuccessPage.java:25)
at PageLayer.RegisterSuccessPage.getCurrentUrl1(RegisterSuccessPage.java:25)
at PageLayer.RegisterSuccessPage.getCurrentUrl1(RegisterSuccessPage.java:25)
at PageLayer.RegisterSuccessPage.getCurrentUrl1(RegisterSuccessPage.java:25)
at PageLayer.RegisterSuccessPage.getCurrentUrl1(RegisterSuccessPage.java:25)
at PageLayer.RegisterSuccessPage.getCurrentUrl1(RegisterSuccessPage.java:25)
at PageLayer.RegisterSuccessPage.getCurrentUrl1(RegisterSuccessPage.java:25)
at PageLayer.RegisterSuccessPage.getCurrentUrl1(RegisterSuccessPage.java:25)
at PageLayer.RegisterSuccessPage.getCurrentUrl1(RegisterSuccessPage.java:25)
at PageLayer.RegisterSuccessPage.getCurrentUrl1(RegisterSuccessPage.java:25)
at PageLayer.RegisterSuccessPage.getCurrentUrl1(RegisterSuccessPage.java:25)
at PageLayer.RegisterSuccessPage.getCurrentUrl1(RegisterSuccessPage.java:25)
at PageLayer.RegisterSuccessPage.getCurrentUrl1(RegisterSuccessPage.java:25)
at PageLayer.RegisterSuccessPage.getCurrentUrl1(RegisterSuccessPage.java:25)
at PageLayer.RegisterSuccessPage.getCurrentUrl1(RegisterSuccessPage.java:25)
at PageLayer.RegisterSuccessPage.getCurrentUrl1(RegisterSuccessPage.java:25)
at PageLayer.RegisterSuccessPage.getCurrentUrl1(RegisterSuccessPage.java:25)
at PageLayer.RegisterSuccessPage.getCurrentUrl1(RegisterSuccessPage.java:25)
at PageLayer.RegisterSuccessPage.getCurrentUrl1(RegisterSuccessPage.java:25)
at PageLayer.RegisterSuccessPage.getCurrentUrl1(RegisterSuccessPage.java:25)
at PageLayer.RegisterSuccessPage.getCurrentUrl1(RegisterSuccessPage.java:25)
at PageLayer.RegisterSuccessPage.getCurrentUrl1(RegisterSuccessPage.java:25)
at PageLayer.RegisterSuccessPage.getCurrentUrl1(RegisterSuccessPage.java:25)
at PageLayer.RegisterSuccessPage.getCurrentUrl1(RegisterSuccessPage.java:25)
at PageLayer.RegisterSuccessPage.getCurrentUrl1(RegisterSuccessPage.java:25)
at PageLayer.RegisterSuccessPage.getCurrentUrl1(RegisterSuccessPage.java:25)
at PageLayer.RegisterSuccessPage.getCurrentUrl1(RegisterSuccessPage.java:25)
at PageLayer.RegisterSuccessPage.getCurrentUrl1(RegisterSuccessPage.java:25)
at PageLayer.RegisterSuccessPage.getCurrentUrl1(RegisterSuccessPage.java:25)
at PageLayer.RegisterSuccessPage.getCurrentUrl1(RegisterSuccessPage.java:25)
at PageLayer.RegisterSuccessPage.getCurrentUrl1(RegisterSuccessPage.java:25)
at PageLayer.RegisterSuccessPage.getCurrentUrl1(RegisterSuccessPage.java:25)
at PageLayer.RegisterSuccessPage.getCurrentUrl1(RegisterSuccessPage.java:25)
at PageLayer.RegisterSuccessPage.getCurrentUrl1(RegisterSuccessPage.java:25)
at PageLayer.RegisterSuccessPage.getCurrentUrl1(RegisterSuccessPage.java:25)
at PageLayer.RegisterSuccessPage.getCurrentUrl1(RegisterSuccessPage.java:25)
at PageLayer.RegisterSuccessPage.getCurrentUrl1(RegisterSuccessPage.java:25)
at PageLayer.RegisterSuccessPage.getCurrentUrl1(RegisterSuccessPage.java:25)
at PageLayer.RegisterSuccessPage.getCurrentUrl1(RegisterSuccessPage.java:25)
at PageLayer.RegisterSuccessPage.getCurrentUrl1(RegisterSuccessPage.java:25)
at PageLayer.RegisterSuccessPage.getCurrentUrl1(RegisterSuccessPage.java:25)
at PageLayer.RegisterSuccessPage.getCurrentUrl1(RegisterSuccessPage.java:25)
at PageLayer.RegisterSuccessPage.getCurrentUrl1(RegisterSuccessPage.java:25)
at PageLayer.RegisterSuccessPage.getCurrentUrl1(RegisterSuccessPage.java:25)
at PageLayer.RegisterSuccessPage.getCurrentUrl1(RegisterSuccessPage.java:25)
at PageLayer.RegisterSuccessPage.getCurrentUrl1(RegisterSuccessPage.java:25)
at PageLayer.RegisterSuccessPage.getCurrentUrl1(RegisterSuccessPage.java:25)
at PageLayer.RegisterSuccessPage.getCurrentUrl1(RegisterSuccessPage.java:25)
at PageLayer.RegisterSuccessPage.getCurrentUrl1(RegisterSuccessPage.java:25)
at PageLayer.RegisterSuccessPage.getCurrentUrl1(RegisterSuccessPage.java:25)
at PageLayer.RegisterSuccessPage.getCurrentUrl1(RegisterSuccessPage.java:25)
at PageLayer.RegisterSuccessPage.getCurrentUrl1(RegisterSuccessPage.java:25)
at PageLayer.RegisterSuccessPage.getCurrentUrl1(RegisterSuccessPage.java:25)
at PageLayer.RegisterSuccessPage.getCurrentUrl1(RegisterSuccessPage.java:25)
at PageLayer.RegisterSuccessPage.getCurrentUrl1(RegisterSuccessPage.java:25)
at PageLayer.RegisterSuccessPage.getCurrentUrl1(RegisterSuccessPage.java:25)
at PageLayer.RegisterSuccessPage.getCurrentUrl1(RegisterSuccessPage.java:25)
at PageLayer.RegisterSuccessPage.getCurrentUrl1(RegisterSuccessPage.java:25)
at PageLayer.RegisterSuccessPage.getCurrentUrl1(RegisterSuccessPage.java:25)
at PageLayer.RegisterSuccessPage.getCurrentUrl1(RegisterSuccessPage.java:25)
at PageLayer.RegisterSuccessPage.getCurrentUrl1(RegisterSuccessPage.java:25)
at PageLayer.RegisterSuccessPage.getCurrentUrl1(RegisterSuccessPage.java:25)
at PageLayer.RegisterSuccessPage.getCurrentUrl1(RegisterSuccessPage.java:25)
at PageLayer.RegisterSuccessPage.getCurrentUrl1(RegisterSuccessPage.java:25)
at PageLayer.RegisterSuccessPage.getCurrentUrl1(RegisterSuccessPage.java:25)
at PageLayer.RegisterSuccessPage.getCurrentUrl1(RegisterSuccessPage.java:25)
at PageLayer.RegisterSuccessPage.getCurrentUrl1(RegisterSuccessPage.java:25)
at PageLayer.RegisterSuccessPage.getCurrentUrl1(RegisterSuccessPage.java:25)
at PageLayer.RegisterSuccessPage.getCurrentUrl1(RegisterSuccessPage.java:25)
at PageLayer.RegisterSuccessPage.getCurrentUrl1(RegisterSuccessPage.java:25)
at PageLayer.RegisterSuccessPage.getCurrentUrl1(RegisterSuccessPage.java:25)
at PageLayer.RegisterSuccessPage.getCurrentUrl1(RegisterSuccessPage.java:25)
at PageLayer.RegisterSuccessPage.getCurrentUrl1(RegisterSuccessPage.java:25)
at PageLayer.RegisterSuccessPage.getCurrentUrl1(RegisterSuccessPage.java:25)
at PageLayer.RegisterSuccessPage.getCurrentUrl1(RegisterSuccessPage.java:25)
at PageLayer.RegisterSuccessPage.getCurrentUrl1(RegisterSuccessPage.java:25)
at PageLayer.RegisterSuccessPage.getCurrentUrl1(RegisterSuccessPage.java:25)
at PageLayer.RegisterSuccessPage.getCurrentUrl1(RegisterSuccessPage.java:25)
at PageLayer.RegisterSuccessPage.getCurrentUrl1(RegisterSuccessPage.java:25)
at PageLayer.RegisterSuccessPage.getCurrentUrl1(RegisterSuccessPage.java:25)
at PageLayer.RegisterSuccessPage.getCurrentUrl1(RegisterSuccessPage.java:25)
at PageLayer.RegisterSuccessPage.getCurrentUrl1(RegisterSuccessPage.java:25)
at PageLayer.RegisterSuccessPage.getCurrentUrl1(RegisterSuccessPage.java:25)
at PageLayer.RegisterSuccessPage.getCurrentUrl1(RegisterSuccessPage.java:25)
at PageLayer.RegisterSuccessPage.getCurrentUrl1(RegisterSuccessPage.java:25)
at PageLayer.RegisterSuccessPage.getCurrentUrl1(RegisterSuccessPage.java:25)
at PageLayer.RegisterSuccessPage.getCurrentUrl1(RegisterSuccessPage.java:25)
at PageLayer.RegisterSuccessPage.getCurrentUrl1(RegisterSuccessPage.java:25)
at PageLayer.RegisterSuccessPage.getCurrentUrl1(RegisterSuccessPage.java:25)
at PageLayer.RegisterSuccessPage.getCurrentUrl1(RegisterSuccessPage.java:25)
at PageLayer.RegisterSuccessPage.getCurrentUrl1(RegisterSuccessPage.java:25)
at PageLayer.RegisterSuccessPage.getCurrentUrl1(RegisterSuccessPage.java:25)
at PageLayer.RegisterSuccessPage.getCurrentUrl1(RegisterSuccessPage.java:25)
at PageLayer.RegisterSuccessPage.getCurrentUrl1(RegisterSuccessPage.java:25)
at PageLayer.RegisterSuccessPage.getCurrentUrl1(RegisterSuccessPage.java:25)
at PageLayer.RegisterSuccessPage.getCurrentUrl1(RegisterSuccessPage.java:25)
at PageLayer.RegisterSuccessPage.getCurrentUrl1(RegisterSuccessPage.java:25)
at PageLayer.RegisterSuccessPage.getCurrentUrl1(RegisterSuccessPage.java:25)
at PageLayer.RegisterSuccessPage.getCurrentUrl1(RegisterSuccessPage.java:25)
at PageLayer.RegisterSuccessPage.getCurrentUrl1(RegisterSuccessPage.java:25)
at PageLayer.RegisterSuccessPage.getCurrentUrl1(RegisterSuccessPage.java:25)
at PageLayer.RegisterSuccessPage.getCurrentUrl1(RegisterSuccessPage.java:25)
at PageLayer.RegisterSuccessPage.getCurrentUrl1(RegisterSuccessPage.java:25)
at PageLayer.RegisterSuccessPage.getCurrentUrl1(RegisterSuccessPage.java:25)
at PageLayer.RegisterSuccessPage.getCurrentUrl1(RegisterSuccessPage.java:25)
at PageLayer.RegisterSuccessPage.getCurrentUrl1(RegisterSuccessPage.java:25)
at PageLayer.RegisterSuccessPage.getCurrentUrl1(RegisterSuccessPage.java:25)
at PageLayer.RegisterSuccessPage.getCurrentUrl1(RegisterSuccessPage.java:25)
at PageLayer.RegisterSuccessPage.getCurrentUrl1(RegisterSuccessPage.java:25)
at PageLayer.RegisterSuccessPage.getCurrentUrl1(RegisterSuccessPage.java:25)
at PageLayer.RegisterSuccessPage.getCurrentUrl1(RegisterSuccessPage.java:25)
at PageLayer.RegisterSuccessPage.getCurrentUrl1(RegisterSuccessPage.java:25)
at PageLayer.RegisterSuccessPage.getCurrentUrl1(RegisterSuccessPage.java:25)
at PageLayer.RegisterSuccessPage.getCurrentUrl1(RegisterSuccessPage.java:25)
at PageLayer.RegisterSuccessPage.getCurrentUrl1(RegisterSuccessPage.java:25)
at PageLayer.RegisterSuccessPage.getCurrentUrl1(RegisterSuccessPage.java:25)
at PageLayer.RegisterSuccessPage.getCurrentUrl1(RegisterSuccessPage.java:25)
at PageLayer.RegisterSuccessPage.getCurrentUrl1(RegisterSuccessPage.java:25)
at PageLayer.RegisterSuccessPage.getCurrentUrl1(RegisterSuccessPage.java:25)
at PageLayer.RegisterSuccessPage.getCurrentUrl1(RegisterSuccessPage.java:25)
at PageLayer.RegisterSuccessPage.getCurrentUrl1(RegisterSuccessPage.java:25)
at PageLayer.RegisterSuccessPage.getCurrentUrl1(RegisterSuccessPage.java:25)
at PageLayer.RegisterSuccessPage.getCurrentUrl1(RegisterSuccessPage.java:25)
at PageLayer.RegisterSuccessPage.getCurrentUrl1(RegisterSuccessPage.java:25)
at PageLayer.RegisterSuccessPage.getCurrentUrl1(RegisterSuccessPage.java:25)
at PageLayer.RegisterSuccessPage.getCurrentUrl1(RegisterSuccessPage.java:25)
at PageLayer.RegisterSuccessPage.getCurrentUrl1(RegisterSuccessPage.java:25)
at PageLayer.RegisterSuccessPage.getCurrentUrl1(RegisterSuccessPage.java:25)
at PageLayer.RegisterSuccessPage.getCurrentUrl1(RegisterSuccessPage.java:25)
at PageLayer.RegisterSuccessPage.getCurrentUrl1(RegisterSuccessPage.java:25)
at PageLayer.RegisterSuccessPage.getCurrentUrl1(RegisterSuccessPage.java:25)
at PageLayer.RegisterSuccessPage.getCurrentUrl1(RegisterSuccessPage.java:25)
at PageLayer.RegisterSuccessPage.getCurrentUrl1(RegisterSuccessPage.java:25)
at PageLayer.RegisterSuccessPage.getCurrentUrl1(RegisterSuccessPage.java:25)
at PageLayer.RegisterSuccessPage.getCurrentUrl1(RegisterSuccessPage.java:25)
at PageLayer.RegisterSuccessPage.getCurrentUrl1(RegisterSuccessPage.java:25)
at PageLayer.RegisterSuccessPage.getCurrentUrl1(RegisterSuccessPage.java:25)
at PageLayer.RegisterSuccessPage.getCurrentUrl1(RegisterSuccessPage.java:25)
at PageLayer.RegisterSuccessPage.getCurrentUrl1(RegisterSuccessPage.java:25)
at PageLayer.RegisterSuccessPage.getCurrentUrl1(RegisterSuccessPage.java:25)
at PageLayer.RegisterSuccessPage.getCurrentUrl1(RegisterSuccessPage.java:25)
at PageLayer.RegisterSuccessPage.getCurrentUrl1(RegisterSuccessPage.java:25)
at PageLayer.RegisterSuccessPage.getCurrentUrl1(RegisterSuccessPage.java:25)
at PageLayer.RegisterSuccessPage.getCurrentUrl1(RegisterSuccessPage.java:25)
at PageLayer.RegisterSuccessPage.getCurrentUrl1(RegisterSuccessPage.java:25)
at PageLayer.RegisterSuccessPage.getCurrentUrl1(RegisterSuccessPage.java:25)
at PageLayer.RegisterSuccessPage.getCurrentUrl1(RegisterSuccessPage.java:25)
at PageLayer.RegisterSuccessPage.getCurrentUrl1(RegisterSuccessPage.java:25)
at PageLayer.RegisterSuccessPage.getCurrentUrl1(RegisterSuccessPage.java:25)
at PageLayer.RegisterSuccessPage.getCurrentUrl1(RegisterSuccessPage.java:25)
at PageLayer.RegisterSuccessPage.getCurrentUrl1(RegisterSuccessPage.java:25)
at PageLayer.RegisterSuccessPage.getCurrentUrl1(RegisterSuccessPage.java:25)
at PageLayer.RegisterSuccessPage.getCurrentUrl1(RegisterSuccessPage.java:25)
at PageLayer.RegisterSuccessPage.getCurrentUrl1(RegisterSuccessPage.java:25)
at PageLayer.RegisterSuccessPage.getCurrentUrl1(RegisterSuccessPage.java:25)
at PageLayer.RegisterSuccessPage.getCurrentUrl1(RegisterSuccessPage.java:25)
at PageLayer.RegisterSuccessPage.getCurrentUrl1(RegisterSuccessPage.java:25)
at PageLayer.RegisterSuccessPage.getCurrentUrl1(RegisterSuccessPage.java:25)
at PageLayer.RegisterSuccessPage.getCurrentUrl1(RegisterSuccessPage.java:25)
at PageLayer.RegisterSuccessPage.getCurrentUrl1(RegisterSuccessPage.java:25)
at PageLayer.RegisterSuccessPage.getCurrentUrl1(RegisterSuccessPage.java:25)
at PageLayer.RegisterSuccessPage.getCurrentUrl1(RegisterSuccessPage.java:25)
at PageLayer.RegisterSuccessPage.getCurrentUrl1(RegisterSuccessPage.java:25)
at PageLayer.RegisterSuccessPage.getCurrentUrl1(RegisterSuccessPage.java:25)
at PageLayer.RegisterSuccessPage.getCurrentUrl1(RegisterSuccessPage.java:25)
at PageLayer.RegisterSuccessPage.getCurrentUrl1(RegisterSuccessPage.java:25)
at PageLayer.RegisterSuccessPage.getCurrentUrl1(RegisterSuccessPage.java:25)
at PageLayer.RegisterSuccessPage.getCurrentUrl1(RegisterSuccessPage.java:25)
at PageLayer.RegisterSuccessPage.getCurrentUrl1(RegisterSuccessPage.java:25)
at PageLayer.RegisterSuccessPage.getCurrentUrl1(RegisterSuccessPage.java:25)
at PageLayer.RegisterSuccessPage.getCurrentUrl1(RegisterSuccessPage.java:25)
at PageLayer.RegisterSuccessPage.getCurrentUrl1(RegisterSuccessPage.java:25)
at PageLayer.RegisterSuccessPage.getCurrentUrl1(RegisterSuccessPage.java:25)
at PageLayer.RegisterSuccessPage.getCurrentUrl1(RegisterSuccessPage.java:25)
at PageLayer.RegisterSuccessPage.getCurrentUrl1(RegisterSuccessPage.java:25)
at PageLayer.RegisterSuccessPage.getCurrentUrl1(RegisterSuccessPage.java:25)
at PageLayer.RegisterSuccessPage.getCurrentUrl1(RegisterSuccessPage.java:25)
at PageLayer.RegisterSuccessPage.getCurrentUrl1(RegisterSuccessPage.java:25)
at PageLayer.RegisterSuccessPage.getCurrentUrl1(RegisterSuccessPage.java:25)
at PageLayer.RegisterSuccessPage.getCurrentUrl1(RegisterSuccessPage.java:25)
at PageLayer.RegisterSuccessPage.getCurrentUrl1(RegisterSuccessPage.java:25)
at PageLayer.RegisterSuccessPage.getCurrentUrl1(RegisterSuccessPage.java:25)
at PageLayer.RegisterSuccessPage.getCurrentUrl1(RegisterSuccessPage.java:25)
at PageLayer.RegisterSuccessPage.getCurrentUrl1(RegisterSuccessPage.java:25)
at PageLayer.RegisterSuccessPage.getCurrentUrl1(RegisterSuccessPage.java:25)
at PageLayer.RegisterSuccessPage.getCurrentUrl1(RegisterSuccessPage.java:25)
at PageLayer.RegisterSuccessPage.getCurrentUrl1(RegisterSuccessPage.java:25)
at PageLayer.RegisterSuccessPage.getCurrentUrl1(RegisterSuccessPage.java:25)
at PageLayer.RegisterSuccessPage.getCurrentUrl1(RegisterSuccessPage.java:25)
at PageLayer.RegisterSuccessPage.getCurrentUrl1(RegisterSuccessPage.java:25)
at PageLayer.RegisterSuccessPage.getCurrentUrl1(RegisterSuccessPage.java:25)
at PageLayer.RegisterSuccessPage.getCurrentUrl1(RegisterSuccessPage.java:25)
at PageLayer.RegisterSuccessPage.getCurrentUrl1(RegisterSuccessPage.java:25)
at PageLayer.RegisterSuccessPage.getCurrentUrl1(RegisterSuccessPage.java:25)
at PageLayer.RegisterSuccessPage.getCurrentUrl1(RegisterSuccessPage.java:25)
at PageLayer.RegisterSuccessPage.getCurrentUrl1(RegisterSuccessPage.java:25)
at PageLayer.RegisterSuccessPage.getCurrentUrl1(RegisterSuccessPage.java:25)
at PageLayer.RegisterSuccessPage.getCurrentUrl1(RegisterSuccessPage.java:25)
at PageLayer.RegisterSuccessPage.getCurrentUrl1(RegisterSuccessPage.java:25)
at PageLayer.RegisterSuccessPage.getCurrentUrl1(RegisterSuccessPage.java:25)
at PageLayer.RegisterSuccessPage.getCurrentUrl1(RegisterSuccessPage.java:25)
at PageLayer.RegisterSuccessPage.getCurrentUrl1(RegisterSuccessPage.java:25)
at PageLayer.RegisterSuccessPage.getCurrentUrl1(RegisterSuccessPage.java:25)
at PageLayer.RegisterSuccessPage.getCurrentUrl1(RegisterSuccessPage.java:25)
at PageLayer.RegisterSuccessPage.getCurrentUrl1(RegisterSuccessPage.java:25)
at PageLayer.RegisterSuccessPage.getCurrentUrl1(RegisterSuccessPage.java:25)
at PageLayer.RegisterSuccessPage.getCurrentUrl1(RegisterSuccessPage.java:25)
at PageLayer.RegisterSuccessPage.getCurrentUrl1(RegisterSuccessPage.java:25)
at PageLayer.RegisterSuccessPage.getCurrentUrl1(RegisterSuccessPage.java:25)
at PageLayer.RegisterSuccessPage.getCurrentUrl1(RegisterSuccessPage.java:25)
at PageLayer.RegisterSuccessPage.getCurrentUrl1(RegisterSuccessPage.java:25)
at PageLayer.RegisterSuccessPage.getCurrentUrl1(RegisterSuccessPage.java:25)
at PageLayer.RegisterSuccessPage.getCurrentUrl1(RegisterSuccessPage.java:25)
at PageLayer.RegisterSuccessPage.getCurrentUrl1(RegisterSuccessPage.java:25)
at PageLayer.RegisterSuccessPage.getCurrentUrl1(RegisterSuccessPage.java:25)
at PageLayer.RegisterSuccessPage.getCurrentUrl1(RegisterSuccessPage.java:25)
at PageLayer.RegisterSuccessPage.getCurrentUrl1(RegisterSuccessPage.java:25)
at PageLayer.RegisterSuccessPage.getCurrentUrl1(RegisterSuccessPage.java:25)
at PageLayer.RegisterSuccessPage.getCurrentUrl1(RegisterSuccessPage.java:25)
at PageLayer.RegisterSuccessPage.getCurrentUrl1(RegisterSuccessPage.java:25)
at PageLayer.RegisterSuccessPage.getCurrentUrl1(RegisterSuccessPage.java:25)
at PageLayer.RegisterSuccessPage.getCurrentUrl1(RegisterSuccessPage.java:25)
at PageLayer.RegisterSuccessPage.getCurrentUrl1(RegisterSuccessPage.java:25)
at PageLayer.RegisterSuccessPage.getCurrentUrl1(RegisterSuccessPage.java:25)
at PageLayer.RegisterSuccessPage.getCurrentUrl1(RegisterSuccessPage.java:25)
at PageLayer.RegisterSuccessPage.getCurrentUrl1(RegisterSuccessPage.java:25)
at PageLayer.RegisterSuccessPage.getCurrentUrl1(RegisterSuccessPage.java:25)
at PageLayer.RegisterSuccessPage.getCurrentUrl1(RegisterSuccessPage.java:25)
at PageLayer.RegisterSuccessPage.getCurrentUrl1(RegisterSuccessPage.java:25)
at PageLayer.RegisterSuccessPage.getCurrentUrl1(RegisterSuccessPage.java:25)
at PageLayer.RegisterSuccessPage.getCurrentUrl1(RegisterSuccessPage.java:25)
at PageLayer.RegisterSuccessPage.getCurrentUrl1(RegisterSuccessPage.java:25)
at PageLayer.RegisterSuccessPage.getCurrentUrl1(RegisterSuccessPage.java:25)
at PageLayer.RegisterSuccessPage.getCurrentUrl1(RegisterSuccessPage.java:25)
at PageLayer.RegisterSuccessPage.getCurrentUrl1(RegisterSuccessPage.java:25)
at PageLayer.RegisterSuccessPage.getCurrentUrl1(RegisterSuccessPage.java:25)
at PageLayer.RegisterSuccessPage.getCurrentUrl1(RegisterSuccessPage.java:25)
at PageLayer.RegisterSuccessPage.getCurrentUrl1(RegisterSuccessPage.java:25)
at PageLayer.RegisterSuccessPage.getCurrentUrl1(RegisterSuccessPage.java:25)
at PageLayer.RegisterSuccessPage.getCurrentUrl1(RegisterSuccessPage.java:25)
at PageLayer.RegisterSuccessPage.getCurrentUrl1(RegisterSuccessPage.java:25)
at PageLayer.RegisterSuccessPage.getCurrentUrl1(RegisterSuccessPage.java:25)
at PageLayer.RegisterSuccessPage.getCurrentUrl1(RegisterSuccessPage.java:25)
at PageLayer.RegisterSuccessPage.getCurrentUrl1(RegisterSuccessPage.java:25)
at PageLayer.RegisterSuccessPage.getCurrentUrl1(RegisterSuccessPage.java:25)
at PageLayer.RegisterSuccessPage.getCurrentUrl1(RegisterSuccessPage.java:25)
at PageLayer.RegisterSuccessPage.getCurrentUrl1(RegisterSuccessPage.java:25)
at PageLayer.RegisterSuccessPage.getCurrentUrl1(RegisterSuccessPage.java:25)
at PageLayer.RegisterSuccessPage.getCurrentUrl1(RegisterSuccessPage.java:25)
at PageLayer.RegisterSuccessPage.getCurrentUrl1(RegisterSuccessPage.java:25)
at PageLayer.RegisterSuccessPage.getCurrentUrl1(RegisterSuccessPage.java:25)
at PageLayer.RegisterSuccessPage.getCurrentUrl1(RegisterSuccessPage.java:25)
at PageLayer.RegisterSuccessPage.getCurrentUrl1(RegisterSuccessPage.java:25)
at PageLayer.RegisterSuccessPage.getCurrentUrl1(RegisterSuccessPage.java:25)
at PageLayer.RegisterSuccessPage.getCurrentUrl1(RegisterSuccessPage.java:25)
at PageLayer.RegisterSuccessPage.getCurrentUrl1(RegisterSuccessPage.java:25)
at PageLayer.RegisterSuccessPage.getCurrentUrl1(RegisterSuccessPage.java:25)
at PageLayer.RegisterSuccessPage.getCurrentUrl1(RegisterSuccessPage.java:25)
at PageLayer.RegisterSuccessPage.getCurrentUrl1(RegisterSuccessPage.java:25)
at PageLayer.RegisterSuccessPage.getCurrentUrl1(RegisterSuccessPage.java:25)
at PageLayer.RegisterSuccessPage.getCurrentUrl1(RegisterSuccessPage.java:25)
at PageLayer.RegisterSuccessPage.getCurrentUrl1(RegisterSuccessPage.java:25)
at PageLayer.RegisterSuccessPage.getCurrentUrl1(RegisterSuccessPage.java:25)
at PageLayer.RegisterSuccessPage.getCurrentUrl1(RegisterSuccessPage.java:25)
at PageLayer.RegisterSuccessPage.getCurrentUrl1(RegisterSuccessPage.java:25)
at PageLayer.RegisterSuccessPage.getCurrentUrl1(RegisterSuccessPage.java:25)
at PageLayer.RegisterSuccessPage.getCurrentUrl1(RegisterSuccessPage.java:25)
at PageLayer.RegisterSuccessPage.getCurrentUrl1(RegisterSuccessPage.java:25)
at PageLayer.RegisterSuccessPage.getCurrentUrl1(RegisterSuccessPage.java:25)
at PageLayer.RegisterSuccessPage.getCurrentUrl1(RegisterSuccessPage.java:25)
at PageLayer.RegisterSuccessPage.getCurrentUrl1(RegisterSuccessPage.java:25)
at PageLayer.RegisterSuccessPage.getCurrentUrl1(RegisterSuccessPage.java:25)
at PageLayer.RegisterSuccessPage.getCurrentUrl1(RegisterSuccessPage.java:25)
at PageLayer.RegisterSuccessPage.getCurrentUrl1(RegisterSuccessPage.java:25)
at PageLayer.RegisterSuccessPage.getCurrentUrl1(RegisterSuccessPage.java:25)
at PageLayer.RegisterSuccessPage.getCurrentUrl1(RegisterSuccessPage.java:25)
at PageLayer.RegisterSuccessPage.getCurrentUrl1(RegisterSuccessPage.java:25)
at PageLayer.RegisterSuccessPage.getCurrentUrl1(RegisterSuccessPage.java:25)
at PageLayer.RegisterSuccessPage.getCurrentUrl1(RegisterSuccessPage.java:25)
at PageLayer.RegisterSuccessPage.getCurrentUrl1(RegisterSuccessPage.java:25)
at PageLayer.RegisterSuccessPage.getCurrentUrl1(RegisterSuccessPage.java:25)
at PageLayer.RegisterSuccessPage.getCurrentUrl1(RegisterSuccessPage.java:25)
at PageLayer.RegisterSuccessPage.getCurrentUrl1(RegisterSuccessPage.java:25)
at PageLayer.RegisterSuccessPage.getCurrentUrl1(RegisterSuccessPage.java:25)
at PageLayer.RegisterSuccessPage.getCurrentUrl1(RegisterSuccessPage.java:25)
at PageLayer.RegisterSuccessPage.getCurrentUrl1(RegisterSuccessPage.java:25)
at PageLayer.RegisterSuccessPage.getCurrentUrl1(RegisterSuccessPage.java:25)
at PageLayer.RegisterSuccessPage.getCurrentUrl1(RegisterSuccessPage.java:25)
at PageLayer.RegisterSuccessPage.getCurrentUrl1(RegisterSuccessPage.java:25)
at PageLayer.RegisterSuccessPage.getCurrentUrl1(RegisterSuccessPage.java:25)
at PageLayer.RegisterSuccessPage.getCurrentUrl1(RegisterSuccessPage.java:25)
at PageLayer.RegisterSuccessPage.getCurrentUrl1(RegisterSuccessPage.java:25)
at PageLayer.RegisterSuccessPage.getCurrentUrl1(RegisterSuccessPage.java:25)
at PageLayer.RegisterSuccessPage.getCurrentUrl1(RegisterSuccessPage.java:25)
at PageLayer.RegisterSuccessPage.getCurrentUrl1(RegisterSuccessPage.java:25)
at PageLayer.RegisterSuccessPage.getCurrentUrl1(RegisterSuccessPage.java:25)
at PageLayer.RegisterSuccessPage.getCurrentUrl1(RegisterSuccessPage.java:25)
at PageLayer.RegisterSuccessPage.getCurrentUrl1(RegisterSuccessPage.java:25)
at PageLayer.RegisterSuccessPage.getCurrentUrl1(RegisterSuccessPage.java:25)
at PageLayer.RegisterSuccessPage.getCurrentUrl1(RegisterSuccessPage.java:25)
at PageLayer.RegisterSuccessPage.getCurrentUrl1(RegisterSuccessPage.java:25)
at PageLayer.RegisterSuccessPage.getCurrentUrl1(RegisterSuccessPage.java:25)
at PageLayer.RegisterSuccessPage.getCurrentUrl1(RegisterSuccessPage.java:25)
at PageLayer.RegisterSuccessPage.getCurrentUrl1(RegisterSuccessPage.java:25)
at PageLayer.RegisterSuccessPage.getCurrentUrl1(RegisterSuccessPage.java:25)
at PageLayer.RegisterSuccessPage.getCurrentUrl1(RegisterSuccessPage.java:25)
at PageLayer.RegisterSuccessPage.getCurrentUrl1(RegisterSuccessPage.java:25)
at PageLayer.RegisterSuccessPage.getCurrentUrl1(RegisterSuccessPage.java:25)
at PageLayer.RegisterSuccessPage.getCurrentUrl1(RegisterSuccessPage.java:25)
at PageLayer.RegisterSuccessPage.getCurrentUrl1(RegisterSuccessPage.java:25)
at PageLayer.RegisterSuccessPage.getCurrentUrl1(RegisterSuccessPage.java:25)
at PageLayer.RegisterSuccessPage.getCurrentUrl1(RegisterSuccessPage.java:25)
at PageLayer.RegisterSuccessPage.getCurrentUrl1(RegisterSuccessPage.java:25)
at PageLayer.RegisterSuccessPage.getCurrentUrl1(RegisterSuccessPage.java:25)
at PageLayer.RegisterSuccessPage.getCurrentUrl1(RegisterSuccessPage.java:25)
at PageLayer.RegisterSuccessPage.getCurrentUrl1(RegisterSuccessPage.java:25)
at PageLayer.RegisterSuccessPage.getCurrentUrl1(RegisterSuccessPage.java:25)
at PageLayer.RegisterSuccessPage.getCurrentUrl1(RegisterSuccessPage.java:25)
at PageLayer.RegisterSuccessPage.getCurrentUrl1(RegisterSuccessPage.java:25)
at PageLayer.RegisterSuccessPage.getCurrentUrl1(RegisterSuccessPage.java:25)
at PageLayer.RegisterSuccessPage.getCurrentUrl1(RegisterSuccessPage.java:25)
at PageLayer.RegisterSuccessPage.getCurrentUrl1(RegisterSuccessPage.java:25)
at PageLayer.RegisterSuccessPage.getCurrentUrl1(RegisterSuccessPage.java:25)
at PageLayer.RegisterSuccessPage.getCurrentUrl1(RegisterSuccessPage.java:25)
at PageLayer.RegisterSuccessPage.getCurrentUrl1(RegisterSuccessPage.java:25)
at PageLayer.RegisterSuccessPage.getCurrentUrl1(RegisterSuccessPage.java:25)
at PageLayer.RegisterSuccessPage.getCurrentUrl1(RegisterSuccessPage.java:25)
at PageLayer.RegisterSuccessPage.getCurrentUrl1(RegisterSuccessPage.java:25)
at PageLayer.RegisterSuccessPage.getCurrentUrl1(RegisterSuccessPage.java:25)
at PageLayer.RegisterSuccessPage.getCurrentUrl1(RegisterSuccessPage.java:25)
at PageLayer.RegisterSuccessPage.getCurrentUrl1(RegisterSuccessPage.java:25)
at PageLayer.RegisterSuccessPage.getCurrentUrl1(RegisterSuccessPage.java:25)
at PageLayer.RegisterSuccessPage.getCurrentUrl1(RegisterSuccessPage.java:25)
at PageLayer.RegisterSuccessPage.getCurrentUrl1(RegisterSuccessPage.java:25)
at PageLayer.RegisterSuccessPage.getCurrentUrl1(RegisterSuccessPage.java:25)
at PageLayer.RegisterSuccessPage.getCurrentUrl1(RegisterSuccessPage.java:25)
at PageLayer.RegisterSuccessPage.getCurrentUrl1(RegisterSuccessPage.java:25)
at PageLayer.RegisterSuccessPage.getCurrentUrl1(RegisterSuccessPage.java:25)
at PageLayer.RegisterSuccessPage.getCurrentUrl1(RegisterSuccessPage.java:25)
at PageLayer.RegisterSuccessPage.getCurrentUrl1(RegisterSuccessPage.java:25)
at PageLayer.RegisterSuccessPage.getCurrentUrl1(RegisterSuccessPage.java:25)
at PageLayer.RegisterSuccessPage.getCurrentUrl1(RegisterSuccessPage.java:25)
at PageLayer.RegisterSuccessPage.getCurrentUrl1(RegisterSuccessPage.java:25)
at PageLayer.RegisterSuccessPage.getCurrentUrl1(RegisterSuccessPage.java:25)
at PageLayer.RegisterSuccessPage.getCurrentUrl1(RegisterSuccessPage.java:25)
at PageLayer.RegisterSuccessPage.getCurrentUrl1(RegisterSuccessPage.java:25)
at PageLayer.RegisterSuccessPage.getCurrentUrl1(RegisterSuccessPage.java:25)
at PageLayer.RegisterSuccessPage.getCurrentUrl1(RegisterSuccessPage.java:25)
at PageLayer.RegisterSuccessPage.getCurrentUrl1(RegisterSuccessPage.java:25)
at PageLayer.RegisterSuccessPage.getCurrentUrl1(RegisterSuccessPage.java:25)
at PageLayer.RegisterSuccessPage.getCurrentUrl1(RegisterSuccessPage.java:25)
at PageLayer.RegisterSuccessPage.getCurrentUrl1(RegisterSuccessPage.java:25)
at PageLayer.RegisterSuccessPage.getCurrentUrl1(RegisterSuccessPage.java:25)
at PageLayer.RegisterSuccessPage.getCurrentUrl1(RegisterSuccessPage.java:25)
at PageLayer.RegisterSuccessPage.getCurrentUrl1(RegisterSuccessPage.java:25)
at PageLayer.RegisterSuccessPage.getCurrentUrl1(RegisterSuccessPage.java:25)
at PageLayer.RegisterSuccessPage.getCurrentUrl1(RegisterSuccessPage.java:25)
at PageLayer.RegisterSuccessPage.getCurrentUrl1(RegisterSuccessPage.java:25)
at PageLayer.RegisterSuccessPage.getCurrentUrl1(RegisterSuccessPage.java:25)
at PageLayer.RegisterSuccessPage.getCurrentUrl1(RegisterSuccessPage.java:25)
at PageLayer.RegisterSuccessPage.getCurrentUrl1(RegisterSuccessPage.java:25)
at PageLayer.RegisterSuccessPage.getCurrentUrl1(RegisterSuccessPage.java:25)
at PageLayer.RegisterSuccessPage.getCurrentUrl1(RegisterSuccessPage.java:25)
at PageLayer.RegisterSuccessPage.getCurrentUrl1(RegisterSuccessPage.java:25)
at PageLayer.RegisterSuccessPage.getCurrentUrl1(RegisterSuccessPage.java:25)
at PageLayer.RegisterSuccessPage.getCurrentUrl1(RegisterSuccessPage.java:25)
at PageLayer.RegisterSuccessPage.getCurrentUrl1(RegisterSuccessPage.java:25)
at PageLayer.RegisterSuccessPage.getCurrentUrl1(RegisterSuccessPage.java:25)
at PageLayer.RegisterSuccessPage.getCurrentUrl1(RegisterSuccessPage.java:25)
at PageLayer.RegisterSuccessPage.getCurrentUrl1(RegisterSuccessPage.java:25)
at PageLayer.RegisterSuccessPage.getCurrentUrl1(RegisterSuccessPage.java:25)
at PageLayer.RegisterSuccessPage.getCurrentUrl1(RegisterSuccessPage.java:25)
at PageLayer.RegisterSuccessPage.getCurrentUrl1(RegisterSuccessPage.java:25)
at PageLayer.RegisterSuccessPage.getCurrentUrl1(RegisterSuccessPage.java:25)
at PageLayer.RegisterSuccessPage.getCurrentUrl1(RegisterSuccessPage.java:25)
at PageLayer.RegisterSuccessPage.getCurrentUrl1(RegisterSuccessPage.java:25)
at PageLayer.RegisterSuccessPage.getCurrentUrl1(RegisterSuccessPage.java:25)
at PageLayer.RegisterSuccessPage.getCurrentUrl1(RegisterSuccessPage.java:25)
at PageLayer.RegisterSuccessPage.getCurrentUrl1(RegisterSuccessPage.java:25)
at PageLayer.RegisterSuccessPage.getCurrentUrl1(RegisterSuccessPage.java:25)
at PageLayer.RegisterSuccessPage.getCurrentUrl1(RegisterSuccessPage.java:25)
at PageLayer.RegisterSuccessPage.getCurrentUrl1(RegisterSuccessPage.java:25)
at PageLayer.RegisterSuccessPage.getCurrentUrl1(RegisterSuccessPage.java:25)
at PageLayer.RegisterSuccessPage.getCurrentUrl1(RegisterSuccessPage.java:25)
at PageLayer.RegisterSuccessPage.getCurrentUrl1(RegisterSuccessPage.java:25)
at PageLayer.RegisterSuccessPage.getCurrentUrl1(RegisterSuccessPage.java:25)
at PageLayer.RegisterSuccessPage.getCurrentUrl1(RegisterSuccessPage.java:25)
at PageLayer.RegisterSuccessPage.getCurrentUrl1(RegisterSuccessPage.java:25)
at PageLayer.RegisterSuccessPage.getCurrentUrl1(RegisterSuccessPage.java:25)
at PageLayer.RegisterSuccessPage.getCurrentUrl1(RegisterSuccessPage.java:25)
at PageLayer.RegisterSuccessPage.getCurrentUrl1(RegisterSuccessPage.java:25)
at PageLayer.RegisterSuccessPage.getCurrentUrl1(RegisterSuccessPage.java:25)
at PageLayer.RegisterSuccessPage.getCurrentUrl1(RegisterSuccessPage.java:25)
at PageLayer.RegisterSuccessPage.getCurrentUrl1(RegisterSuccessPage.java:25)
at PageLayer.RegisterSuccessPage.getCurrentUrl1(RegisterSuccessPage.java:25)
at PageLayer.RegisterSuccessPage.getCurrentUrl1(RegisterSuccessPage.java:25)
at PageLayer.RegisterSuccessPage.getCurrentUrl1(RegisterSuccessPage.java:25)
at PageLayer.RegisterSuccessPage.getCurrentUrl1(RegisterSuccessPage.java:25)
at PageLayer.RegisterSuccessPage.getCurrentUrl1(RegisterSuccessPage.java:25)
at PageLayer.RegisterSuccessPage.getCurrentUrl1(RegisterSuccessPage.java:25)
at PageLayer.RegisterSuccessPage.getCurrentUrl1(RegisterSuccessPage.java:25)
at PageLayer.RegisterSuccessPage.getCurrentUrl1(RegisterSuccessPage.java:25)
at PageLayer.RegisterSuccessPage.getCurrentUrl1(RegisterSuccessPage.java:25)
at PageLayer.RegisterSuccessPage.getCurrentUrl1(RegisterSuccessPage.java:25)
at PageLayer.RegisterSuccessPage.getCurrentUrl1(RegisterSuccessPage.java:25)
at PageLayer.RegisterSuccessPage.getCurrentUrl1(RegisterSuccessPage.java:25)
at PageLayer.RegisterSuccessPage.getCurrentUrl1(RegisterSuccessPage.java:25)
at PageLayer.RegisterSuccessPage.getCurrentUrl1(RegisterSuccessPage.java:25)
at PageLayer.RegisterSuccessPage.getCurrentUrl1(RegisterSuccessPage.java:25)
at PageLayer.RegisterSuccessPage.getCurrentUrl1(RegisterSuccessPage.java:25)
at PageLayer.RegisterSuccessPage.getCurrentUrl1(RegisterSuccessPage.java:25)
at PageLayer.RegisterSuccessPage.getCurrentUrl1(RegisterSuccessPage.java:25)
at PageLayer.RegisterSuccessPage.getCurrentUrl1(RegisterSuccessPage.java:25)
at PageLayer.RegisterSuccessPage.getCurrentUrl1(RegisterSuccessPage.java:25)
at PageLayer.RegisterSuccessPage.getCurrentUrl1(RegisterSuccessPage.java:25)
at PageLayer.RegisterSuccessPage.getCurrentUrl1(RegisterSuccessPage.java:25)
at PageLayer.RegisterSuccessPage.getCurrentUrl1(RegisterSuccessPage.java:25)
at PageLayer.RegisterSuccessPage.getCurrentUrl1(RegisterSuccessPage.java:25)
at PageLayer.RegisterSuccessPage.getCurrentUrl1(RegisterSuccessPage.java:25)
at PageLayer.RegisterSuccessPage.getCurrentUrl1(RegisterSuccessPage.java:25)
at PageLayer.RegisterSuccessPage.getCurrentUrl1(RegisterSuccessPage.java:25)
at PageLayer.RegisterSuccessPage.getCurrentUrl1(RegisterSuccessPage.java:25)
at PageLayer.RegisterSuccessPage.getCurrentUrl1(RegisterSuccessPage.java:25)
at PageLayer.RegisterSuccessPage.getCurrentUrl1(RegisterSuccessPage.java:25)
at PageLayer.RegisterSuccessPage.getCurrentUrl1(RegisterSuccessPage.java:25)
at PageLayer.RegisterSuccessPage.getCurrentUrl1(RegisterSuccessPage.java:25)
at PageLayer.RegisterSuccessPage.getCurrentUrl1(RegisterSuccessPage.java:25)
at PageLayer.RegisterSuccessPage.getCurrentUrl1(RegisterSuccessPage.java:25)
at PageLayer.RegisterSuccessPage.getCurrentUrl1(RegisterSuccessPage.java:25)
at PageLayer.RegisterSuccessPage.getCurrentUrl1(RegisterSuccessPage.java:25)
at PageLayer.RegisterSuccessPage.getCurrentUrl1(RegisterSuccessPage.java:25)
at PageLayer.RegisterSuccessPage.getCurrentUrl1(RegisterSuccessPage.java:25)
at PageLayer.RegisterSuccessPage.getCurrentUrl1(RegisterSuccessPage.java:25)
at PageLayer.RegisterSuccessPage.getCurrentUrl1(RegisterSuccessPage.java:25)
at PageLayer.RegisterSuccessPage.getCurrentUrl1(RegisterSuccessPage.java:25)
at PageLayer.RegisterSuccessPage.getCurrentUrl1(RegisterSuccessPage.java:25)
at PageLayer.RegisterSuccessPage.getCurrentUrl1(RegisterSuccessPage.java:25)
at PageLayer.RegisterSuccessPage.getCurrentUrl1(RegisterSuccessPage.java:25)
at PageLayer.RegisterSuccessPage.getCurrentUrl1(RegisterSuccessPage.java:25)
at PageLayer.RegisterSuccessPage.getCurrentUrl1(RegisterSuccessPage.java:25)
at PageLayer.RegisterSuccessPage.getCurrentUrl1(RegisterSuccessPage.java:25)
at PageLayer.RegisterSuccessPage.getCurrentUrl1(RegisterSuccessPage.java:25)
at PageLayer.RegisterSuccessPage.getCurrentUrl1(RegisterSuccessPage.java:25)
at PageLayer.RegisterSuccessPage.getCurrentUrl1(RegisterSuccessPage.java:25)
at PageLayer.RegisterSuccessPage.getCurrentUrl1(RegisterSuccessPage.java:25)
at PageLayer.RegisterSuccessPage.getCurrentUrl1(RegisterSuccessPage.java:25)
at PageLayer.RegisterSuccessPage.getCurrentUrl1(RegisterSuccessPage.java:25)
at PageLayer.RegisterSuccessPage.getCurrentUrl1(RegisterSuccessPage.java:25)
at PageLayer.RegisterSuccessPage.getCurrentUrl1(RegisterSuccessPage.java:25)
at PageLayer.RegisterSuccessPage.getCurrentUrl1(RegisterSuccessPage.java:25)
at PageLayer.RegisterSuccessPage.getCurrentUrl1(RegisterSuccessPage.java:25)
at PageLayer.RegisterSuccessPage.getCurrentUrl1(RegisterSuccessPage.java:25)
at PageLayer.RegisterSuccessPage.getCurrentUrl1(RegisterSuccessPage.java:25)
at PageLayer.RegisterSuccessPage.getCurrentUrl1(RegisterSuccessPage.java:25)
at PageLayer.RegisterSuccessPage.getCurrentUrl1(RegisterSuccessPage.java:25)
at PageLayer.RegisterSuccessPage.getCurrentUrl1(RegisterSuccessPage.java:25)
at PageLayer.RegisterSuccessPage.getCurrentUrl1(RegisterSuccessPage.java:25)
at PageLayer.RegisterSuccessPage.getCurrentUrl1(RegisterSuccessPage.java:25)
at PageLayer.RegisterSuccessPage.getCurrentUrl1(RegisterSuccessPage.java:25)
at PageLayer.RegisterSuccessPage.getCurrentUrl1(RegisterSuccessPage.java:25)
at PageLayer.RegisterSuccessPage.getCurrentUrl1(RegisterSuccessPage.java:25)
at PageLayer.RegisterSuccessPage.getCurrentUrl1(RegisterSuccessPage.java:25)
at PageLayer.RegisterSuccessPage.getCurrentUrl1(RegisterSuccessPage.java:25)
at PageLayer.RegisterSuccessPage.getCurrentUrl1(RegisterSuccessPage.java:25)
at PageLayer.RegisterSuccessPage.getCurrentUrl1(RegisterSuccessPage.java:25)
at PageLayer.RegisterSuccessPage.getCurrentUrl1(RegisterSuccessPage.java:25)
at PageLayer.RegisterSuccessPage.getCurrentUrl1(RegisterSuccessPage.java:25)
at PageLayer.RegisterSuccessPage.getCurrentUrl1(RegisterSuccessPage.java:25)
at PageLayer.RegisterSuccessPage.getCurrentUrl1(RegisterSuccessPage.java:25)
at PageLayer.RegisterSuccessPage.getCurrentUrl1(RegisterSuccessPage.java:25)
at PageLayer.RegisterSuccessPage.getCurrentUrl1(RegisterSuccessPage.java:25)
at PageLayer.RegisterSuccessPage.getCurrentUrl1(RegisterSuccessPage.java:25)
at PageLayer.RegisterSuccessPage.getCurrentUrl1(RegisterSuccessPage.java:25)
at PageLayer.RegisterSuccessPage.getCurrentUrl1(RegisterSuccessPage.java:25)
at PageLayer.RegisterSuccessPage.getCurrentUrl1(RegisterSuccessPage.java:25)
at PageLayer.RegisterSuccessPage.getCurrentUrl1(RegisterSuccessPage.java:25)
at PageLayer.RegisterSuccessPage.getCurrentUrl1(RegisterSuccessPage.java:25)
at PageLayer.RegisterSuccessPage.getCurrentUrl1(RegisterSuccessPage.java:25)
at PageLayer.RegisterSuccessPage.getCurrentUrl1(RegisterSuccessPage.java:25)
at PageLayer.RegisterSuccessPage.getCurrentUrl1(RegisterSuccessPage.java:25)
at PageLayer.RegisterSuccessPage.getCurrentUrl1(RegisterSuccessPage.java:25)
at PageLayer.RegisterSuccessPage.getCurrentUrl1(RegisterSuccessPage.java:25)
at PageLayer.RegisterSuccessPage.getCurrentUrl1(RegisterSuccessPage.java:25)
at PageLayer.RegisterSuccessPage.getCurrentUrl1(RegisterSuccessPage.java:25)
at PageLayer.RegisterSuccessPage.getCurrentUrl1(RegisterSuccessPage.java:25)
at PageLayer.RegisterSuccessPage.getCurrentUrl1(RegisterSuccessPage.java:25)
at PageLayer.RegisterSuccessPage.getCurrentUrl1(RegisterSuccessPage.java:25)
at PageLayer.RegisterSuccessPage.getCurrentUrl1(RegisterSuccessPage.java:25)
at PageLayer.RegisterSuccessPage.getCurrentUrl1(RegisterSuccessPage.java:25)
at PageLayer.RegisterSuccessPage.getCurrentUrl1(RegisterSuccessPage.java:25)
at PageLayer.RegisterSuccessPage.getCurrentUrl1(RegisterSuccessPage.java:25)
at PageLayer.RegisterSuccessPage.getCurrentUrl1(RegisterSuccessPage.java:25)
at PageLayer.RegisterSuccessPage.getCurrentUrl1(RegisterSuccessPage.java:25)
at PageLayer.RegisterSuccessPage.getCurrentUrl1(RegisterSuccessPage.java:25)
at PageLayer.RegisterSuccessPage.getCurrentUrl1(RegisterSuccessPage.java:25)
at PageLayer.RegisterSuccessPage.getCurrentUrl1(RegisterSuccessPage.java:25)
at PageLayer.RegisterSuccessPage.getCurrentUrl1(RegisterSuccessPage.java:25)
at PageLayer.RegisterSuccessPage.getCurrentUrl1(RegisterSuccessPage.java:25)
at PageLayer.RegisterSuccessPage.getCurrentUrl1(RegisterSuccessPage.java:25)
at PageLayer.RegisterSuccessPage.getCurrentUrl1(RegisterSuccessPage.java:25)
at PageLayer.RegisterSuccessPage.getCurrentUrl1(RegisterSuccessPage.java:25)
at PageLayer.RegisterSuccessPage.getCurrentUrl1(RegisterSuccessPage.java:25)
at PageLayer.RegisterSuccessPage.getCurrentUrl1(RegisterSuccessPage.java:25)
at PageLayer.RegisterSuccessPage.getCurrentUrl1(RegisterSuccessPage.java:25)
at PageLayer.RegisterSuccessPage.getCurrentUrl1(RegisterSuccessPage.java:25)
at PageLayer.RegisterSuccessPage.getCurrentUrl1(RegisterSuccessPage.java:25)
at PageLayer.RegisterSuccessPage.getCurrentUrl1(RegisterSuccessPage.java:25)
at PageLayer.RegisterSuccessPage.getCurrentUrl1(RegisterSuccessPage.java:25)
at PageLayer.RegisterSuccessPage.getCurrentUrl1(RegisterSuccessPage.java:25)
at PageLayer.RegisterSuccessPage.getCurrentUrl1(RegisterSuccessPage.java:25)
at PageLayer.RegisterSuccessPage.getCurrentUrl1(RegisterSuccessPage.java:25)
at PageLayer.RegisterSuccessPage.getCurrentUrl1(RegisterSuccessPage.java:25)
at PageLayer.RegisterSuccessPage.getCurrentUrl1(RegisterSuccessPage.java:25)
at PageLayer.RegisterSuccessPage.getCurrentUrl1(RegisterSuccessPage.java:25)
at PageLayer.RegisterSuccessPage.getCurrentUrl1(RegisterSuccessPage.java:25)
at PageLayer.RegisterSuccessPage.getCurrentUrl1(RegisterSuccessPage.java:25)
at PageLayer.RegisterSuccessPage.getCurrentUrl1(RegisterSuccessPage.java:25)
at PageLayer.RegisterSuccessPage.getCurrentUrl1(RegisterSuccessPage.java:25)
at PageLayer.RegisterSuccessPage.getCurrentUrl1(RegisterSuccessPage.java:25)
at PageLayer.RegisterSuccessPage.getCurrentUrl1(RegisterSuccessPage.java:25)
at PageLayer.RegisterSuccessPage.getCurrentUrl1(RegisterSuccessPage.java:25)
at PageLayer.RegisterSuccessPage.getCurrentUrl1(RegisterSuccessPage.java:25)
at PageLayer.RegisterSuccessPage.getCurrentUrl1(RegisterSuccessPage.java:25)
at PageLayer.RegisterSuccessPage.getCurrentUrl1(RegisterSuccessPage.java:25)
at PageLayer.RegisterSuccessPage.getCurrentUrl1(RegisterSuccessPage.java:25)
at PageLayer.RegisterSuccessPage.getCurrentUrl1(RegisterSuccessPage.java:25)
at PageLayer.RegisterSuccessPage.getCurrentUrl1(RegisterSuccessPage.java:25)
at PageLayer.RegisterSuccessPage.getCurrentUrl1(RegisterSuccessPage.java:25)
at PageLayer.RegisterSuccessPage.getCurrentUrl1(RegisterSuccessPage.java:25)
at PageLayer.RegisterSuccessPage.getCurrentUrl1(RegisterSuccessPage.java:25)
at PageLayer.RegisterSuccessPage.getCurrentUrl1(RegisterSuccessPage.java:25)
at PageLayer.RegisterSuccessPage.getCurrentUrl1(RegisterSuccessPage.java:25)
at PageLayer.RegisterSuccessPage.getCurrentUrl1(RegisterSuccessPage.java:25)
at PageLayer.RegisterSuccessPage.getCurrentUrl1(RegisterSuccessPage.java:25)
at PageLayer.RegisterSuccessPage.getCurrentUrl1(RegisterSuccessPage.java:25)
at PageLayer.RegisterSuccessPage.getCurrentUrl1(RegisterSuccessPage.java:25)
at PageLayer.RegisterSuccessPage.getCurrentUrl1(RegisterSuccessPage.java:25)
at PageLayer.RegisterSuccessPage.getCurrentUrl1(RegisterSuccessPage.java:25)
at PageLayer.RegisterSuccessPage.getCurrentUrl1(RegisterSuccessPage.java:25)
at PageLayer.RegisterSuccessPage.getCurrentUrl1(RegisterSuccessPage.java:25)
at PageLayer.RegisterSuccessPage.getCurrentUrl1(RegisterSuccessPage.java:25)
at PageLayer.RegisterSuccessPage.getCurrentUrl1(RegisterSuccessPage.java:25)
at PageLayer.RegisterSuccessPage.getCurrentUrl1(RegisterSuccessPage.java:25)
at PageLayer.RegisterSuccessPage.getCurrentUrl1(RegisterSuccessPage.java:25)
at PageLayer.RegisterSuccessPage.getCurrentUrl1(RegisterSuccessPage.java:25)
at PageLayer.RegisterSuccessPage.getCurrentUrl1(RegisterSuccessPage.java:25)
at PageLayer.RegisterSuccessPage.getCurrentUrl1(RegisterSuccessPage.java:25)
at PageLayer.RegisterSuccessPage.getCurrentUrl1(RegisterSuccessPage.java:25)
at PageLayer.RegisterSuccessPage.getCurrentUrl1(RegisterSuccessPage.java:25)
at PageLayer.RegisterSuccessPage.getCurrentUrl1(RegisterSuccessPage.java:25)
at PageLayer.RegisterSuccessPage.getCurrentUrl1(RegisterSuccessPage.java:25)
at PageLayer.RegisterSuccessPage.getCurrentUrl1(RegisterSuccessPage.java:25)
at PageLayer.RegisterSuccessPage.getCurrentUrl1(RegisterSuccessPage.java:25)
at PageLayer.RegisterSuccessPage.getCurrentUrl1(RegisterSuccessPage.java:25)
at PageLayer.RegisterSuccessPage.getCurrentUrl1(RegisterSuccessPage.java:25)
at PageLayer.RegisterSuccessPage.getCurrentUrl1(RegisterSuccessPage.java:25)
at PageLayer.RegisterSuccessPage.getCurrentUrl1(RegisterSuccessPage.java:25)
at PageLayer.RegisterSuccessPage.getCurrentUrl1(RegisterSuccessPage.java:25)
at PageLayer.RegisterSuccessPage.getCurrentUrl1(RegisterSuccessPage.java:25)
at PageLayer.RegisterSuccessPage.getCurrentUrl1(RegisterSuccessPage.java:25)
at PageLayer.RegisterSuccessPage.getCurrentUrl1(RegisterSuccessPage.java:25)
at PageLayer.RegisterSuccessPage.getCurrentUrl1(RegisterSuccessPage.java:25)
at PageLayer.RegisterSuccessPage.getCurrentUrl1(RegisterSuccessPage.java:25)
at PageLayer.RegisterSuccessPage.getCurrentUrl1(RegisterSuccessPage.java:25)
at PageLayer.RegisterSuccessPage.getCurrentUrl1(RegisterSuccessPage.java:25)
at PageLayer.RegisterSuccessPage.getCurrentUrl1(RegisterSuccessPage.java:25)
at PageLayer.RegisterSuccessPage.getCurrentUrl1(RegisterSuccessPage.java:25)
at PageLayer.RegisterSuccessPage.getCurrentUrl1(RegisterSuccessPage.java:25)
at PageLayer.RegisterSuccessPage.getCurrentUrl1(RegisterSuccessPage.java:25)
at PageLayer.RegisterSuccessPage.getCurrentUrl1(RegisterSuccessPage.java:25)
at PageLayer.RegisterSuccessPage.getCurrentUrl1(RegisterSuccessPage.java:25)
at PageLayer.RegisterSuccessPage.getCurrentUrl1(RegisterSuccessPage.java:25)
at PageLayer.RegisterSuccessPage.getCurrentUrl1(RegisterSuccessPage.java:25)
at PageLayer.RegisterSuccessPage.getCurrentUrl1(RegisterSuccessPage.java:25)
at PageLayer.RegisterSuccessPage.getCurrentUrl1(RegisterSuccessPage.java:25)
at PageLayer.RegisterSuccessPage.getCurrentUrl1(RegisterSuccessPage.java:25)
at PageLayer.RegisterSuccessPage.getCurrentUrl1(RegisterSuccessPage.java:25)
at PageLayer.RegisterSuccessPage.getCurrentUrl1(RegisterSuccessPage.java:25)
at PageLayer.RegisterSuccessPage.getCurrentUrl1(RegisterSuccessPage.java:25)
at PageLayer.RegisterSuccessPage.getCurrentUrl1(RegisterSuccessPage.java:25)
at PageLayer.RegisterSuccessPage.getCurrentUrl1(RegisterSuccessPage.java:25)
at PageLayer.RegisterSuccessPage.getCurrentUrl1(RegisterSuccessPage.java:25)
at PageLayer.RegisterSuccessPage.getCurrentUrl1(RegisterSuccessPage.java:25)
at PageLayer.RegisterSuccessPage.getCurrentUrl1(RegisterSuccessPage.java:25)
at PageLayer.RegisterSuccessPage.getCurrentUrl1(RegisterSuccessPage.java:25)
at PageLayer.RegisterSuccessPage.getCurrentUrl1(RegisterSuccessPage.java:25)
at PageLayer.RegisterSuccessPage.getCurrentUrl1(RegisterSuccessPage.java:25)
at PageLayer.RegisterSuccessPage.getCurrentUrl1(RegisterSuccessPage.java:25)
at PageLayer.RegisterSuccessPage.getCurrentUrl1(RegisterSuccessPage.java:25)
at PageLayer.RegisterSuccessPage.getCurrentUrl1(RegisterSuccessPage.java:25)
at PageLayer.RegisterSuccessPage.getCurrentUrl1(RegisterSuccessPage.java:25)
at PageLayer.RegisterSuccessPage.getCurrentUrl1(RegisterSuccessPage.java:25)
at PageLayer.RegisterSuccessPage.getCurrentUrl1(RegisterSuccessPage.java:25)
at PageLayer.RegisterSuccessPage.getCurrentUrl1(RegisterSuccessPage.java:25)
at PageLayer.RegisterSuccessPage.getCurrentUrl1(RegisterSuccessPage.java:25)
at PageLayer.RegisterSuccessPage.getCurrentUrl1(RegisterSuccessPage.java:25)
at PageLayer.RegisterSuccessPage.getCurrentUrl1(RegisterSuccessPage.java:25)
at PageLayer.RegisterSuccessPage.getCurrentUrl1(RegisterSuccessPage.java:25)
at PageLayer.RegisterSuccessPage.getCurrentUrl1(RegisterSuccessPage.java:25)
at PageLayer.RegisterSuccessPage.getCurrentUrl1(RegisterSuccessPage.java:25)
at PageLayer.RegisterSuccessPage.getCurrentUrl1(RegisterSuccessPage.java:25)
at PageLayer.RegisterSuccessPage.getCurrentUrl1(RegisterSuccessPage.java:25)
at PageLayer.RegisterSuccessPage.getCurrentUrl1(RegisterSuccessPage.java:25)
at PageLayer.RegisterSuccessPage.getCurrentUrl1(RegisterSuccessPage.java:25)
at PageLayer.RegisterSuccessPage.getCurrentUrl1(RegisterSuccessPage.java:25)
at PageLayer.RegisterSuccessPage.getCurrentUrl1(RegisterSuccessPage.java:25)
at PageLayer.RegisterSuccessPage.getCurrentUrl1(RegisterSuccessPage.java:25)
at PageLayer.RegisterSuccessPage.getCurrentUrl1(RegisterSuccessPage.java:25)
at PageLayer.RegisterSuccessPage.getCurrentUrl1(RegisterSuccessPage.java:25)
at PageLayer.RegisterSuccessPage.getCurrentUrl1(RegisterSuccessPage.java:25)
at PageLayer.RegisterSuccessPage.getCurrentUrl1(RegisterSuccessPage.java:25)
at PageLayer.RegisterSuccessPage.getCurrentUrl1(RegisterSuccessPage.java:25)
at PageLayer.RegisterSuccessPage.getCurrentUrl1(RegisterSuccessPage.java:25)
at PageLayer.RegisterSuccessPage.getCurrentUrl1(RegisterSuccessPage.java:25)
at PageLayer.RegisterSuccessPage.getCurrentUrl1(RegisterSuccessPage.java:25)
at PageLayer.RegisterSuccessPage.getCurrentUrl1(RegisterSuccessPage.java:25)
at PageLayer.RegisterSuccessPage.getCurrentUrl1(RegisterSuccessPage.java:25)
at PageLayer.RegisterSuccessPage.getCurrentUrl1(RegisterSuccessPage.java:25)
at PageLayer.RegisterSuccessPage.getCurrentUrl1(RegisterSuccessPage.java:25)
at PageLayer.RegisterSuccessPage.getCurrentUrl1(RegisterSuccessPage.java:25)
at PageLayer.RegisterSuccessPage.getCurrentUrl1(RegisterSuccessPage.java:25)
at PageLayer.RegisterSuccessPage.getCurrentUrl1(RegisterSuccessPage.java:25)
at PageLayer.RegisterSuccessPage.getCurrentUrl1(RegisterSuccessPage.java:25)
at PageLayer.RegisterSuccessPage.getCurrentUrl1(RegisterSuccessPage.java:25)
at PageLayer.RegisterSuccessPage.getCurrentUrl1(RegisterSuccessPage.java:25)
at PageLayer.RegisterSuccessPage.getCurrentUrl1(RegisterSuccessPage.java:25)
at PageLayer.RegisterSuccessPage.getCurrentUrl1(RegisterSuccessPage.java:25)
at PageLayer.RegisterSuccessPage.getCurrentUrl1(RegisterSuccessPage.java:25)
at PageLayer.RegisterSuccessPage.getCurrentUrl1(RegisterSuccessPage.java:25)
at PageLayer.RegisterSuccessPage.getCurrentUrl1(RegisterSuccessPage.java:25)
at PageLayer.RegisterSuccessPage.getCurrentUrl1(RegisterSuccessPage.java:25)
at PageLayer.RegisterSuccessPage.getCurrentUrl1(RegisterSuccessPage.java:25)
at PageLayer.RegisterSuccessPage.getCurrentUrl1(RegisterSuccessPage.java:25)
at PageLayer.RegisterSuccessPage.getCurrentUrl1(RegisterSuccessPage.java:25)
at PageLayer.RegisterSuccessPage.getCurrentUrl1(RegisterSuccessPage.java:25)
at PageLayer.RegisterSuccessPage.getCurrentUrl1(RegisterSuccessPage.java:25)
at PageLayer.RegisterSuccessPage.getCurrentUrl1(RegisterSuccessPage.java:25)
at PageLayer.RegisterSuccessPage.getCurrentUrl1(RegisterSuccessPage.java:25)
at PageLayer.RegisterSuccessPage.getCurrentUrl1(RegisterSuccessPage.java:25)
at PageLayer.RegisterSuccessPage.getCurrentUrl1(RegisterSuccessPage.java:25)
at PageLayer.RegisterSuccessPage.getCurrentUrl1(RegisterSuccessPage.java:25)
at PageLayer.RegisterSuccessPage.getCurrentUrl1(RegisterSuccessPage.java:25)
at PageLayer.RegisterSuccessPage.getCurrentUrl1(RegisterSuccessPage.java:25)
at PageLayer.RegisterSuccessPage.getCurrentUrl1(RegisterSuccessPage.java:25)
at PageLayer.RegisterSuccessPage.getCurrentUrl1(RegisterSuccessPage.java:25)
at PageLayer.RegisterSuccessPage.getCurrentUrl1(RegisterSuccessPage.java:25)
at PageLayer.RegisterSuccessPage.getCurrentUrl1(RegisterSuccessPage.java:25)
at PageLayer.RegisterSuccessPage.getCurrentUrl1(RegisterSuccessPage.java:25)
at PageLayer.RegisterSuccessPage.getCurrentUrl1(RegisterSuccessPage.java:25)
at PageLayer.RegisterSuccessPage.getCurrentUrl1(RegisterSuccessPage.java:25)
at PageLayer.RegisterSuccessPage.getCurrentUrl1(RegisterSuccessPage.java:25)
at PageLayer.RegisterSuccessPage.getCurrentUrl1(RegisterSuccessPage.java:25)
at PageLayer.RegisterSuccessPage.getCurrentUrl1(RegisterSuccessPage.java:25)
at PageLayer.RegisterSuccessPage.getCurrentUrl1(RegisterSuccessPage.java:25)
at PageLayer.RegisterSuccessPage.getCurrentUrl1(RegisterSuccessPage.java:25)
at PageLayer.RegisterSuccessPage.getCurrentUrl1(RegisterSuccessPage.java:25)
at PageLayer.RegisterSuccessPage.getCurrentUrl1(RegisterSuccessPage.java:25)
at PageLayer.RegisterSuccessPage.getCurrentUrl1(RegisterSuccessPage.java:25)
at PageLayer.RegisterSuccessPage.getCurrentUrl1(RegisterSuccessPage.java:25)
at PageLayer.RegisterSuccessPage.getCurrentUrl1(RegisterSuccessPage.java:25)
at PageLayer.RegisterSuccessPage.getCurrentUrl1(RegisterSuccessPage.java:25)
at PageLayer.RegisterSuccessPage.getCurrentUrl1(RegisterSuccessPage.java:25)
at PageLayer.RegisterSuccessPage.getCurrentUrl1(RegisterSuccessPage.java:25)
at PageLayer.RegisterSuccessPage.getCurrentUrl1(RegisterSuccessPage.java:25)
at PageLayer.RegisterSuccessPage.getCurrentUrl1(RegisterSuccessPage.java:25)
at PageLayer.RegisterSuccessPage.getCurrentUrl1(RegisterSuccessPage.java:25)
at PageLayer.RegisterSuccessPage.getCurrentUrl1(RegisterSuccessPage.java:25)
at PageLayer.RegisterSuccessPage.getCurrentUrl1(RegisterSuccessPage.java:25)
at PageLayer.RegisterSuccessPage.getCurrentUrl1(RegisterSuccessPage.java:25)
at PageLayer.RegisterSuccessPage.getCurrentUrl1(RegisterSuccessPage.java:25)
at PageLayer.RegisterSuccessPage.getCurrentUrl1(RegisterSuccessPage.java:25)
at PageLayer.RegisterSuccessPage.getCurrentUrl1(RegisterSuccessPage.java:25)
at PageLayer.RegisterSuccessPage.getCurrentUrl1(RegisterSuccessPage.java:25)
at PageLayer.RegisterSuccessPage.getCurrentUrl1(RegisterSuccessPage.java:25)
at PageLayer.RegisterSuccessPage.getCurrentUrl1(RegisterSuccessPage.java:25)
at PageLayer.RegisterSuccessPage.getCurrentUrl1(RegisterSuccessPage.java:25)
at PageLayer.RegisterSuccessPage.getCurrentUrl1(RegisterSuccessPage.java:25)
at PageLayer.RegisterSuccessPage.getCurrentUrl1(RegisterSuccessPage.java:25)
at PageLayer.RegisterSuccessPage.getCurrentUrl1(RegisterSuccessPage.java:25)
at PageLayer.RegisterSuccessPage.getCurrentUrl1(RegisterSuccessPage.java:25)
at PageLayer.RegisterSuccessPage.getCurrentUrl1(RegisterSuccessPage.java:25)
at PageLayer.RegisterSuccessPage.getCurrentUrl1(RegisterSuccessPage.java:25)
at PageLayer.RegisterSuccessPage.getCurrentUrl1(RegisterSuccessPage.java:25)
at PageLayer.RegisterSuccessPage.getCurrentUrl1(RegisterSuccessPage.java:25)
at PageLayer.RegisterSuccessPage.getCurrentUrl1(RegisterSuccessPage.java:25)
at PageLayer.RegisterSuccessPage.getCurrentUrl1(RegisterSuccessPage.java:25)
at PageLayer.RegisterSuccessPage.getCurrentUrl1(RegisterSuccessPage.java:25)
]]>
    </failure>
  </testcase> <!-- validateSuccessPageUrl -->
  <testcase classname="TestLayer.RegisterSuccessPageTest" name="clickOntheSignUpLinkInSuccessPage" time="4.23"/>
  <testcase classname="TestLayer.LoginPageTest" name="ValidateLoginPage" time="11.153"/>
  <testcase classname="TestLayer.LoginSucessPageTest" name="vailidatesucessFunctionality" time="0.041"/>
</testsuite> <!-- Test -->
