<?xml version="1.0" encoding="UTF-8"?>
<testng-results ignored="0" total="5" passed="4" failed="1" skipped="0">
  <reporter-output>
  </reporter-output>
  <suite started-at="2023-07-23T23:05:20 IST" name="Suite" finished-at="2023-07-23T23:06:05 IST" duration-ms="45287">
    <groups>
    </groups>
    <test started-at="2023-07-23T23:05:20 IST" name="Test" finished-at="2023-07-23T23:06:05 IST" duration-ms="45287">
      <class name="TestLayer.UserRegisterPageTest">
        <test-method is-config="true" signature="setup()[pri:0, instance:TestLayer.UserRegisterPageTest@6dc17b83]" started-at="2023-07-23T23:05:20 IST" name="setup" finished-at="2023-07-23T23:05:41 IST" duration-ms="20613" status="PASS">
          <reporter-output>
          </reporter-output>
        </test-method> <!-- setup -->
        <test-method signature="validateRegisterPageFunctionality()[pri:0, instance:TestLayer.UserRegisterPageTest@6dc17b83]" started-at="2023-07-23T23:05:41 IST" name="validateRegisterPageFunctionality" finished-at="2023-07-23T23:05:50 IST" duration-ms="9135" status="PASS">
          <reporter-output>
          </reporter-output>
        </test-method> <!-- validateRegisterPageFunctionality -->
        <test-method is-config="true" signature="tearDown()[pri:0, instance:TestLayer.UserRegisterPageTest@6dc17b83]" started-at="2023-07-23T23:06:05 IST" name="tearDown" finished-at="2023-07-23T23:06:05 IST" duration-ms="1" status="PASS">
          <reporter-output>
          </reporter-output>
        </test-method> <!-- tearDown -->
      </class> <!-- TestLayer.UserRegisterPageTest -->
      <class name="TestLayer.LoginSucessPageTest">
        <test-method signature="vailidatesucessFunctionality()[pri:0, instance:TestLayer.LoginSucessPageTest@7c729a55]" started-at="2023-07-23T23:06:05 IST" name="vailidatesucessFunctionality" finished-at="2023-07-23T23:06:05 IST" duration-ms="41" status="PASS">
          <reporter-output>
          </reporter-output>
        </test-method> <!-- vailidatesucessFunctionality -->
      </class> <!-- TestLayer.LoginSucessPageTest -->
      <class name="TestLayer.LoginPageTest">
        <test-method signature="ValidateLoginPage()[pri:0, instance:TestLayer.LoginPageTest@47af7f3d]" started-at="2023-07-23T23:05:54 IST" name="ValidateLoginPage" finished-at="2023-07-23T23:06:05 IST" duration-ms="11153" status="PASS">
          <reporter-output>
          </reporter-output>
        </test-method> <!-- ValidateLoginPage -->
      </class> <!-- TestLayer.LoginPageTest -->
      <class name="TestLayer.RegisterSuccessPageTest">
        <test-method signature="validateSuccessPageUrl()[pri:1, instance:TestLayer.RegisterSuccessPageTest@74e52303]" started-at="2023-07-23T23:05:50 IST" name="validateSuccessPageUrl" finished-at="2023-07-23T23:05:50 IST" duration-ms="14" status="FAIL">
          <exception class="java.lang.StackOverflowError">
            <full-stacktrace>
              <![CDATA[java.lang.StackOverflowError
at PageLayer.RegisterSuccessPage.getCurrentUrl1(RegisterSuccessPage.java:25)
at PageLayer.RegisterSuccessPage.getCurrentUrl1(RegisterSuccessPage.java:25)
at PageLayer.RegisterSuccessPage.getCurrentUrl1(RegisterSuccessPage.java:25)
at PageLayer.RegisterSuccessPage.getCurrentUrl1(RegisterSuccessPage.java:25)
at PageLayer.RegisterSuccessPage.getCurrentUrl1(RegisterSuccessPage.java:25)
at PageLayer.RegisterSuccessPage.getCurrentUrl1(RegisterSuccessPage.java:25)
at PageLayer.RegisterSuccessPage.getCurrentUrl1(RegisterSuccessPage.java:25)
at PageLayer.RegisterSuccessPage.getCurrentUrl1(RegisterSuccessPage.java:25)
at PageLayer.RegisterSuccessPage.getCurrentUrl1(RegisterSuccessPage.java:25)
at PageLayer.RegisterSuccessPage.getCurrentUrl1(RegisterSuccessPage.java:25)
at PageLayer.RegisterSuccessPage.getCurrentUrl1(RegisterSuccessPage.java:25)
at PageLayer.RegisterSuccessPage.getCurrentUrl1(RegisterSuccessPage.java:25)
at PageLayer.RegisterSuccessPage.getCurrentUrl1(RegisterSuccessPage.java:25)
at PageLayer.RegisterSuccessPage.getCurrentUrl1(RegisterSuccessPage.java:25)
at PageLayer.RegisterSuccessPage.getCurrentUrl1(RegisterSuccessPage.java:25)
at PageLayer.RegisterSuccessPage.getCurrentUrl1(RegisterSuccessPage.java:25)
at PageLayer.RegisterSuccessPage.getCurrentUrl1(RegisterSuccessPage.java:25)
at PageLayer.RegisterSuccessPage.getCurrentUrl1(RegisterSuccessPage.java:25)
at PageLayer.RegisterSuccessPage.getCurrentUrl1(RegisterSuccessPage.java:25)
at PageLayer.RegisterSuccessPage.getCurrentUrl1(RegisterSuccessPage.java:25)
at PageLayer.RegisterSuccessPage.getCurrentUrl1(RegisterSuccessPage.java:25)
at PageLayer.RegisterSuccessPage.getCurrentUrl1(RegisterSuccessPage.java:25)
at PageLayer.RegisterSuccessPage.getCurrentUrl1(RegisterSuccessPage.java:25)
at PageLayer.RegisterSuccessPage.getCurrentUrl1(RegisterSuccessPage.java:25)
at PageLayer.RegisterSuccessPage.getCurrentUrl1(RegisterSuccessPage.java:25)
at PageLayer.RegisterSuccessPage.getCurrentUrl1(RegisterSuccessPage.java:25)
at PageLayer.RegisterSuccessPage.getCurrentUrl1(RegisterSuccessPage.java:25)
at PageLayer.RegisterSuccessPage.getCurrentUrl1(RegisterSuccessPage.java:25)
at PageLayer.RegisterSuccessPage.getCurrentUrl1(RegisterSuccessPage.java:25)
at PageLayer.RegisterSuccessPage.getCurrentUrl1(RegisterSuccessPage.java:25)
at PageLayer.RegisterSuccessPage.getCurrentUrl1(RegisterSuccessPage.java:25)
at PageLayer.RegisterSuccessPage.getCurrentUrl1(RegisterSuccessPage.java:25)
at PageLayer.RegisterSuccessPage.getCurrentUrl1(RegisterSuccessPage.java:25)
at PageLayer.RegisterSuccessPage.getCurrentUrl1(RegisterSuccessPage.java:25)
at PageLayer.RegisterSuccessPage.getCurrentUrl1(RegisterSuccessPage.java:25)
at PageLayer.RegisterSuccessPage.getCurrentUrl1(RegisterSuccessPage.java:25)
at PageLayer.RegisterSuccessPage.getCurrentUrl1(RegisterSuccessPage.java:25)
at PageLayer.RegisterSuccessPage.getCurrentUrl1(RegisterSuccessPage.java:25)
at PageLayer.RegisterSuccessPage.getCurrentUrl1(RegisterSuccessPage.java:25)
at PageLayer.RegisterSuccessPage.getCurrentUrl1(RegisterSuccessPage.java:25)
at PageLayer.RegisterSuccessPage.getCurrentUrl1(RegisterSuccessPage.java:25)
at PageLayer.RegisterSuccessPage.getCurrentUrl1(RegisterSuccessPage.java:25)
at PageLayer.RegisterSuccessPage.getCurrentUrl1(RegisterSuccessPage.java:25)
at PageLayer.RegisterSuccessPage.getCurrentUrl1(RegisterSuccessPage.java:25)
at PageLayer.RegisterSuccessPage.getCurrentUrl1(RegisterSuccessPage.java:25)
at PageLayer.RegisterSuccessPage.getCurrentUrl1(RegisterSuccessPage.java:25)
at PageLayer.RegisterSuccessPage.getCurrentUrl1(RegisterSuccessPage.java:25)
at PageLayer.RegisterSuccessPage.getCurrentUrl1(RegisterSuccessPage.java:25)
at PageLayer.RegisterSuccessPage.getCurrentUrl1(RegisterSuccessPage.java:25)
at PageLayer.RegisterSuccessPage.getCurrentUrl1(RegisterSuccessPage.java:25)
at PageLayer.RegisterSuccessPage.getCurrentUrl1(RegisterSuccessPage.java:25)
at PageLayer.RegisterSuccessPage.getCurrentUrl1(RegisterSuccessPage.java:25)
at PageLayer.RegisterSuccessPage.getCurrentUrl1(RegisterSuccessPage.java:25)
at PageLayer.RegisterSuccessPage.getCurrentUrl1(RegisterSuccessPage.java:25)
at PageLayer.RegisterSuccessPage.getCurrentUrl1(RegisterSuccessPage.java:25)
at PageLayer.RegisterSuccessPage.getCurrentUrl1(RegisterSuccessPage.java:25)
at PageLayer.RegisterSuccessPage.getCurrentUrl1(RegisterSuccessPage.java:25)
at PageLayer.RegisterSuccessPage.getCurrentUrl1(RegisterSuccessPage.java:25)
at PageLayer.RegisterSuccessPage.getCurrentUrl1(RegisterSuccessPage.java:25)
at PageLayer.RegisterSuccessPage.getCurrentUrl1(RegisterSuccessPage.java:25)
at PageLayer.RegisterSuccessPage.getCurrentUrl1(RegisterSuccessPage.java:25)
at PageLayer.RegisterSuccessPage.getCurrentUrl1(RegisterSuccessPage.java:25)
at PageLayer.RegisterSuccessPage.getCurrentUrl1(RegisterSuccessPage.java:25)
at PageLayer.RegisterSuccessPage.getCurrentUrl1(RegisterSuccessPage.java:25)
at PageLayer.RegisterSuccessPage.getCurrentUrl1(RegisterSuccessPage.java:25)
at PageLayer.RegisterSuccessPage.getCurrentUrl1(RegisterSuccessPage.java:25)
at PageLayer.RegisterSuccessPage.getCurrentUrl1(RegisterSuccessPage.java:25)
at PageLayer.RegisterSuccessPage.getCurrentUrl1(RegisterSuccessPage.java:25)
at PageLayer.RegisterSuccessPage.getCurrentUrl1(RegisterSuccessPage.java:25)
at PageLayer.RegisterSuccessPage.getCurrentUrl1(RegisterSuccessPage.java:25)
at PageLayer.RegisterSuccessPage.getCurrentUrl1(RegisterSuccessPage.java:25)
at PageLayer.RegisterSuccessPage.getCurrentUrl1(RegisterSuccessPage.java:25)
at PageLayer.RegisterSuccessPage.getCurrentUrl1(RegisterSuccessPage.java:25)
at PageLayer.RegisterSuccessPage.getCurrentUrl1(RegisterSuccessPage.java:25)
at PageLayer.RegisterSuccessPage.getCurrentUrl1(RegisterSuccessPage.java:25)
at PageLayer.RegisterSuccessPage.getCurrentUrl1(RegisterSuccessPage.java:25)
at PageLayer.RegisterSuccessPage.getCurrentUrl1(RegisterSuccessPage.java:25)
at PageLayer.RegisterSuccessPage.getCurrentUrl1(RegisterSuccessPage.java:25)
at PageLayer.RegisterSuccessPage.getCurrentUrl1(RegisterSuccessPage.java:25)
at PageLayer.RegisterSuccessPage.getCurrentUrl1(RegisterSuccessPage.java:25)
at PageLayer.RegisterSuccessPage.getCurrentUrl1(RegisterSuccessPage.java:25)
at PageLayer.RegisterSuccessPage.getCurrentUrl1(RegisterSuccessPage.java:25)
at PageLayer.RegisterSuccessPage.getCurrentUrl1(RegisterSuccessPage.java:25)
at PageLayer.RegisterSuccessPage.getCurrentUrl1(RegisterSuccessPage.java:25)
at PageLayer.RegisterSuccessPage.getCurrentUrl1(RegisterSuccessPage.java:25)
at PageLayer.RegisterSuccessPage.getCurrentUrl1(RegisterSuccessPage.java:25)
at PageLayer.RegisterSuccessPage.getCurrentUrl1(RegisterSuccessPage.java:25)
at PageLayer.RegisterSuccessPage.getCurrentUrl1(RegisterSuccessPage.java:25)
at PageLayer.RegisterSuccessPage.getCurrentUrl1(RegisterSuccessPage.java:25)
at PageLayer.RegisterSuccessPage.getCurrentUrl1(RegisterSuccessPage.java:25)
at PageLayer.RegisterSuccessPage.getCurrentUrl1(RegisterSuccessPage.java:25)
at PageLayer.RegisterSuccessPage.getCurrentUrl1(RegisterSuccessPage.java:25)
at PageLayer.RegisterSuccessPage.getCurrentUrl1(RegisterSuccessPage.java:25)
at PageLayer.RegisterSuccessPage.getCurrentUrl1(RegisterSuccessPage.java:25)
at PageLayer.RegisterSuccessPage.getCurrentUrl1(RegisterSuccessPage.java:25)
at PageLayer.RegisterSuccessPage.getCurrentUrl1(RegisterSuccessPage.java:25)
at PageLayer.RegisterSuccessPage.getCurrentUrl1(RegisterSuccessPage.java:25)
at PageLayer.RegisterSuccessPage.getCurrentUrl1(RegisterSuccessPage.java:25)
at PageLayer.RegisterSuccessPage.getCurrentUrl1(RegisterSuccessPage.java:25)
at PageLayer.RegisterSuccessPage.getCurrentUrl1(RegisterSuccessPage.java:25)
at PageLayer.RegisterSuccessPage.getCurrentUrl1(RegisterSuccessPage.java:25)
at PageLayer.RegisterSuccessPage.getCurrentUrl1(RegisterSuccessPage.java:25)
at PageLayer.RegisterSuccessPage.getCurrentUrl1(RegisterSuccessPage.java:25)
at PageLayer.RegisterSuccessPage.getCurrentUrl1(RegisterSuccessPage.java:25)
at PageLayer.RegisterSuccessPage.getCurrentUrl1(RegisterSuccessPage.java:25)
at PageLayer.RegisterSuccessPage.getCurrentUrl1(RegisterSuccessPage.java:25)
at PageLayer.RegisterSuccessPage.getCurrentUrl1(RegisterSuccessPage.java:25)
at PageLayer.RegisterSuccessPage.getCurrentUrl1(RegisterSuccessPage.java:25)
at PageLayer.RegisterSuccessPage.getCurrentUrl1(RegisterSuccessPage.java:25)
at PageLayer.RegisterSuccessPage.getCurrentUrl1(RegisterSuccessPage.java:25)
at PageLayer.RegisterSuccessPage.getCurrentUrl1(RegisterSuccessPage.java:25)
at PageLayer.RegisterSuccessPage.getCurrentUrl1(RegisterSuccessPage.java:25)
at PageLayer.RegisterSuccessPage.getCurrentUrl1(RegisterSuccessPage.java:25)
at PageLayer.RegisterSuccessPage.getCurrentUrl1(RegisterSuccessPage.java:25)
at PageLayer.RegisterSuccessPage.getCurrentUrl1(RegisterSuccessPage.java:25)
at PageLayer.RegisterSuccessPage.getCurrentUrl1(RegisterSuccessPage.java:25)
at PageLayer.RegisterSuccessPage.getCurrentUrl1(RegisterSuccessPage.java:25)
at PageLayer.RegisterSuccessPage.getCurrentUrl1(RegisterSuccessPage.java:25)
at PageLayer.RegisterSuccessPage.getCurrentUrl1(RegisterSuccessPage.java:25)
at PageLayer.RegisterSuccessPage.getCurrentUrl1(RegisterSuccessPage.java:25)
at PageLayer.RegisterSuccessPage.getCurrentUrl1(RegisterSuccessPage.java:25)
at PageLayer.RegisterSuccessPage.getCurrentUrl1(RegisterSuccessPage.java:25)
at PageLayer.RegisterSuccessPage.getCurrentUrl1(RegisterSuccessPage.java:25)
at PageLayer.RegisterSuccessPage.getCurrentUrl1(RegisterSuccessPage.java:25)
at PageLayer.RegisterSuccessPage.getCurrentUrl1(RegisterSuccessPage.java:25)
at PageLayer.RegisterSuccessPage.getCurrentUrl1(RegisterSuccessPage.java:25)
at PageLayer.RegisterSuccessPage.getCurrentUrl1(RegisterSuccessPage.java:25)
at PageLayer.RegisterSuccessPage.getCurrentUrl1(RegisterSuccessPage.java:25)
at PageLayer.RegisterSuccessPage.getCurrentUrl1(RegisterSuccessPage.java:25)
at PageLayer.RegisterSuccessPage.getCurrentUrl1(RegisterSuccessPage.java:25)
at PageLayer.RegisterSuccessPage.getCurrentUrl1(RegisterSuccessPage.java:25)
at PageLayer.RegisterSuccessPage.getCurrentUrl1(RegisterSuccessPage.java:25)
at PageLayer.RegisterSuccessPage.getCurrentUrl1(RegisterSuccessPage.java:25)
at PageLayer.RegisterSuccessPage.getCurrentUrl1(RegisterSuccessPage.java:25)
at PageLayer.RegisterSuccessPage.getCurrentUrl1(RegisterSuccessPage.java:25)
at PageLayer.RegisterSuccessPage.getCurrentUrl1(RegisterSuccessPage.java:25)
at PageLayer.RegisterSuccessPage.getCurrentUrl1(RegisterSuccessPage.java:25)
at PageLayer.RegisterSuccessPage.getCurrentUrl1(RegisterSuccessPage.java:25)
at PageLayer.RegisterSuccessPage.getCurrentUrl1(RegisterSuccessPage.java:25)
at PageLayer.RegisterSuccessPage.getCurrentUrl1(RegisterSuccessPage.java:25)
at PageLayer.RegisterSuccessPage.getCurrentUrl1(RegisterSuccessPage.java:25)
at PageLayer.RegisterSuccessPage.getCurrentUrl1(RegisterSuccessPage.java:25)
at PageLayer.RegisterSuccessPage.getCurrentUrl1(RegisterSuccessPage.java:25)
at PageLayer.RegisterSuccessPage.getCurrentUrl1(RegisterSuccessPage.java:25)
at PageLayer.RegisterSuccessPage.getCurrentUrl1(RegisterSuccessPage.java:25)
at PageLayer.RegisterSuccessPage.getCurrentUrl1(RegisterSuccessPage.java:25)
at PageLayer.RegisterSuccessPage.getCurrentUrl1(RegisterSuccessPage.java:25)
at PageLayer.RegisterSuccessPage.getCurrentUrl1(RegisterSuccessPage.java:25)
at PageLayer.RegisterSuccessPage.getCurrentUrl1(RegisterSuccessPage.java:25)
at PageLayer.RegisterSuccessPage.getCurrentUrl1(RegisterSuccessPage.java:25)
at PageLayer.RegisterSuccessPage.getCurrentUrl1(RegisterSuccessPage.java:25)
at PageLayer.RegisterSuccessPage.getCurrentUrl1(RegisterSuccessPage.java:25)
at PageLayer.RegisterSuccessPage.getCurrentUrl1(RegisterSuccessPage.java:25)
at PageLayer.RegisterSuccessPage.getCurrentUrl1(RegisterSuccessPage.java:25)
at PageLayer.RegisterSuccessPage.getCurrentUrl1(RegisterSuccessPage.java:25)
at PageLayer.RegisterSuccessPage.getCurrentUrl1(RegisterSuccessPage.java:25)
at PageLayer.RegisterSuccessPage.getCurrentUrl1(RegisterSuccessPage.java:25)
at PageLayer.RegisterSuccessPage.getCurrentUrl1(RegisterSuccessPage.java:25)
at PageLayer.RegisterSuccessPage.getCurrentUrl1(RegisterSuccessPage.java:25)
at PageLayer.RegisterSuccessPage.getCurrentUrl1(RegisterSuccessPage.java:25)
at PageLayer.RegisterSuccessPage.getCurrentUrl1(RegisterSuccessPage.java:25)
at PageLayer.RegisterSuccessPage.getCurrentUrl1(RegisterSuccessPage.java:25)
at PageLayer.RegisterSuccessPage.getCurrentUrl1(RegisterSuccessPage.java:25)
at PageLayer.RegisterSuccessPage.getCurrentUrl1(RegisterSuccessPage.java:25)
at PageLayer.RegisterSuccessPage.getCurrentUrl1(RegisterSuccessPage.java:25)
at PageLayer.RegisterSuccessPage.getCurrentUrl1(RegisterSuccessPage.java:25)
at PageLayer.RegisterSuccessPage.getCurrentUrl1(RegisterSuccessPage.java:25)
at PageLayer.RegisterSuccessPage.getCurrentUrl1(RegisterSuccessPage.java:25)
at PageLayer.RegisterSuccessPage.getCurrentUrl1(RegisterSuccessPage.java:25)
at PageLayer.RegisterSuccessPage.getCurrentUrl1(RegisterSuccessPage.java:25)
at PageLayer.RegisterSuccessPage.getCurrentUrl1(RegisterSuccessPage.java:25)
at PageLayer.RegisterSuccessPage.getCurrentUrl1(RegisterSuccessPage.java:25)
at PageLayer.RegisterSuccessPage.getCurrentUrl1(RegisterSuccessPage.java:25)
at PageLayer.RegisterSuccessPage.getCurrentUrl1(RegisterSuccessPage.java:25)
at PageLayer.RegisterSuccessPage.getCurrentUrl1(RegisterSuccessPage.java:25)
at PageLayer.RegisterSuccessPage.getCurrentUrl1(RegisterSuccessPage.java:25)
at PageLayer.RegisterSuccessPage.getCurrentUrl1(RegisterSuccessPage.java:25)
at PageLayer.RegisterSuccessPage.getCurrentUrl1(RegisterSuccessPage.java:25)
at PageLayer.RegisterSuccessPage.getCurrentUrl1(RegisterSuccessPage.java:25)
at PageLayer.RegisterSuccessPage.getCurrentUrl1(RegisterSuccessPage.java:25)
at PageLayer.RegisterSuccessPage.getCurrentUrl1(RegisterSuccessPage.java:25)
at PageLayer.RegisterSuccessPage.getCurrentUrl1(RegisterSuccessPage.java:25)
at PageLayer.RegisterSuccessPage.getCurrentUrl1(RegisterSuccessPage.java:25)
at PageLayer.RegisterSuccessPage.getCurrentUrl1(RegisterSuccessPage.java:25)
at PageLayer.RegisterSuccessPage.getCurrentUrl1(RegisterSuccessPage.java:25)
at PageLayer.RegisterSuccessPage.getCurrentUrl1(RegisterSuccessPage.java:25)
at PageLayer.RegisterSuccessPage.getCurrentUrl1(RegisterSuccessPage.java:25)
at PageLayer.RegisterSuccessPage.getCurrentUrl1(RegisterSuccessPage.java:25)
at PageLayer.RegisterSuccessPage.getCurrentUrl1(RegisterSuccessPage.java:25)
at PageLayer.RegisterSuccessPage.getCurrentUrl1(RegisterSuccessPage.java:25)
at PageLayer.RegisterSuccessPage.getCurrentUrl1(RegisterSuccessPage.java:25)
at PageLayer.RegisterSuccessPage.getCurrentUrl1(RegisterSuccessPage.java:25)
at PageLayer.RegisterSuccessPage.getCurrentUrl1(RegisterSuccessPage.java:25)
at PageLayer.RegisterSuccessPage.getCurrentUrl1(RegisterSuccessPage.java:25)
at PageLayer.RegisterSuccessPage.getCurrentUrl1(RegisterSuccessPage.java:25)
at PageLayer.RegisterSuccessPage.getCurrentUrl1(RegisterSuccessPage.java:25)
at PageLayer.RegisterSuccessPage.getCurrentUrl1(RegisterSuccessPage.java:25)
at PageLayer.RegisterSuccessPage.getCurrentUrl1(RegisterSuccessPage.java:25)
at PageLayer.RegisterSuccessPage.getCurrentUrl1(RegisterSuccessPage.java:25)
at PageLayer.RegisterSuccessPage.getCurrentUrl1(RegisterSuccessPage.java:25)
at PageLayer.RegisterSuccessPage.getCurrentUrl1(RegisterSuccessPage.java:25)
at PageLayer.RegisterSuccessPage.getCurrentUrl1(RegisterSuccessPage.java:25)
at PageLayer.RegisterSuccessPage.getCurrentUrl1(RegisterSuccessPage.java:25)
at PageLayer.RegisterSuccessPage.getCurrentUrl1(RegisterSuccessPage.java:25)
at PageLayer.RegisterSuccessPage.getCurrentUrl1(RegisterSuccessPage.java:25)
at PageLayer.RegisterSuccessPage.getCurrentUrl1(RegisterSuccessPage.java:25)
at PageLayer.RegisterSuccessPage.getCurrentUrl1(RegisterSuccessPage.java:25)
at PageLayer.RegisterSuccessPage.getCurrentUrl1(RegisterSuccessPage.java:25)
at PageLayer.RegisterSuccessPage.getCurrentUrl1(RegisterSuccessPage.java:25)
at PageLayer.RegisterSuccessPage.getCurrentUrl1(RegisterSuccessPage.java:25)
at PageLayer.RegisterSuccessPage.getCurrentUrl1(RegisterSuccessPage.java:25)
at PageLayer.RegisterSuccessPage.getCurrentUrl1(RegisterSuccessPage.java:25)
at PageLayer.RegisterSuccessPage.getCurrentUrl1(RegisterSuccessPage.java:25)
at PageLayer.RegisterSuccessPage.getCurrentUrl1(RegisterSuccessPage.java:25)
at PageLayer.RegisterSuccessPage.getCurrentUrl1(RegisterSuccessPage.java:25)
at PageLayer.RegisterSuccessPage.getCurrentUrl1(RegisterSuccessPage.java:25)
at PageLayer.RegisterSuccessPage.getCurrentUrl1(RegisterSuccessPage.java:25)
at PageLayer.RegisterSuccessPage.getCurrentUrl1(RegisterSuccessPage.java:25)
at PageLayer.RegisterSuccessPage.getCurrentUrl1(RegisterSuccessPage.java:25)
at PageLayer.RegisterSuccessPage.getCurrentUrl1(RegisterSuccessPage.java:25)
at PageLayer.RegisterSuccessPage.getCurrentUrl1(RegisterSuccessPage.java:25)
at PageLayer.RegisterSuccessPage.getCurrentUrl1(RegisterSuccessPage.java:25)
at PageLayer.RegisterSuccessPage.getCurrentUrl1(RegisterSuccessPage.java:25)
at PageLayer.RegisterSuccessPage.getCurrentUrl1(RegisterSuccessPage.java:25)
at PageLayer.RegisterSuccessPage.getCurrentUrl1(RegisterSuccessPage.java:25)
at PageLayer.RegisterSuccessPage.getCurrentUrl1(RegisterSuccessPage.java:25)
at PageLayer.RegisterSuccessPage.getCurrentUrl1(RegisterSuccessPage.java:25)
at PageLayer.RegisterSuccessPage.getCurrentUrl1(RegisterSuccessPage.java:25)
at PageLayer.RegisterSuccessPage.getCurrentUrl1(RegisterSuccessPage.java:25)
at PageLayer.RegisterSuccessPage.getCurrentUrl1(RegisterSuccessPage.java:25)
at PageLayer.RegisterSuccessPage.getCurrentUrl1(RegisterSuccessPage.java:25)
at PageLayer.RegisterSuccessPage.getCurrentUrl1(RegisterSuccessPage.java:25)
at PageLayer.RegisterSuccessPage.getCurrentUrl1(RegisterSuccessPage.java:25)
at PageLayer.RegisterSuccessPage.getCurrentUrl1(RegisterSuccessPage.java:25)
at PageLayer.RegisterSuccessPage.getCurrentUrl1(RegisterSuccessPage.java:25)
at PageLayer.RegisterSuccessPage.getCurrentUrl1(RegisterSuccessPage.java:25)
at PageLayer.RegisterSuccessPage.getCurrentUrl1(RegisterSuccessPage.java:25)
at PageLayer.RegisterSuccessPage.getCurrentUrl1(RegisterSuccessPage.java:25)
at PageLayer.RegisterSuccessPage.getCurrentUrl1(RegisterSuccessPage.java:25)
at PageLayer.RegisterSuccessPage.getCurrentUrl1(RegisterSuccessPage.java:25)
at PageLayer.RegisterSuccessPage.getCurrentUrl1(RegisterSuccessPage.java:25)
at PageLayer.RegisterSuccessPage.getCurrentUrl1(RegisterSuccessPage.java:25)
at PageLayer.RegisterSuccessPage.getCurrentUrl1(RegisterSuccessPage.java:25)
at PageLayer.RegisterSuccessPage.getCurrentUrl1(RegisterSuccessPage.java:25)
at PageLayer.RegisterSuccessPage.getCurrentUrl1(RegisterSuccessPage.java:25)
at PageLayer.RegisterSuccessPage.getCurrentUrl1(RegisterSuccessPage.java:25)
at PageLayer.RegisterSuccessPage.getCurrentUrl1(RegisterSuccessPage.java:25)
at PageLayer.RegisterSuccessPage.getCurrentUrl1(RegisterSuccessPage.java:25)
at PageLayer.RegisterSuccessPage.getCurrentUrl1(RegisterSuccessPage.java:25)
at PageLayer.RegisterSuccessPage.getCurrentUrl1(RegisterSuccessPage.java:25)
at PageLayer.RegisterSuccessPage.getCurrentUrl1(RegisterSuccessPage.java:25)
at PageLayer.RegisterSuccessPage.getCurrentUrl1(RegisterSuccessPage.java:25)
at PageLayer.RegisterSuccessPage.getCurrentUrl1(RegisterSuccessPage.java:25)
at PageLayer.RegisterSuccessPage.getCurrentUrl1(RegisterSuccessPage.java:25)
at PageLayer.RegisterSuccessPage.getCurrentUrl1(RegisterSuccessPage.java:25)
at PageLayer.RegisterSuccessPage.getCurrentUrl1(RegisterSuccessPage.java:25)
at PageLayer.RegisterSuccessPage.getCurrentUrl1(RegisterSuccessPage.java:25)
at PageLayer.RegisterSuccessPage.getCurrentUrl1(RegisterSuccessPage.java:25)
at PageLayer.RegisterSuccessPage.getCurrentUrl1(RegisterSuccessPage.java:25)
at PageLayer.RegisterSuccessPage.getCurrentUrl1(RegisterSuccessPage.java:25)
at PageLayer.RegisterSuccessPage.getCurrentUrl1(RegisterSuccessPage.java:25)
at PageLayer.RegisterSuccessPage.getCurrentUrl1(RegisterSuccessPage.java:25)
at PageLayer.RegisterSuccessPage.getCurrentUrl1(RegisterSuccessPage.java:25)
at PageLayer.RegisterSuccessPage.getCurrentUrl1(RegisterSuccessPage.java:25)
at PageLayer.RegisterSuccessPage.getCurrentUrl1(RegisterSuccessPage.java:25)
at PageLayer.RegisterSuccessPage.getCurrentUrl1(RegisterSuccessPage.java:25)
at PageLayer.RegisterSuccessPage.getCurrentUrl1(RegisterSuccessPage.java:25)
at PageLayer.RegisterSuccessPage.getCurrentUrl1(RegisterSuccessPage.java:25)
at PageLayer.RegisterSuccessPage.getCurrentUrl1(RegisterSuccessPage.java:25)
at PageLayer.RegisterSuccessPage.getCurrentUrl1(RegisterSuccessPage.java:25)
at PageLayer.RegisterSuccessPage.getCurrentUrl1(RegisterSuccessPage.java:25)
at PageLayer.RegisterSuccessPage.getCurrentUrl1(RegisterSuccessPage.java:25)
at PageLayer.RegisterSuccessPage.getCurrentUrl1(RegisterSuccessPage.java:25)
at PageLayer.RegisterSuccessPage.getCurrentUrl1(RegisterSuccessPage.java:25)
at PageLayer.RegisterSuccessPage.getCurrentUrl1(RegisterSuccessPage.java:25)
at PageLayer.RegisterSuccessPage.getCurrentUrl1(RegisterSuccessPage.java:25)
at PageLayer.RegisterSuccessPage.getCurrentUrl1(RegisterSuccessPage.java:25)
at PageLayer.RegisterSuccessPage.getCurrentUrl1(RegisterSuccessPage.java:25)
at PageLayer.RegisterSuccessPage.getCurrentUrl1(RegisterSuccessPage.java:25)
at PageLayer.RegisterSuccessPage.getCurrentUrl1(RegisterSuccessPage.java:25)
at PageLayer.RegisterSuccessPage.getCurrentUrl1(RegisterSuccessPage.java:25)
at PageLayer.RegisterSuccessPage.getCurrentUrl1(RegisterSuccessPage.java:25)
at PageLayer.RegisterSuccessPage.getCurrentUrl1(RegisterSuccessPage.java:25)
at PageLayer.RegisterSuccessPage.getCurrentUrl1(RegisterSuccessPage.java:25)
at PageLayer.RegisterSuccessPage.getCurrentUrl1(RegisterSuccessPage.java:25)
at PageLayer.RegisterSuccessPage.getCurrentUrl1(RegisterSuccessPage.java:25)
at PageLayer.RegisterSuccessPage.getCurrentUrl1(RegisterSuccessPage.java:25)
at PageLayer.RegisterSuccessPage.getCurrentUrl1(RegisterSuccessPage.java:25)
at PageLayer.RegisterSuccessPage.getCurrentUrl1(RegisterSuccessPage.java:25)
at PageLayer.RegisterSuccessPage.getCurrentUrl1(RegisterSuccessPage.java:25)
at PageLayer.RegisterSuccessPage.getCurrentUrl1(RegisterSuccessPage.java:25)
at PageLayer.RegisterSuccessPage.getCurrentUrl1(RegisterSuccessPage.java:25)
at PageLayer.RegisterSuccessPage.getCurrentUrl1(RegisterSuccessPage.java:25)
at PageLayer.RegisterSuccessPage.getCurrentUrl1(RegisterSuccessPage.java:25)
at PageLayer.RegisterSuccessPage.getCurrentUrl1(RegisterSuccessPage.java:25)
at PageLayer.RegisterSuccessPage.getCurrentUrl1(RegisterSuccessPage.java:25)
at PageLayer.RegisterSuccessPage.getCurrentUrl1(RegisterSuccessPage.java:25)
at PageLayer.RegisterSuccessPage.getCurrentUrl1(RegisterSuccessPage.java:25)
at PageLayer.RegisterSuccessPage.getCurrentUrl1(RegisterSuccessPage.java:25)
at PageLayer.RegisterSuccessPage.getCurrentUrl1(RegisterSuccessPage.java:25)
at PageLayer.RegisterSuccessPage.getCurrentUrl1(RegisterSuccessPage.java:25)
at PageLayer.RegisterSuccessPage.getCurrentUrl1(RegisterSuccessPage.java:25)
at PageLayer.RegisterSuccessPage.getCurrentUrl1(RegisterSuccessPage.java:25)
at PageLayer.RegisterSuccessPage.getCurrentUrl1(RegisterSuccessPage.java:25)
at PageLayer.RegisterSuccessPage.getCurrentUrl1(RegisterSuccessPage.java:25)
at PageLayer.RegisterSuccessPage.getCurrentUrl1(RegisterSuccessPage.java:25)
at PageLayer.RegisterSuccessPage.getCurrentUrl1(RegisterSuccessPage.java:25)
at PageLayer.RegisterSuccessPage.getCurrentUrl1(RegisterSuccessPage.java:25)
at PageLayer.RegisterSuccessPage.getCurrentUrl1(RegisterSuccessPage.java:25)
at PageLayer.RegisterSuccessPage.getCurrentUrl1(RegisterSuccessPage.java:25)
at PageLayer.RegisterSuccessPage.getCurrentUrl1(RegisterSuccessPage.java:25)
at PageLayer.RegisterSuccessPage.getCurrentUrl1(RegisterSuccessPage.java:25)
at PageLayer.RegisterSuccessPage.getCurrentUrl1(RegisterSuccessPage.java:25)
at PageLayer.RegisterSuccessPage.getCurrentUrl1(RegisterSuccessPage.java:25)
at PageLayer.RegisterSuccessPage.getCurrentUrl1(RegisterSuccessPage.java:25)
at PageLayer.RegisterSuccessPage.getCurrentUrl1(RegisterSuccessPage.java:25)
at PageLayer.RegisterSuccessPage.getCurrentUrl1(RegisterSuccessPage.java:25)
at PageLayer.RegisterSuccessPage.getCurrentUrl1(RegisterSuccessPage.java:25)
at PageLayer.RegisterSuccessPage.getCurrentUrl1(RegisterSuccessPage.java:25)
at PageLayer.RegisterSuccessPage.getCurrentUrl1(RegisterSuccessPage.java:25)
at PageLayer.RegisterSuccessPage.getCurrentUrl1(RegisterSuccessPage.java:25)
at PageLayer.RegisterSuccessPage.getCurrentUrl1(RegisterSuccessPage.java:25)
at PageLayer.RegisterSuccessPage.getCurrentUrl1(RegisterSuccessPage.java:25)
at PageLayer.RegisterSuccessPage.getCurrentUrl1(RegisterSuccessPage.java:25)
at PageLayer.RegisterSuccessPage.getCurrentUrl1(RegisterSuccessPage.java:25)
at PageLayer.RegisterSuccessPage.getCurrentUrl1(RegisterSuccessPage.java:25)
at PageLayer.RegisterSuccessPage.getCurrentUrl1(RegisterSuccessPage.java:25)
at PageLayer.RegisterSuccessPage.getCurrentUrl1(RegisterSuccessPage.java:25)
at PageLayer.RegisterSuccessPage.getCurrentUrl1(RegisterSuccessPage.java:25)
at PageLayer.RegisterSuccessPage.getCurrentUrl1(RegisterSuccessPage.java:25)
at PageLayer.RegisterSuccessPage.getCurrentUrl1(RegisterSuccessPage.java:25)
at PageLayer.RegisterSuccessPage.getCurrentUrl1(RegisterSuccessPage.java:25)
at PageLayer.RegisterSuccessPage.getCurrentUrl1(RegisterSuccessPage.java:25)
at PageLayer.RegisterSuccessPage.getCurrentUrl1(RegisterSuccessPage.java:25)
at PageLayer.RegisterSuccessPage.getCurrentUrl1(RegisterSuccessPage.java:25)
at PageLayer.RegisterSuccessPage.getCurrentUrl1(RegisterSuccessPage.java:25)
at PageLayer.RegisterSuccessPage.getCurrentUrl1(RegisterSuccessPage.java:25)
at PageLayer.RegisterSuccessPage.getCurrentUrl1(RegisterSuccessPage.java:25)
at PageLayer.RegisterSuccessPage.getCurrentUrl1(RegisterSuccessPage.java:25)
at PageLayer.RegisterSuccessPage.getCurrentUrl1(RegisterSuccessPage.java:25)
at PageLayer.RegisterSuccessPage.getCurrentUrl1(RegisterSuccessPage.java:25)
at PageLayer.RegisterSuccessPage.getCurrentUrl1(RegisterSuccessPage.java:25)
at PageLayer.RegisterSuccessPage.getCurrentUrl1(RegisterSuccessPage.java:25)
at PageLayer.RegisterSuccessPage.getCurrentUrl1(RegisterSuccessPage.java:25)
at PageLayer.RegisterSuccessPage.getCurrentUrl1(RegisterSuccessPage.java:25)
at PageLayer.RegisterSuccessPage.getCurrentUrl1(RegisterSuccessPage.java:25)
at PageLayer.RegisterSuccessPage.getCurrentUrl1(RegisterSuccessPage.java:25)
at PageLayer.RegisterSuccessPage.getCurrentUrl1(RegisterSuccessPage.java:25)
at PageLayer.RegisterSuccessPage.getCurrentUrl1(RegisterSuccessPage.java:25)
at PageLayer.RegisterSuccessPage.getCurrentUrl1(RegisterSuccessPage.java:25)
at PageLayer.RegisterSuccessPage.getCurrentUrl1(RegisterSuccessPage.java:25)
at PageLayer.RegisterSuccessPage.getCurrentUrl1(RegisterSuccessPage.java:25)
at PageLayer.RegisterSuccessPage.getCurrentUrl1(RegisterSuccessPage.java:25)
at PageLayer.RegisterSuccessPage.getCurrentUrl1(RegisterSuccessPage.java:25)
at PageLayer.RegisterSuccessPage.getCurrentUrl1(RegisterSuccessPage.java:25)
at PageLayer.RegisterSuccessPage.getCurrentUrl1(RegisterSuccessPage.java:25)
at PageLayer.RegisterSuccessPage.getCurrentUrl1(RegisterSuccessPage.java:25)
at PageLayer.RegisterSuccessPage.getCurrentUrl1(RegisterSuccessPage.java:25)
at PageLayer.RegisterSuccessPage.getCurrentUrl1(RegisterSuccessPage.java:25)
at PageLayer.RegisterSuccessPage.getCurrentUrl1(RegisterSuccessPage.java:25)
at PageLayer.RegisterSuccessPage.getCurrentUrl1(RegisterSuccessPage.java:25)
at PageLayer.RegisterSuccessPage.getCurrentUrl1(RegisterSuccessPage.java:25)
at PageLayer.RegisterSuccessPage.getCurrentUrl1(RegisterSuccessPage.java:25)
at PageLayer.RegisterSuccessPage.getCurrentUrl1(RegisterSuccessPage.java:25)
at PageLayer.RegisterSuccessPage.getCurrentUrl1(RegisterSuccessPage.java:25)
at PageLayer.RegisterSuccessPage.getCurrentUrl1(RegisterSuccessPage.java:25)
at PageLayer.RegisterSuccessPage.getCurrentUrl1(RegisterSuccessPage.java:25)
at PageLayer.RegisterSuccessPage.getCurrentUrl1(RegisterSuccessPage.java:25)
at PageLayer.RegisterSuccessPage.getCurrentUrl1(RegisterSuccessPage.java:25)
at PageLayer.RegisterSuccessPage.getCurrentUrl1(RegisterSuccessPage.java:25)
at PageLayer.RegisterSuccessPage.getCurrentUrl1(RegisterSuccessPage.java:25)
at PageLayer.RegisterSuccessPage.getCurrentUrl1(RegisterSuccessPage.java:25)
at PageLayer.RegisterSuccessPage.getCurrentUrl1(RegisterSuccessPage.java:25)
at PageLayer.RegisterSuccessPage.getCurrentUrl1(RegisterSuccessPage.java:25)
at PageLayer.RegisterSuccessPage.getCurrentUrl1(RegisterSuccessPage.java:25)
at PageLayer.RegisterSuccessPage.getCurrentUrl1(RegisterSuccessPage.java:25)
at PageLayer.RegisterSuccessPage.getCurrentUrl1(RegisterSuccessPage.java:25)
at PageLayer.RegisterSuccessPage.getCurrentUrl1(RegisterSuccessPage.java:25)
at PageLayer.RegisterSuccessPage.getCurrentUrl1(RegisterSuccessPage.java:25)
at PageLayer.RegisterSuccessPage.getCurrentUrl1(RegisterSuccessPage.java:25)
at PageLayer.RegisterSuccessPage.getCurrentUrl1(RegisterSuccessPage.java:25)
at PageLayer.RegisterSuccessPage.getCurrentUrl1(RegisterSuccessPage.java:25)
at PageLayer.RegisterSuccessPage.getCurrentUrl1(RegisterSuccessPage.java:25)
at PageLayer.RegisterSuccessPage.getCurrentUrl1(RegisterSuccessPage.java:25)
at PageLayer.RegisterSuccessPage.getCurrentUrl1(RegisterSuccessPage.java:25)
at PageLayer.RegisterSuccessPage.getCurrentUrl1(RegisterSuccessPage.java:25)
at PageLayer.RegisterSuccessPage.getCurrentUrl1(RegisterSuccessPage.java:25)
at PageLayer.RegisterSuccessPage.getCurrentUrl1(RegisterSuccessPage.java:25)
at PageLayer.RegisterSuccessPage.getCurrentUrl1(RegisterSuccessPage.java:25)
at PageLayer.RegisterSuccessPage.getCurrentUrl1(RegisterSuccessPage.java:25)
at PageLayer.RegisterSuccessPage.getCurrentUrl1(RegisterSuccessPage.java:25)
at PageLayer.RegisterSuccessPage.getCurrentUrl1(RegisterSuccessPage.java:25)
at PageLayer.RegisterSuccessPage.getCurrentUrl1(RegisterSuccessPage.java:25)
at PageLayer.RegisterSuccessPage.getCurrentUrl1(RegisterSuccessPage.java:25)
at PageLayer.RegisterSuccessPage.getCurrentUrl1(RegisterSuccessPage.java:25)
at PageLayer.RegisterSuccessPage.getCurrentUrl1(RegisterSuccessPage.java:25)
at PageLayer.RegisterSuccessPage.getCurrentUrl1(RegisterSuccessPage.java:25)
at PageLayer.RegisterSuccessPage.getCurrentUrl1(RegisterSuccessPage.java:25)
at PageLayer.RegisterSuccessPage.getCurrentUrl1(RegisterSuccessPage.java:25)
at PageLayer.RegisterSuccessPage.getCurrentUrl1(RegisterSuccessPage.java:25)
at PageLayer.RegisterSuccessPage.getCurrentUrl1(RegisterSuccessPage.java:25)
at PageLayer.RegisterSuccessPage.getCurrentUrl1(RegisterSuccessPage.java:25)
at PageLayer.RegisterSuccessPage.getCurrentUrl1(RegisterSuccessPage.java:25)
at PageLayer.RegisterSuccessPage.getCurrentUrl1(RegisterSuccessPage.java:25)
at PageLayer.RegisterSuccessPage.getCurrentUrl1(RegisterSuccessPage.java:25)
at PageLayer.RegisterSuccessPage.getCurrentUrl1(RegisterSuccessPage.java:25)
at PageLayer.RegisterSuccessPage.getCurrentUrl1(RegisterSuccessPage.java:25)
at PageLayer.RegisterSuccessPage.getCurrentUrl1(RegisterSuccessPage.java:25)
at PageLayer.RegisterSuccessPage.getCurrentUrl1(RegisterSuccessPage.java:25)
at PageLayer.RegisterSuccessPage.getCurrentUrl1(RegisterSuccessPage.java:25)
at PageLayer.RegisterSuccessPage.getCurrentUrl1(RegisterSuccessPage.java:25)
at PageLayer.RegisterSuccessPage.getCurrentUrl1(RegisterSuccessPage.java:25)
at PageLayer.RegisterSuccessPage.getCurrentUrl1(RegisterSuccessPage.java:25)
at PageLayer.RegisterSuccessPage.getCurrentUrl1(RegisterSuccessPage.java:25)
at PageLayer.RegisterSuccessPage.getCurrentUrl1(RegisterSuccessPage.java:25)
at PageLayer.RegisterSuccessPage.getCurrentUrl1(RegisterSuccessPage.java:25)
at PageLayer.RegisterSuccessPage.getCurrentUrl1(RegisterSuccessPage.java:25)
at PageLayer.RegisterSuccessPage.getCurrentUrl1(RegisterSuccessPage.java:25)
at PageLayer.RegisterSuccessPage.getCurrentUrl1(RegisterSuccessPage.java:25)
at PageLayer.RegisterSuccessPage.getCurrentUrl1(RegisterSuccessPage.java:25)
at PageLayer.RegisterSuccessPage.getCurrentUrl1(RegisterSuccessPage.java:25)
at PageLayer.RegisterSuccessPage.getCurrentUrl1(RegisterSuccessPage.java:25)
at PageLayer.RegisterSuccessPage.getCurrentUrl1(RegisterSuccessPage.java:25)
at PageLayer.RegisterSuccessPage.getCurrentUrl1(RegisterSuccessPage.java:25)
at PageLayer.RegisterSuccessPage.getCurrentUrl1(RegisterSuccessPage.java:25)
at PageLayer.RegisterSuccessPage.getCurrentUrl1(RegisterSuccessPage.java:25)
at PageLayer.RegisterSuccessPage.getCurrentUrl1(RegisterSuccessPage.java:25)
at PageLayer.RegisterSuccessPage.getCurrentUrl1(RegisterSuccessPage.java:25)
at PageLayer.RegisterSuccessPage.getCurrentUrl1(RegisterSuccessPage.java:25)
at PageLayer.RegisterSuccessPage.getCurrentUrl1(RegisterSuccessPage.java:25)
at PageLayer.RegisterSuccessPage.getCurrentUrl1(RegisterSuccessPage.java:25)
at PageLayer.RegisterSuccessPage.getCurrentUrl1(RegisterSuccessPage.java:25)
at PageLayer.RegisterSuccessPage.getCurrentUrl1(RegisterSuccessPage.java:25)
at PageLayer.RegisterSuccessPage.getCurrentUrl1(RegisterSuccessPage.java:25)
at PageLayer.RegisterSuccessPage.getCurrentUrl1(RegisterSuccessPage.java:25)
at PageLayer.RegisterSuccessPage.getCurrentUrl1(RegisterSuccessPage.java:25)
at PageLayer.RegisterSuccessPage.getCurrentUrl1(RegisterSuccessPage.java:25)
at PageLayer.RegisterSuccessPage.getCurrentUrl1(RegisterSuccessPage.java:25)
at PageLayer.RegisterSuccessPage.getCurrentUrl1(RegisterSuccessPage.java:25)
at PageLayer.RegisterSuccessPage.getCurrentUrl1(RegisterSuccessPage.java:25)
at PageLayer.RegisterSuccessPage.getCurrentUrl1(RegisterSuccessPage.java:25)
at PageLayer.RegisterSuccessPage.getCurrentUrl1(RegisterSuccessPage.java:25)
at PageLayer.RegisterSuccessPage.getCurrentUrl1(RegisterSuccessPage.java:25)
at PageLayer.RegisterSuccessPage.getCurrentUrl1(RegisterSuccessPage.java:25)
at PageLayer.RegisterSuccessPage.getCurrentUrl1(RegisterSuccessPage.java:25)
at PageLayer.RegisterSuccessPage.getCurrentUrl1(RegisterSuccessPage.java:25)
at PageLayer.RegisterSuccessPage.getCurrentUrl1(RegisterSuccessPage.java:25)
at PageLayer.RegisterSuccessPage.getCurrentUrl1(RegisterSuccessPage.java:25)
at PageLayer.RegisterSuccessPage.getCurrentUrl1(RegisterSuccessPage.java:25)
at PageLayer.RegisterSuccessPage.getCurrentUrl1(RegisterSuccessPage.java:25)
at PageLayer.RegisterSuccessPage.getCurrentUrl1(RegisterSuccessPage.java:25)
at PageLayer.RegisterSuccessPage.getCurrentUrl1(RegisterSuccessPage.java:25)
at PageLayer.RegisterSuccessPage.getCurrentUrl1(RegisterSuccessPage.java:25)
at PageLayer.RegisterSuccessPage.getCurrentUrl1(RegisterSuccessPage.java:25)
at PageLayer.RegisterSuccessPage.getCurrentUrl1(RegisterSuccessPage.java:25)
at PageLayer.RegisterSuccessPage.getCurrentUrl1(RegisterSuccessPage.java:25)
at PageLayer.RegisterSuccessPage.getCurrentUrl1(RegisterSuccessPage.java:25)
at PageLayer.RegisterSuccessPage.getCurrentUrl1(RegisterSuccessPage.java:25)
at PageLayer.RegisterSuccessPage.getCurrentUrl1(RegisterSuccessPage.java:25)
at PageLayer.RegisterSuccessPage.getCurrentUrl1(RegisterSuccessPage.java:25)
at PageLayer.RegisterSuccessPage.getCurrentUrl1(RegisterSuccessPage.java:25)
at PageLayer.RegisterSuccessPage.getCurrentUrl1(RegisterSuccessPage.java:25)
at PageLayer.RegisterSuccessPage.getCurrentUrl1(RegisterSuccessPage.java:25)
at PageLayer.RegisterSuccessPage.getCurrentUrl1(RegisterSuccessPage.java:25)
at PageLayer.RegisterSuccessPage.getCurrentUrl1(RegisterSuccessPage.java:25)
at PageLayer.RegisterSuccessPage.getCurrentUrl1(RegisterSuccessPage.java:25)
at PageLayer.RegisterSuccessPage.getCurrentUrl1(RegisterSuccessPage.java:25)
at PageLayer.RegisterSuccessPage.getCurrentUrl1(RegisterSuccessPage.java:25)
at PageLayer.RegisterSuccessPage.getCurrentUrl1(RegisterSuccessPage.java:25)
at PageLayer.RegisterSuccessPage.getCurrentUrl1(RegisterSuccessPage.java:25)
at PageLayer.RegisterSuccessPage.getCurrentUrl1(RegisterSuccessPage.java:25)
at PageLayer.RegisterSuccessPage.getCurrentUrl1(RegisterSuccessPage.java:25)
at PageLayer.RegisterSuccessPage.getCurrentUrl1(RegisterSuccessPage.java:25)
at PageLayer.RegisterSuccessPage.getCurrentUrl1(RegisterSuccessPage.java:25)
at PageLayer.RegisterSuccessPage.getCurrentUrl1(RegisterSuccessPage.java:25)
at PageLayer.RegisterSuccessPage.getCurrentUrl1(RegisterSuccessPage.java:25)
at PageLayer.RegisterSuccessPage.getCurrentUrl1(RegisterSuccessPage.java:25)
at PageLayer.RegisterSuccessPage.getCurrentUrl1(RegisterSuccessPage.java:25)
at PageLayer.RegisterSuccessPage.getCurrentUrl1(RegisterSuccessPage.java:25)
at PageLayer.RegisterSuccessPage.getCurrentUrl1(RegisterSuccessPage.java:25)
at PageLayer.RegisterSuccessPage.getCurrentUrl1(RegisterSuccessPage.java:25)
at PageLayer.RegisterSuccessPage.getCurrentUrl1(RegisterSuccessPage.java:25)
at PageLayer.RegisterSuccessPage.getCurrentUrl1(RegisterSuccessPage.java:25)
at PageLayer.RegisterSuccessPage.getCurrentUrl1(RegisterSuccessPage.java:25)
at PageLayer.RegisterSuccessPage.getCurrentUrl1(RegisterSuccessPage.java:25)
at PageLayer.RegisterSuccessPage.getCurrentUrl1(RegisterSuccessPage.java:25)
at PageLayer.RegisterSuccessPage.getCurrentUrl1(RegisterSuccessPage.java:25)
at PageLayer.RegisterSuccessPage.getCurrentUrl1(RegisterSuccessPage.java:25)
at PageLayer.RegisterSuccessPage.getCurrentUrl1(RegisterSuccessPage.java:25)
at PageLayer.RegisterSuccessPage.getCurrentUrl1(RegisterSuccessPage.java:25)
at PageLayer.RegisterSuccessPage.getCurrentUrl1(RegisterSuccessPage.java:25)
at PageLayer.RegisterSuccessPage.getCurrentUrl1(RegisterSuccessPage.java:25)
at PageLayer.RegisterSuccessPage.getCurrentUrl1(RegisterSuccessPage.java:25)
at PageLayer.RegisterSuccessPage.getCurrentUrl1(RegisterSuccessPage.java:25)
at PageLayer.RegisterSuccessPage.getCurrentUrl1(RegisterSuccessPage.java:25)
at PageLayer.RegisterSuccessPage.getCurrentUrl1(RegisterSuccessPage.java:25)
at PageLayer.RegisterSuccessPage.getCurrentUrl1(RegisterSuccessPage.java:25)
at PageLayer.RegisterSuccessPage.getCurrentUrl1(RegisterSuccessPage.java:25)
at PageLayer.RegisterSuccessPage.getCurrentUrl1(RegisterSuccessPage.java:25)
at PageLayer.RegisterSuccessPage.getCurrentUrl1(RegisterSuccessPage.java:25)
at PageLayer.RegisterSuccessPage.getCurrentUrl1(RegisterSuccessPage.java:25)
at PageLayer.RegisterSuccessPage.getCurrentUrl1(RegisterSuccessPage.java:25)
at PageLayer.RegisterSuccessPage.getCurrentUrl1(RegisterSuccessPage.java:25)
at PageLayer.RegisterSuccessPage.getCurrentUrl1(RegisterSuccessPage.java:25)
at PageLayer.RegisterSuccessPage.getCurrentUrl1(RegisterSuccessPage.java:25)
at PageLayer.RegisterSuccessPage.getCurrentUrl1(RegisterSuccessPage.java:25)
at PageLayer.RegisterSuccessPage.getCurrentUrl1(RegisterSuccessPage.java:25)
at PageLayer.RegisterSuccessPage.getCurrentUrl1(RegisterSuccessPage.java:25)
at PageLayer.RegisterSuccessPage.getCurrentUrl1(RegisterSuccessPage.java:25)
at PageLayer.RegisterSuccessPage.getCurrentUrl1(RegisterSuccessPage.java:25)
at PageLayer.RegisterSuccessPage.getCurrentUrl1(RegisterSuccessPage.java:25)
at PageLayer.RegisterSuccessPage.getCurrentUrl1(RegisterSuccessPage.java:25)
at PageLayer.RegisterSuccessPage.getCurrentUrl1(RegisterSuccessPage.java:25)
at PageLayer.RegisterSuccessPage.getCurrentUrl1(RegisterSuccessPage.java:25)
at PageLayer.RegisterSuccessPage.getCurrentUrl1(RegisterSuccessPage.java:25)
at PageLayer.RegisterSuccessPage.getCurrentUrl1(RegisterSuccessPage.java:25)
at PageLayer.RegisterSuccessPage.getCurrentUrl1(RegisterSuccessPage.java:25)
at PageLayer.RegisterSuccessPage.getCurrentUrl1(RegisterSuccessPage.java:25)
at PageLayer.RegisterSuccessPage.getCurrentUrl1(RegisterSuccessPage.java:25)
at PageLayer.RegisterSuccessPage.getCurrentUrl1(RegisterSuccessPage.java:25)
at PageLayer.RegisterSuccessPage.getCurrentUrl1(RegisterSuccessPage.java:25)
at PageLayer.RegisterSuccessPage.getCurrentUrl1(RegisterSuccessPage.java:25)
at PageLayer.RegisterSuccessPage.getCurrentUrl1(RegisterSuccessPage.java:25)
at PageLayer.RegisterSuccessPage.getCurrentUrl1(RegisterSuccessPage.java:25)
at PageLayer.RegisterSuccessPage.getCurrentUrl1(RegisterSuccessPage.java:25)
at PageLayer.RegisterSuccessPage.getCurrentUrl1(RegisterSuccessPage.java:25)
at PageLayer.RegisterSuccessPage.getCurrentUrl1(RegisterSuccessPage.java:25)
at PageLayer.RegisterSuccessPage.getCurrentUrl1(RegisterSuccessPage.java:25)
at PageLayer.RegisterSuccessPage.getCurrentUrl1(RegisterSuccessPage.java:25)
at PageLayer.RegisterSuccessPage.getCurrentUrl1(RegisterSuccessPage.java:25)
at PageLayer.RegisterSuccessPage.getCurrentUrl1(RegisterSuccessPage.java:25)
at PageLayer.RegisterSuccessPage.getCurrentUrl1(RegisterSuccessPage.java:25)
at PageLayer.RegisterSuccessPage.getCurrentUrl1(RegisterSuccessPage.java:25)
at PageLayer.RegisterSuccessPage.getCurrentUrl1(RegisterSuccessPage.java:25)
at PageLayer.RegisterSuccessPage.getCurrentUrl1(RegisterSuccessPage.java:25)
at PageLayer.RegisterSuccessPage.getCurrentUrl1(RegisterSuccessPage.java:25)
at PageLayer.RegisterSuccessPage.getCurrentUrl1(RegisterSuccessPage.java:25)
at PageLayer.RegisterSuccessPage.getCurrentUrl1(RegisterSuccessPage.java:25)
at PageLayer.RegisterSuccessPage.getCurrentUrl1(RegisterSuccessPage.java:25)
at PageLayer.RegisterSuccessPage.getCurrentUrl1(RegisterSuccessPage.java:25)
at PageLayer.RegisterSuccessPage.getCurrentUrl1(RegisterSuccessPage.java:25)
at PageLayer.RegisterSuccessPage.getCurrentUrl1(RegisterSuccessPage.java:25)
at PageLayer.RegisterSuccessPage.getCurrentUrl1(RegisterSuccessPage.java:25)
at PageLayer.RegisterSuccessPage.getCurrentUrl1(RegisterSuccessPage.java:25)
at PageLayer.RegisterSuccessPage.getCurrentUrl1(RegisterSuccessPage.java:25)
at PageLayer.RegisterSuccessPage.getCurrentUrl1(RegisterSuccessPage.java:25)
at PageLayer.RegisterSuccessPage.getCurrentUrl1(RegisterSuccessPage.java:25)
at PageLayer.RegisterSuccessPage.getCurrentUrl1(RegisterSuccessPage.java:25)
at PageLayer.RegisterSuccessPage.getCurrentUrl1(RegisterSuccessPage.java:25)
at PageLayer.RegisterSuccessPage.getCurrentUrl1(RegisterSuccessPage.java:25)
at PageLayer.RegisterSuccessPage.getCurrentUrl1(RegisterSuccessPage.java:25)
at PageLayer.RegisterSuccessPage.getCurrentUrl1(RegisterSuccessPage.java:25)
at PageLayer.RegisterSuccessPage.getCurrentUrl1(RegisterSuccessPage.java:25)
at PageLayer.RegisterSuccessPage.getCurrentUrl1(RegisterSuccessPage.java:25)
at PageLayer.RegisterSuccessPage.getCurrentUrl1(RegisterSuccessPage.java:25)
at PageLayer.RegisterSuccessPage.getCurrentUrl1(RegisterSuccessPage.java:25)
at PageLayer.RegisterSuccessPage.getCurrentUrl1(RegisterSuccessPage.java:25)
at PageLayer.RegisterSuccessPage.getCurrentUrl1(RegisterSuccessPage.java:25)
at PageLayer.RegisterSuccessPage.getCurrentUrl1(RegisterSuccessPage.java:25)
at PageLayer.RegisterSuccessPage.getCurrentUrl1(RegisterSuccessPage.java:25)
at PageLayer.RegisterSuccessPage.getCurrentUrl1(RegisterSuccessPage.java:25)
at PageLayer.RegisterSuccessPage.getCurrentUrl1(RegisterSuccessPage.java:25)
at PageLayer.RegisterSuccessPage.getCurrentUrl1(RegisterSuccessPage.java:25)
at PageLayer.RegisterSuccessPage.getCurrentUrl1(RegisterSuccessPage.java:25)
at PageLayer.RegisterSuccessPage.getCurrentUrl1(RegisterSuccessPage.java:25)
at PageLayer.RegisterSuccessPage.getCurrentUrl1(RegisterSuccessPage.java:25)
at PageLayer.RegisterSuccessPage.getCurrentUrl1(RegisterSuccessPage.java:25)
at PageLayer.RegisterSuccessPage.getCurrentUrl1(RegisterSuccessPage.java:25)
at PageLayer.RegisterSuccessPage.getCurrentUrl1(RegisterSuccessPage.java:25)
at PageLayer.RegisterSuccessPage.getCurrentUrl1(RegisterSuccessPage.java:25)
at PageLayer.RegisterSuccessPage.getCurrentUrl1(RegisterSuccessPage.java:25)
at PageLayer.RegisterSuccessPage.getCurrentUrl1(RegisterSuccessPage.java:25)
at PageLayer.RegisterSuccessPage.getCurrentUrl1(RegisterSuccessPage.java:25)
at PageLayer.RegisterSuccessPage.getCurrentUrl1(RegisterSuccessPage.java:25)
at PageLayer.RegisterSuccessPage.getCurrentUrl1(RegisterSuccessPage.java:25)
at PageLayer.RegisterSuccessPage.getCurrentUrl1(RegisterSuccessPage.java:25)
at PageLayer.RegisterSuccessPage.getCurrentUrl1(RegisterSuccessPage.java:25)
at PageLayer.RegisterSuccessPage.getCurrentUrl1(RegisterSuccessPage.java:25)
at PageLayer.RegisterSuccessPage.getCurrentUrl1(RegisterSuccessPage.java:25)
at PageLayer.RegisterSuccessPage.getCurrentUrl1(RegisterSuccessPage.java:25)
at PageLayer.RegisterSuccessPage.getCurrentUrl1(RegisterSuccessPage.java:25)
at PageLayer.RegisterSuccessPage.getCurrentUrl1(RegisterSuccessPage.java:25)
at PageLayer.RegisterSuccessPage.getCurrentUrl1(RegisterSuccessPage.java:25)
at PageLayer.RegisterSuccessPage.getCurrentUrl1(RegisterSuccessPage.java:25)
at PageLayer.RegisterSuccessPage.getCurrentUrl1(RegisterSuccessPage.java:25)
at PageLayer.RegisterSuccessPage.getCurrentUrl1(RegisterSuccessPage.java:25)
at PageLayer.RegisterSuccessPage.getCurrentUrl1(RegisterSuccessPage.java:25)
at PageLayer.RegisterSuccessPage.getCurrentUrl1(RegisterSuccessPage.java:25)
at PageLayer.RegisterSuccessPage.getCurrentUrl1(RegisterSuccessPage.java:25)
at PageLayer.RegisterSuccessPage.getCurrentUrl1(RegisterSuccessPage.java:25)
at PageLayer.RegisterSuccessPage.getCurrentUrl1(RegisterSuccessPage.java:25)
at PageLayer.RegisterSuccessPage.getCurrentUrl1(RegisterSuccessPage.java:25)
at PageLayer.RegisterSuccessPage.getCurrentUrl1(RegisterSuccessPage.java:25)
at PageLayer.RegisterSuccessPage.getCurrentUrl1(RegisterSuccessPage.java:25)
at PageLayer.RegisterSuccessPage.getCurrentUrl1(RegisterSuccessPage.java:25)
at PageLayer.RegisterSuccessPage.getCurrentUrl1(RegisterSuccessPage.java:25)
at PageLayer.RegisterSuccessPage.getCurrentUrl1(RegisterSuccessPage.java:25)
at PageLayer.RegisterSuccessPage.getCurrentUrl1(RegisterSuccessPage.java:25)
at PageLayer.RegisterSuccessPage.getCurrentUrl1(RegisterSuccessPage.java:25)
at PageLayer.RegisterSuccessPage.getCurrentUrl1(RegisterSuccessPage.java:25)
at PageLayer.RegisterSuccessPage.getCurrentUrl1(RegisterSuccessPage.java:25)
at PageLayer.RegisterSuccessPage.getCurrentUrl1(RegisterSuccessPage.java:25)
at PageLayer.RegisterSuccessPage.getCurrentUrl1(RegisterSuccessPage.java:25)
at PageLayer.RegisterSuccessPage.getCurrentUrl1(RegisterSuccessPage.java:25)
at PageLayer.RegisterSuccessPage.getCurrentUrl1(RegisterSuccessPage.java:25)
at PageLayer.RegisterSuccessPage.getCurrentUrl1(RegisterSuccessPage.java:25)
at PageLayer.RegisterSuccessPage.getCurrentUrl1(RegisterSuccessPage.java:25)
at PageLayer.RegisterSuccessPage.getCurrentUrl1(RegisterSuccessPage.java:25)
at PageLayer.RegisterSuccessPage.getCurrentUrl1(RegisterSuccessPage.java:25)
at PageLayer.RegisterSuccessPage.getCurrentUrl1(RegisterSuccessPage.java:25)
at PageLayer.RegisterSuccessPage.getCurrentUrl1(RegisterSuccessPage.java:25)
at PageLayer.RegisterSuccessPage.getCurrentUrl1(RegisterSuccessPage.java:25)
at PageLayer.RegisterSuccessPage.getCurrentUrl1(RegisterSuccessPage.java:25)
at PageLayer.RegisterSuccessPage.getCurrentUrl1(RegisterSuccessPage.java:25)
at PageLayer.RegisterSuccessPage.getCurrentUrl1(RegisterSuccessPage.java:25)
at PageLayer.RegisterSuccessPage.getCurrentUrl1(RegisterSuccessPage.java:25)
at PageLayer.RegisterSuccessPage.getCurrentUrl1(RegisterSuccessPage.java:25)
at PageLayer.RegisterSuccessPage.getCurrentUrl1(RegisterSuccessPage.java:25)
at PageLayer.RegisterSuccessPage.getCurrentUrl1(RegisterSuccessPage.java:25)
at PageLayer.RegisterSuccessPage.getCurrentUrl1(RegisterSuccessPage.java:25)
at PageLayer.RegisterSuccessPage.getCurrentUrl1(RegisterSuccessPage.java:25)
at PageLayer.RegisterSuccessPage.getCurrentUrl1(RegisterSuccessPage.java:25)
at PageLayer.RegisterSuccessPage.getCurrentUrl1(RegisterSuccessPage.java:25)
at PageLayer.RegisterSuccessPage.getCurrentUrl1(RegisterSuccessPage.java:25)
at PageLayer.RegisterSuccessPage.getCurrentUrl1(RegisterSuccessPage.java:25)
at PageLayer.RegisterSuccessPage.getCurrentUrl1(RegisterSuccessPage.java:25)
at PageLayer.RegisterSuccessPage.getCurrentUrl1(RegisterSuccessPage.java:25)
at PageLayer.RegisterSuccessPage.getCurrentUrl1(RegisterSuccessPage.java:25)
at PageLayer.RegisterSuccessPage.getCurrentUrl1(RegisterSuccessPage.java:25)
at PageLayer.RegisterSuccessPage.getCurrentUrl1(RegisterSuccessPage.java:25)
at PageLayer.RegisterSuccessPage.getCurrentUrl1(RegisterSuccessPage.java:25)
at PageLayer.RegisterSuccessPage.getCurrentUrl1(RegisterSuccessPage.java:25)
at PageLayer.RegisterSuccessPage.getCurrentUrl1(RegisterSuccessPage.java:25)
at PageLayer.RegisterSuccessPage.getCurrentUrl1(RegisterSuccessPage.java:25)
at PageLayer.RegisterSuccessPage.getCurrentUrl1(RegisterSuccessPage.java:25)
at PageLayer.RegisterSuccessPage.getCurrentUrl1(RegisterSuccessPage.java:25)
at PageLayer.RegisterSuccessPage.getCurrentUrl1(RegisterSuccessPage.java:25)
at PageLayer.RegisterSuccessPage.getCurrentUrl1(RegisterSuccessPage.java:25)
at PageLayer.RegisterSuccessPage.getCurrentUrl1(RegisterSuccessPage.java:25)
at PageLayer.RegisterSuccessPage.getCurrentUrl1(RegisterSuccessPage.java:25)
at PageLayer.RegisterSuccessPage.getCurrentUrl1(RegisterSuccessPage.java:25)
at PageLayer.RegisterSuccessPage.getCurrentUrl1(RegisterSuccessPage.java:25)
at PageLayer.RegisterSuccessPage.getCurrentUrl1(RegisterSuccessPage.java:25)
at PageLayer.RegisterSuccessPage.getCurrentUrl1(RegisterSuccessPage.java:25)
at PageLayer.RegisterSuccessPage.getCurrentUrl1(RegisterSuccessPage.java:25)
at PageLayer.RegisterSuccessPage.getCurrentUrl1(RegisterSuccessPage.java:25)
at PageLayer.RegisterSuccessPage.getCurrentUrl1(RegisterSuccessPage.java:25)
at PageLayer.RegisterSuccessPage.getCurrentUrl1(RegisterSuccessPage.java:25)
at PageLayer.RegisterSuccessPage.getCurrentUrl1(RegisterSuccessPage.java:25)
at PageLayer.RegisterSuccessPage.getCurrentUrl1(RegisterSuccessPage.java:25)
at PageLayer.RegisterSuccessPage.getCurrentUrl1(RegisterSuccessPage.java:25)
at PageLayer.RegisterSuccessPage.getCurrentUrl1(RegisterSuccessPage.java:25)
at PageLayer.RegisterSuccessPage.getCurrentUrl1(RegisterSuccessPage.java:25)
at PageLayer.RegisterSuccessPage.getCurrentUrl1(RegisterSuccessPage.java:25)
at PageLayer.RegisterSuccessPage.getCurrentUrl1(RegisterSuccessPage.java:25)
at PageLayer.RegisterSuccessPage.getCurrentUrl1(RegisterSuccessPage.java:25)
at PageLayer.RegisterSuccessPage.getCurrentUrl1(RegisterSuccessPage.java:25)
at PageLayer.RegisterSuccessPage.getCurrentUrl1(RegisterSuccessPage.java:25)
at PageLayer.RegisterSuccessPage.getCurrentUrl1(RegisterSuccessPage.java:25)
at PageLayer.RegisterSuccessPage.getCurrentUrl1(RegisterSuccessPage.java:25)
at PageLayer.RegisterSuccessPage.getCurrentUrl1(RegisterSuccessPage.java:25)
at PageLayer.RegisterSuccessPage.getCurrentUrl1(RegisterSuccessPage.java:25)
at PageLayer.RegisterSuccessPage.getCurrentUrl1(RegisterSuccessPage.java:25)
at PageLayer.RegisterSuccessPage.getCurrentUrl1(RegisterSuccessPage.java:25)
at PageLayer.RegisterSuccessPage.getCurrentUrl1(RegisterSuccessPage.java:25)
at PageLayer.RegisterSuccessPage.getCurrentUrl1(RegisterSuccessPage.java:25)
at PageLayer.RegisterSuccessPage.getCurrentUrl1(RegisterSuccessPage.java:25)
at PageLayer.RegisterSuccessPage.getCurrentUrl1(RegisterSuccessPage.java:25)
at PageLayer.RegisterSuccessPage.getCurrentUrl1(RegisterSuccessPage.java:25)
at PageLayer.RegisterSuccessPage.getCurrentUrl1(RegisterSuccessPage.java:25)
at PageLayer.RegisterSuccessPage.getCurrentUrl1(RegisterSuccessPage.java:25)
at PageLayer.RegisterSuccessPage.getCurrentUrl1(RegisterSuccessPage.java:25)
at PageLayer.RegisterSuccessPage.getCurrentUrl1(RegisterSuccessPage.java:25)
at PageLayer.RegisterSuccessPage.getCurrentUrl1(RegisterSuccessPage.java:25)
at PageLayer.RegisterSuccessPage.getCurrentUrl1(RegisterSuccessPage.java:25)
at PageLayer.RegisterSuccessPage.getCurrentUrl1(RegisterSuccessPage.java:25)
at PageLayer.RegisterSuccessPage.getCurrentUrl1(RegisterSuccessPage.java:25)
at PageLayer.RegisterSuccessPage.getCurrentUrl1(RegisterSuccessPage.java:25)
at PageLayer.RegisterSuccessPage.getCurrentUrl1(RegisterSuccessPage.java:25)
at PageLayer.RegisterSuccessPage.getCurrentUrl1(RegisterSuccessPage.java:25)
at PageLayer.RegisterSuccessPage.getCurrentUrl1(RegisterSuccessPage.java:25)
at PageLayer.RegisterSuccessPage.getCurrentUrl1(RegisterSuccessPage.java:25)
at PageLayer.RegisterSuccessPage.getCurrentUrl1(RegisterSuccessPage.java:25)
at PageLayer.RegisterSuccessPage.getCurrentUrl1(RegisterSuccessPage.java:25)
at PageLayer.RegisterSuccessPage.getCurrentUrl1(RegisterSuccessPage.java:25)
at PageLayer.RegisterSuccessPage.getCurrentUrl1(RegisterSuccessPage.java:25)
at PageLayer.RegisterSuccessPage.getCurrentUrl1(RegisterSuccessPage.java:25)
at PageLayer.RegisterSuccessPage.getCurrentUrl1(RegisterSuccessPage.java:25)
at PageLayer.RegisterSuccessPage.getCurrentUrl1(RegisterSuccessPage.java:25)
at PageLayer.RegisterSuccessPage.getCurrentUrl1(RegisterSuccessPage.java:25)
at PageLayer.RegisterSuccessPage.getCurrentUrl1(RegisterSuccessPage.java:25)
at PageLayer.RegisterSuccessPage.getCurrentUrl1(RegisterSuccessPage.java:25)
at PageLayer.RegisterSuccessPage.getCurrentUrl1(RegisterSuccessPage.java:25)
at PageLayer.RegisterSuccessPage.getCurrentUrl1(RegisterSuccessPage.java:25)
at PageLayer.RegisterSuccessPage.getCurrentUrl1(RegisterSuccessPage.java:25)
at PageLayer.RegisterSuccessPage.getCurrentUrl1(RegisterSuccessPage.java:25)
at PageLayer.RegisterSuccessPage.getCurrentUrl1(RegisterSuccessPage.java:25)
at PageLayer.RegisterSuccessPage.getCurrentUrl1(RegisterSuccessPage.java:25)
at PageLayer.RegisterSuccessPage.getCurrentUrl1(RegisterSuccessPage.java:25)
at PageLayer.RegisterSuccessPage.getCurrentUrl1(RegisterSuccessPage.java:25)
at PageLayer.RegisterSuccessPage.getCurrentUrl1(RegisterSuccessPage.java:25)
at PageLayer.RegisterSuccessPage.getCurrentUrl1(RegisterSuccessPage.java:25)
at PageLayer.RegisterSuccessPage.getCurrentUrl1(RegisterSuccessPage.java:25)
at PageLayer.RegisterSuccessPage.getCurrentUrl1(RegisterSuccessPage.java:25)
at PageLayer.RegisterSuccessPage.getCurrentUrl1(RegisterSuccessPage.java:25)
at PageLayer.RegisterSuccessPage.getCurrentUrl1(RegisterSuccessPage.java:25)
at PageLayer.RegisterSuccessPage.getCurrentUrl1(RegisterSuccessPage.java:25)
at PageLayer.RegisterSuccessPage.getCurrentUrl1(RegisterSuccessPage.java:25)
at PageLayer.RegisterSuccessPage.getCurrentUrl1(RegisterSuccessPage.java:25)
at PageLayer.RegisterSuccessPage.getCurrentUrl1(RegisterSuccessPage.java:25)
at PageLayer.RegisterSuccessPage.getCurrentUrl1(RegisterSuccessPage.java:25)
at PageLayer.RegisterSuccessPage.getCurrentUrl1(RegisterSuccessPage.java:25)
at PageLayer.RegisterSuccessPage.getCurrentUrl1(RegisterSuccessPage.java:25)
at PageLayer.RegisterSuccessPage.getCurrentUrl1(RegisterSuccessPage.java:25)
at PageLayer.RegisterSuccessPage.getCurrentUrl1(RegisterSuccessPage.java:25)
at PageLayer.RegisterSuccessPage.getCurrentUrl1(RegisterSuccessPage.java:25)
at PageLayer.RegisterSuccessPage.getCurrentUrl1(RegisterSuccessPage.java:25)
at PageLayer.RegisterSuccessPage.getCurrentUrl1(RegisterSuccessPage.java:25)
at PageLayer.RegisterSuccessPage.getCurrentUrl1(RegisterSuccessPage.java:25)
at PageLayer.RegisterSuccessPage.getCurrentUrl1(RegisterSuccessPage.java:25)
at PageLayer.RegisterSuccessPage.getCurrentUrl1(RegisterSuccessPage.java:25)
at PageLayer.RegisterSuccessPage.getCurrentUrl1(RegisterSuccessPage.java:25)
at PageLayer.RegisterSuccessPage.getCurrentUrl1(RegisterSuccessPage.java:25)
at PageLayer.RegisterSuccessPage.getCurrentUrl1(RegisterSuccessPage.java:25)
at PageLayer.RegisterSuccessPage.getCurrentUrl1(RegisterSuccessPage.java:25)
at PageLayer.RegisterSuccessPage.getCurrentUrl1(RegisterSuccessPage.java:25)
at PageLayer.RegisterSuccessPage.getCurrentUrl1(RegisterSuccessPage.java:25)
at PageLayer.RegisterSuccessPage.getCurrentUrl1(RegisterSuccessPage.java:25)
at PageLayer.RegisterSuccessPage.getCurrentUrl1(RegisterSuccessPage.java:25)
at PageLayer.RegisterSuccessPage.getCurrentUrl1(RegisterSuccessPage.java:25)
at PageLayer.RegisterSuccessPage.getCurrentUrl1(RegisterSuccessPage.java:25)
at PageLayer.RegisterSuccessPage.getCurrentUrl1(RegisterSuccessPage.java:25)
at PageLayer.RegisterSuccessPage.getCurrentUrl1(RegisterSuccessPage.java:25)
at PageLayer.RegisterSuccessPage.getCurrentUrl1(RegisterSuccessPage.java:25)
at PageLayer.RegisterSuccessPage.getCurrentUrl1(RegisterSuccessPage.java:25)
at PageLayer.RegisterSuccessPage.getCurrentUrl1(RegisterSuccessPage.java:25)
at PageLayer.RegisterSuccessPage.getCurrentUrl1(RegisterSuccessPage.java:25)
at PageLayer.RegisterSuccessPage.getCurrentUrl1(RegisterSuccessPage.java:25)
at PageLayer.RegisterSuccessPage.getCurrentUrl1(RegisterSuccessPage.java:25)
at PageLayer.RegisterSuccessPage.getCurrentUrl1(RegisterSuccessPage.java:25)
at PageLayer.RegisterSuccessPage.getCurrentUrl1(RegisterSuccessPage.java:25)
at PageLayer.RegisterSuccessPage.getCurrentUrl1(RegisterSuccessPage.java:25)
at PageLayer.RegisterSuccessPage.getCurrentUrl1(RegisterSuccessPage.java:25)
at PageLayer.RegisterSuccessPage.getCurrentUrl1(RegisterSuccessPage.java:25)
at PageLayer.RegisterSuccessPage.getCurrentUrl1(RegisterSuccessPage.java:25)
at PageLayer.RegisterSuccessPage.getCurrentUrl1(RegisterSuccessPage.java:25)
at PageLayer.RegisterSuccessPage.getCurrentUrl1(RegisterSuccessPage.java:25)
at PageLayer.RegisterSuccessPage.getCurrentUrl1(RegisterSuccessPage.java:25)
at PageLayer.RegisterSuccessPage.getCurrentUrl1(RegisterSuccessPage.java:25)
at PageLayer.RegisterSuccessPage.getCurrentUrl1(RegisterSuccessPage.java:25)
at PageLayer.RegisterSuccessPage.getCurrentUrl1(RegisterSuccessPage.java:25)
at PageLayer.RegisterSuccessPage.getCurrentUrl1(RegisterSuccessPage.java:25)
at PageLayer.RegisterSuccessPage.getCurrentUrl1(RegisterSuccessPage.java:25)
at PageLayer.RegisterSuccessPage.getCurrentUrl1(RegisterSuccessPage.java:25)
at PageLayer.RegisterSuccessPage.getCurrentUrl1(RegisterSuccessPage.java:25)
at PageLayer.RegisterSuccessPage.getCurrentUrl1(RegisterSuccessPage.java:25)
at PageLayer.RegisterSuccessPage.getCurrentUrl1(RegisterSuccessPage.java:25)
at PageLayer.RegisterSuccessPage.getCurrentUrl1(RegisterSuccessPage.java:25)
at PageLayer.RegisterSuccessPage.getCurrentUrl1(RegisterSuccessPage.java:25)
at PageLayer.RegisterSuccessPage.getCurrentUrl1(RegisterSuccessPage.java:25)
at PageLayer.RegisterSuccessPage.getCurrentUrl1(RegisterSuccessPage.java:25)
at PageLayer.RegisterSuccessPage.getCurrentUrl1(RegisterSuccessPage.java:25)
at PageLayer.RegisterSuccessPage.getCurrentUrl1(RegisterSuccessPage.java:25)
at PageLayer.RegisterSuccessPage.getCurrentUrl1(RegisterSuccessPage.java:25)
at PageLayer.RegisterSuccessPage.getCurrentUrl1(RegisterSuccessPage.java:25)
at PageLayer.RegisterSuccessPage.getCurrentUrl1(RegisterSuccessPage.java:25)
at PageLayer.RegisterSuccessPage.getCurrentUrl1(RegisterSuccessPage.java:25)
at PageLayer.RegisterSuccessPage.getCurrentUrl1(RegisterSuccessPage.java:25)
at PageLayer.RegisterSuccessPage.getCurrentUrl1(RegisterSuccessPage.java:25)
at PageLayer.RegisterSuccessPage.getCurrentUrl1(RegisterSuccessPage.java:25)
at PageLayer.RegisterSuccessPage.getCurrentUrl1(RegisterSuccessPage.java:25)
at PageLayer.RegisterSuccessPage.getCurrentUrl1(RegisterSuccessPage.java:25)
at PageLayer.RegisterSuccessPage.getCurrentUrl1(RegisterSuccessPage.java:25)
at PageLayer.RegisterSuccessPage.getCurrentUrl1(RegisterSuccessPage.java:25)
at PageLayer.RegisterSuccessPage.getCurrentUrl1(RegisterSuccessPage.java:25)
at PageLayer.RegisterSuccessPage.getCurrentUrl1(RegisterSuccessPage.java:25)
at PageLayer.RegisterSuccessPage.getCurrentUrl1(RegisterSuccessPage.java:25)
at PageLayer.RegisterSuccessPage.getCurrentUrl1(RegisterSuccessPage.java:25)
at PageLayer.RegisterSuccessPage.getCurrentUrl1(RegisterSuccessPage.java:25)
at PageLayer.RegisterSuccessPage.getCurrentUrl1(RegisterSuccessPage.java:25)
at PageLayer.RegisterSuccessPage.getCurrentUrl1(RegisterSuccessPage.java:25)
at PageLayer.RegisterSuccessPage.getCurrentUrl1(RegisterSuccessPage.java:25)
at PageLayer.RegisterSuccessPage.getCurrentUrl1(RegisterSuccessPage.java:25)
at PageLayer.RegisterSuccessPage.getCurrentUrl1(RegisterSuccessPage.java:25)
at PageLayer.RegisterSuccessPage.getCurrentUrl1(RegisterSuccessPage.java:25)
at PageLayer.RegisterSuccessPage.getCurrentUrl1(RegisterSuccessPage.java:25)
at PageLayer.RegisterSuccessPage.getCurrentUrl1(RegisterSuccessPage.java:25)
at PageLayer.RegisterSuccessPage.getCurrentUrl1(RegisterSuccessPage.java:25)
at PageLayer.RegisterSuccessPage.getCurrentUrl1(RegisterSuccessPage.java:25)
at PageLayer.RegisterSuccessPage.getCurrentUrl1(RegisterSuccessPage.java:25)
at PageLayer.RegisterSuccessPage.getCurrentUrl1(RegisterSuccessPage.java:25)
at PageLayer.RegisterSuccessPage.getCurrentUrl1(RegisterSuccessPage.java:25)
at PageLayer.RegisterSuccessPage.getCurrentUrl1(RegisterSuccessPage.java:25)
at PageLayer.RegisterSuccessPage.getCurrentUrl1(RegisterSuccessPage.java:25)
at PageLayer.RegisterSuccessPage.getCurrentUrl1(RegisterSuccessPage.java:25)
at PageLayer.RegisterSuccessPage.getCurrentUrl1(RegisterSuccessPage.java:25)
at PageLayer.RegisterSuccessPage.getCurrentUrl1(RegisterSuccessPage.java:25)
at PageLayer.RegisterSuccessPage.getCurrentUrl1(RegisterSuccessPage.java:25)
at PageLayer.RegisterSuccessPage.getCurrentUrl1(RegisterSuccessPage.java:25)
at PageLayer.RegisterSuccessPage.getCurrentUrl1(RegisterSuccessPage.java:25)
at PageLayer.RegisterSuccessPage.getCurrentUrl1(RegisterSuccessPage.java:25)
at PageLayer.RegisterSuccessPage.getCurrentUrl1(RegisterSuccessPage.java:25)
at PageLayer.RegisterSuccessPage.getCurrentUrl1(RegisterSuccessPage.java:25)
at PageLayer.RegisterSuccessPage.getCurrentUrl1(RegisterSuccessPage.java:25)
at PageLayer.RegisterSuccessPage.getCurrentUrl1(RegisterSuccessPage.java:25)
at PageLayer.RegisterSuccessPage.getCurrentUrl1(RegisterSuccessPage.java:25)
at PageLayer.RegisterSuccessPage.getCurrentUrl1(RegisterSuccessPage.java:25)
at PageLayer.RegisterSuccessPage.getCurrentUrl1(RegisterSuccessPage.java:25)
at PageLayer.RegisterSuccessPage.getCurrentUrl1(RegisterSuccessPage.java:25)
at PageLayer.RegisterSuccessPage.getCurrentUrl1(RegisterSuccessPage.java:25)
at PageLayer.RegisterSuccessPage.getCurrentUrl1(RegisterSuccessPage.java:25)
at PageLayer.RegisterSuccessPage.getCurrentUrl1(RegisterSuccessPage.java:25)
at PageLayer.RegisterSuccessPage.getCurrentUrl1(RegisterSuccessPage.java:25)
at PageLayer.RegisterSuccessPage.getCurrentUrl1(RegisterSuccessPage.java:25)
at PageLayer.RegisterSuccessPage.getCurrentUrl1(RegisterSuccessPage.java:25)
at PageLayer.RegisterSuccessPage.getCurrentUrl1(RegisterSuccessPage.java:25)
at PageLayer.RegisterSuccessPage.getCurrentUrl1(RegisterSuccessPage.java:25)
at PageLayer.RegisterSuccessPage.getCurrentUrl1(RegisterSuccessPage.java:25)
at PageLayer.RegisterSuccessPage.getCurrentUrl1(RegisterSuccessPage.java:25)
at PageLayer.RegisterSuccessPage.getCurrentUrl1(RegisterSuccessPage.java:25)
at PageLayer.RegisterSuccessPage.getCurrentUrl1(RegisterSuccessPage.java:25)
at PageLayer.RegisterSuccessPage.getCurrentUrl1(RegisterSuccessPage.java:25)
at PageLayer.RegisterSuccessPage.getCurrentUrl1(RegisterSuccessPage.java:25)
at PageLayer.RegisterSuccessPage.getCurrentUrl1(RegisterSuccessPage.java:25)
at PageLayer.RegisterSuccessPage.getCurrentUrl1(RegisterSuccessPage.java:25)
at PageLayer.RegisterSuccessPage.getCurrentUrl1(RegisterSuccessPage.java:25)
at PageLayer.RegisterSuccessPage.getCurrentUrl1(RegisterSuccessPage.java:25)
at PageLayer.RegisterSuccessPage.getCurrentUrl1(RegisterSuccessPage.java:25)
at PageLayer.RegisterSuccessPage.getCurrentUrl1(RegisterSuccessPage.java:25)
at PageLayer.RegisterSuccessPage.getCurrentUrl1(RegisterSuccessPage.java:25)
at PageLayer.RegisterSuccessPage.getCurrentUrl1(RegisterSuccessPage.java:25)
at PageLayer.RegisterSuccessPage.getCurrentUrl1(RegisterSuccessPage.java:25)
at PageLayer.RegisterSuccessPage.getCurrentUrl1(RegisterSuccessPage.java:25)
at PageLayer.RegisterSuccessPage.getCurrentUrl1(RegisterSuccessPage.java:25)
at PageLayer.RegisterSuccessPage.getCurrentUrl1(RegisterSuccessPage.java:25)
at PageLayer.RegisterSuccessPage.getCurrentUrl1(RegisterSuccessPage.java:25)
at PageLayer.RegisterSuccessPage.getCurrentUrl1(RegisterSuccessPage.java:25)
at PageLayer.RegisterSuccessPage.getCurrentUrl1(RegisterSuccessPage.java:25)
at PageLayer.RegisterSuccessPage.getCurrentUrl1(RegisterSuccessPage.java:25)
at PageLayer.RegisterSuccessPage.getCurrentUrl1(RegisterSuccessPage.java:25)
at PageLayer.RegisterSuccessPage.getCurrentUrl1(RegisterSuccessPage.java:25)
at PageLayer.RegisterSuccessPage.getCurrentUrl1(RegisterSuccessPage.java:25)
at PageLayer.RegisterSuccessPage.getCurrentUrl1(RegisterSuccessPage.java:25)
at PageLayer.RegisterSuccessPage.getCurrentUrl1(RegisterSuccessPage.java:25)
at PageLayer.RegisterSuccessPage.getCurrentUrl1(RegisterSuccessPage.java:25)
at PageLayer.RegisterSuccessPage.getCurrentUrl1(RegisterSuccessPage.java:25)
at PageLayer.RegisterSuccessPage.getCurrentUrl1(RegisterSuccessPage.java:25)
at PageLayer.RegisterSuccessPage.getCurrentUrl1(RegisterSuccessPage.java:25)
at PageLayer.RegisterSuccessPage.getCurrentUrl1(RegisterSuccessPage.java:25)
at PageLayer.RegisterSuccessPage.getCurrentUrl1(RegisterSuccessPage.java:25)
at PageLayer.RegisterSuccessPage.getCurrentUrl1(RegisterSuccessPage.java:25)
at PageLayer.RegisterSuccessPage.getCurrentUrl1(RegisterSuccessPage.java:25)
at PageLayer.RegisterSuccessPage.getCurrentUrl1(RegisterSuccessPage.java:25)
at PageLayer.RegisterSuccessPage.getCurrentUrl1(RegisterSuccessPage.java:25)
at PageLayer.RegisterSuccessPage.getCurrentUrl1(RegisterSuccessPage.java:25)
at PageLayer.RegisterSuccessPage.getCurrentUrl1(RegisterSuccessPage.java:25)
at PageLayer.RegisterSuccessPage.getCurrentUrl1(RegisterSuccessPage.java:25)
at PageLayer.RegisterSuccessPage.getCurrentUrl1(RegisterSuccessPage.java:25)
at PageLayer.RegisterSuccessPage.getCurrentUrl1(RegisterSuccessPage.java:25)
at PageLayer.RegisterSuccessPage.getCurrentUrl1(RegisterSuccessPage.java:25)
at PageLayer.RegisterSuccessPage.getCurrentUrl1(RegisterSuccessPage.java:25)
at PageLayer.RegisterSuccessPage.getCurrentUrl1(RegisterSuccessPage.java:25)
at PageLayer.RegisterSuccessPage.getCurrentUrl1(RegisterSuccessPage.java:25)
at PageLayer.RegisterSuccessPage.getCurrentUrl1(RegisterSuccessPage.java:25)
at PageLayer.RegisterSuccessPage.getCurrentUrl1(RegisterSuccessPage.java:25)
at PageLayer.RegisterSuccessPage.getCurrentUrl1(RegisterSuccessPage.java:25)
at PageLayer.RegisterSuccessPage.getCurrentUrl1(RegisterSuccessPage.java:25)
at PageLayer.RegisterSuccessPage.getCurrentUrl1(RegisterSuccessPage.java:25)
at PageLayer.RegisterSuccessPage.getCurrentUrl1(RegisterSuccessPage.java:25)
at PageLayer.RegisterSuccessPage.getCurrentUrl1(RegisterSuccessPage.java:25)
at PageLayer.RegisterSuccessPage.getCurrentUrl1(RegisterSuccessPage.java:25)
at PageLayer.RegisterSuccessPage.getCurrentUrl1(RegisterSuccessPage.java:25)
at PageLayer.RegisterSuccessPage.getCurrentUrl1(RegisterSuccessPage.java:25)
at PageLayer.RegisterSuccessPage.getCurrentUrl1(RegisterSuccessPage.java:25)
at PageLayer.RegisterSuccessPage.getCurrentUrl1(RegisterSuccessPage.java:25)
at PageLayer.RegisterSuccessPage.getCurrentUrl1(RegisterSuccessPage.java:25)
at PageLayer.RegisterSuccessPage.getCurrentUrl1(RegisterSuccessPage.java:25)
at PageLayer.RegisterSuccessPage.getCurrentUrl1(RegisterSuccessPage.java:25)
at PageLayer.RegisterSuccessPage.getCurrentUrl1(RegisterSuccessPage.java:25)
at PageLayer.RegisterSuccessPage.getCurrentUrl1(RegisterSuccessPage.java:25)
at PageLayer.RegisterSuccessPage.getCurrentUrl1(RegisterSuccessPage.java:25)
at PageLayer.RegisterSuccessPage.getCurrentUrl1(RegisterSuccessPage.java:25)
at PageLayer.RegisterSuccessPage.getCurrentUrl1(RegisterSuccessPage.java:25)
at PageLayer.RegisterSuccessPage.getCurrentUrl1(RegisterSuccessPage.java:25)
at PageLayer.RegisterSuccessPage.getCurrentUrl1(RegisterSuccessPage.java:25)
at PageLayer.RegisterSuccessPage.getCurrentUrl1(RegisterSuccessPage.java:25)
at PageLayer.RegisterSuccessPage.getCurrentUrl1(RegisterSuccessPage.java:25)
at PageLayer.RegisterSuccessPage.getCurrentUrl1(RegisterSuccessPage.java:25)
at PageLayer.RegisterSuccessPage.getCurrentUrl1(RegisterSuccessPage.java:25)
at PageLayer.RegisterSuccessPage.getCurrentUrl1(RegisterSuccessPage.java:25)
at PageLayer.RegisterSuccessPage.getCurrentUrl1(RegisterSuccessPage.java:25)
at PageLayer.RegisterSuccessPage.getCurrentUrl1(RegisterSuccessPage.java:25)
at PageLayer.RegisterSuccessPage.getCurrentUrl1(RegisterSuccessPage.java:25)
at PageLayer.RegisterSuccessPage.getCurrentUrl1(RegisterSuccessPage.java:25)
at PageLayer.RegisterSuccessPage.getCurrentUrl1(RegisterSuccessPage.java:25)
at PageLayer.RegisterSuccessPage.getCurrentUrl1(RegisterSuccessPage.java:25)
at PageLayer.RegisterSuccessPage.getCurrentUrl1(RegisterSuccessPage.java:25)
at PageLayer.RegisterSuccessPage.getCurrentUrl1(RegisterSuccessPage.java:25)
at PageLayer.RegisterSuccessPage.getCurrentUrl1(RegisterSuccessPage.java:25)
at PageLayer.RegisterSuccessPage.getCurrentUrl1(RegisterSuccessPage.java:25)
at PageLayer.RegisterSuccessPage.getCurrentUrl1(RegisterSuccessPage.java:25)
at PageLayer.RegisterSuccessPage.getCurrentUrl1(RegisterSuccessPage.java:25)
at PageLayer.RegisterSuccessPage.getCurrentUrl1(RegisterSuccessPage.java:25)
at PageLayer.RegisterSuccessPage.getCurrentUrl1(RegisterSuccessPage.java:25)
at PageLayer.RegisterSuccessPage.getCurrentUrl1(RegisterSuccessPage.java:25)
at PageLayer.RegisterSuccessPage.getCurrentUrl1(RegisterSuccessPage.java:25)
at PageLayer.RegisterSuccessPage.getCurrentUrl1(RegisterSuccessPage.java:25)
at PageLayer.RegisterSuccessPage.getCurrentUrl1(RegisterSuccessPage.java:25)
at PageLayer.RegisterSuccessPage.getCurrentUrl1(RegisterSuccessPage.java:25)
at PageLayer.RegisterSuccessPage.getCurrentUrl1(RegisterSuccessPage.java:25)
at PageLayer.RegisterSuccessPage.getCurrentUrl1(RegisterSuccessPage.java:25)
at PageLayer.RegisterSuccessPage.getCurrentUrl1(RegisterSuccessPage.java:25)
at PageLayer.RegisterSuccessPage.getCurrentUrl1(RegisterSuccessPage.java:25)
at PageLayer.RegisterSuccessPage.getCurrentUrl1(RegisterSuccessPage.java:25)
at PageLayer.RegisterSuccessPage.getCurrentUrl1(RegisterSuccessPage.java:25)
at PageLayer.RegisterSuccessPage.getCurrentUrl1(RegisterSuccessPage.java:25)
at PageLayer.RegisterSuccessPage.getCurrentUrl1(RegisterSuccessPage.java:25)
at PageLayer.RegisterSuccessPage.getCurrentUrl1(RegisterSuccessPage.java:25)
at PageLayer.RegisterSuccessPage.getCurrentUrl1(RegisterSuccessPage.java:25)
at PageLayer.RegisterSuccessPage.getCurrentUrl1(RegisterSuccessPage.java:25)
at PageLayer.RegisterSuccessPage.getCurrentUrl1(RegisterSuccessPage.java:25)
at PageLayer.RegisterSuccessPage.getCurrentUrl1(RegisterSuccessPage.java:25)
at PageLayer.RegisterSuccessPage.getCurrentUrl1(RegisterSuccessPage.java:25)
at PageLayer.RegisterSuccessPage.getCurrentUrl1(RegisterSuccessPage.java:25)
at PageLayer.RegisterSuccessPage.getCurrentUrl1(RegisterSuccessPage.java:25)
at PageLayer.RegisterSuccessPage.getCurrentUrl1(RegisterSuccessPage.java:25)
at PageLayer.RegisterSuccessPage.getCurrentUrl1(RegisterSuccessPage.java:25)
at PageLayer.RegisterSuccessPage.getCurrentUrl1(RegisterSuccessPage.java:25)
at PageLayer.RegisterSuccessPage.getCurrentUrl1(RegisterSuccessPage.java:25)
at PageLayer.RegisterSuccessPage.getCurrentUrl1(RegisterSuccessPage.java:25)
at PageLayer.RegisterSuccessPage.getCurrentUrl1(RegisterSuccessPage.java:25)
at PageLayer.RegisterSuccessPage.getCurrentUrl1(RegisterSuccessPage.java:25)
at PageLayer.RegisterSuccessPage.getCurrentUrl1(RegisterSuccessPage.java:25)
at PageLayer.RegisterSuccessPage.getCurrentUrl1(RegisterSuccessPage.java:25)
at PageLayer.RegisterSuccessPage.getCurrentUrl1(RegisterSuccessPage.java:25)
at PageLayer.RegisterSuccessPage.getCurrentUrl1(RegisterSuccessPage.java:25)
at PageLayer.RegisterSuccessPage.getCurrentUrl1(RegisterSuccessPage.java:25)
at PageLayer.RegisterSuccessPage.getCurrentUrl1(RegisterSuccessPage.java:25)
at PageLayer.RegisterSuccessPage.getCurrentUrl1(RegisterSuccessPage.java:25)
at PageLayer.RegisterSuccessPage.getCurrentUrl1(RegisterSuccessPage.java:25)
at PageLayer.RegisterSuccessPage.getCurrentUrl1(RegisterSuccessPage.java:25)
at PageLayer.RegisterSuccessPage.getCurrentUrl1(RegisterSuccessPage.java:25)
at PageLayer.RegisterSuccessPage.getCurrentUrl1(RegisterSuccessPage.java:25)
at PageLayer.RegisterSuccessPage.getCurrentUrl1(RegisterSuccessPage.java:25)
at PageLayer.RegisterSuccessPage.getCurrentUrl1(RegisterSuccessPage.java:25)
at PageLayer.RegisterSuccessPage.getCurrentUrl1(RegisterSuccessPage.java:25)
at PageLayer.RegisterSuccessPage.getCurrentUrl1(RegisterSuccessPage.java:25)
at PageLayer.RegisterSuccessPage.getCurrentUrl1(RegisterSuccessPage.java:25)
at PageLayer.RegisterSuccessPage.getCurrentUrl1(RegisterSuccessPage.java:25)
at PageLayer.RegisterSuccessPage.getCurrentUrl1(RegisterSuccessPage.java:25)
at PageLayer.RegisterSuccessPage.getCurrentUrl1(RegisterSuccessPage.java:25)
at PageLayer.RegisterSuccessPage.getCurrentUrl1(RegisterSuccessPage.java:25)
at PageLayer.RegisterSuccessPage.getCurrentUrl1(RegisterSuccessPage.java:25)
at PageLayer.RegisterSuccessPage.getCurrentUrl1(RegisterSuccessPage.java:25)
at PageLayer.RegisterSuccessPage.getCurrentUrl1(RegisterSuccessPage.java:25)
at PageLayer.RegisterSuccessPage.getCurrentUrl1(RegisterSuccessPage.java:25)
at PageLayer.RegisterSuccessPage.getCurrentUrl1(RegisterSuccessPage.java:25)
at PageLayer.RegisterSuccessPage.getCurrentUrl1(RegisterSuccessPage.java:25)
at PageLayer.RegisterSuccessPage.getCurrentUrl1(RegisterSuccessPage.java:25)
at PageLayer.RegisterSuccessPage.getCurrentUrl1(RegisterSuccessPage.java:25)
at PageLayer.RegisterSuccessPage.getCurrentUrl1(RegisterSuccessPage.java:25)
at PageLayer.RegisterSuccessPage.getCurrentUrl1(RegisterSuccessPage.java:25)
at PageLayer.RegisterSuccessPage.getCurrentUrl1(RegisterSuccessPage.java:25)
at PageLayer.RegisterSuccessPage.getCurrentUrl1(RegisterSuccessPage.java:25)
at PageLayer.RegisterSuccessPage.getCurrentUrl1(RegisterSuccessPage.java:25)
at PageLayer.RegisterSuccessPage.getCurrentUrl1(RegisterSuccessPage.java:25)
at PageLayer.RegisterSuccessPage.getCurrentUrl1(RegisterSuccessPage.java:25)
at PageLayer.RegisterSuccessPage.getCurrentUrl1(RegisterSuccessPage.java:25)
at PageLayer.RegisterSuccessPage.getCurrentUrl1(RegisterSuccessPage.java:25)
at PageLayer.RegisterSuccessPage.getCurrentUrl1(RegisterSuccessPage.java:25)
at PageLayer.RegisterSuccessPage.getCurrentUrl1(RegisterSuccessPage.java:25)
at PageLayer.RegisterSuccessPage.getCurrentUrl1(RegisterSuccessPage.java:25)
at PageLayer.RegisterSuccessPage.getCurrentUrl1(RegisterSuccessPage.java:25)
at PageLayer.RegisterSuccessPage.getCurrentUrl1(RegisterSuccessPage.java:25)
at PageLayer.RegisterSuccessPage.getCurrentUrl1(RegisterSuccessPage.java:25)
at PageLayer.RegisterSuccessPage.getCurrentUrl1(RegisterSuccessPage.java:25)
at PageLayer.RegisterSuccessPage.getCurrentUrl1(RegisterSuccessPage.java:25)
at PageLayer.RegisterSuccessPage.getCurrentUrl1(RegisterSuccessPage.java:25)
at PageLayer.RegisterSuccessPage.getCurrentUrl1(RegisterSuccessPage.java:25)
at PageLayer.RegisterSuccessPage.getCurrentUrl1(RegisterSuccessPage.java:25)
at PageLayer.RegisterSuccessPage.getCurrentUrl1(RegisterSuccessPage.java:25)
at PageLayer.RegisterSuccessPage.getCurrentUrl1(RegisterSuccessPage.java:25)
at PageLayer.RegisterSuccessPage.getCurrentUrl1(RegisterSuccessPage.java:25)
at PageLayer.RegisterSuccessPage.getCurrentUrl1(RegisterSuccessPage.java:25)
at PageLayer.RegisterSuccessPage.getCurrentUrl1(RegisterSuccessPage.java:25)
at PageLayer.RegisterSuccessPage.getCurrentUrl1(RegisterSuccessPage.java:25)
at PageLayer.RegisterSuccessPage.getCurrentUrl1(RegisterSuccessPage.java:25)
at PageLayer.RegisterSuccessPage.getCurrentUrl1(RegisterSuccessPage.java:25)
at PageLayer.RegisterSuccessPage.getCurrentUrl1(RegisterSuccessPage.java:25)
at PageLayer.RegisterSuccessPage.getCurrentUrl1(RegisterSuccessPage.java:25)
at PageLayer.RegisterSuccessPage.getCurrentUrl1(RegisterSuccessPage.java:25)
at PageLayer.RegisterSuccessPage.getCurrentUrl1(RegisterSuccessPage.java:25)
at PageLayer.RegisterSuccessPage.getCurrentUrl1(RegisterSuccessPage.java:25)
at PageLayer.RegisterSuccessPage.getCurrentUrl1(RegisterSuccessPage.java:25)
at PageLayer.RegisterSuccessPage.getCurrentUrl1(RegisterSuccessPage.java:25)
at PageLayer.RegisterSuccessPage.getCurrentUrl1(RegisterSuccessPage.java:25)
at PageLayer.RegisterSuccessPage.getCurrentUrl1(RegisterSuccessPage.java:25)
at PageLayer.RegisterSuccessPage.getCurrentUrl1(RegisterSuccessPage.java:25)
at PageLayer.RegisterSuccessPage.getCurrentUrl1(RegisterSuccessPage.java:25)
at PageLayer.RegisterSuccessPage.getCurrentUrl1(RegisterSuccessPage.java:25)
at PageLayer.RegisterSuccessPage.getCurrentUrl1(RegisterSuccessPage.java:25)
at PageLayer.RegisterSuccessPage.getCurrentUrl1(RegisterSuccessPage.java:25)
at PageLayer.RegisterSuccessPage.getCurrentUrl1(RegisterSuccessPage.java:25)
at PageLayer.RegisterSuccessPage.getCurrentUrl1(RegisterSuccessPage.java:25)
at PageLayer.RegisterSuccessPage.getCurrentUrl1(RegisterSuccessPage.java:25)
at PageLayer.RegisterSuccessPage.getCurrentUrl1(RegisterSuccessPage.java:25)
at PageLayer.RegisterSuccessPage.getCurrentUrl1(RegisterSuccessPage.java:25)
at PageLayer.RegisterSuccessPage.getCurrentUrl1(RegisterSuccessPage.java:25)
at PageLayer.RegisterSuccessPage.getCurrentUrl1(RegisterSuccessPage.java:25)
at PageLayer.RegisterSuccessPage.getCurrentUrl1(RegisterSuccessPage.java:25)
at PageLayer.RegisterSuccessPage.getCurrentUrl1(RegisterSuccessPage.java:25)
at PageLayer.RegisterSuccessPage.getCurrentUrl1(RegisterSuccessPage.java:25)
at PageLayer.RegisterSuccessPage.getCurrentUrl1(RegisterSuccessPage.java:25)
at PageLayer.RegisterSuccessPage.getCurrentUrl1(RegisterSuccessPage.java:25)
at PageLayer.RegisterSuccessPage.getCurrentUrl1(RegisterSuccessPage.java:25)
at PageLayer.RegisterSuccessPage.getCurrentUrl1(RegisterSuccessPage.java:25)
at PageLayer.RegisterSuccessPage.getCurrentUrl1(RegisterSuccessPage.java:25)
at PageLayer.RegisterSuccessPage.getCurrentUrl1(RegisterSuccessPage.java:25)
at PageLayer.RegisterSuccessPage.getCurrentUrl1(RegisterSuccessPage.java:25)
at PageLayer.RegisterSuccessPage.getCurrentUrl1(RegisterSuccessPage.java:25)
at PageLayer.RegisterSuccessPage.getCurrentUrl1(RegisterSuccessPage.java:25)
at PageLayer.RegisterSuccessPage.getCurrentUrl1(RegisterSuccessPage.java:25)
at PageLayer.RegisterSuccessPage.getCurrentUrl1(RegisterSuccessPage.java:25)
at PageLayer.RegisterSuccessPage.getCurrentUrl1(RegisterSuccessPage.java:25)
]]>
            </full-stacktrace>
          </exception> <!-- java.lang.StackOverflowError -->
          <reporter-output>
          </reporter-output>
        </test-method> <!-- validateSuccessPageUrl -->
        <test-method signature="clickOntheSignUpLinkInSuccessPage()[pri:2, instance:TestLayer.RegisterSuccessPageTest@74e52303]" started-at="2023-07-23T23:05:50 IST" name="clickOntheSignUpLinkInSuccessPage" finished-at="2023-07-23T23:05:54 IST" duration-ms="4230" status="PASS">
          <reporter-output>
          </reporter-output>
        </test-method> <!-- clickOntheSignUpLinkInSuccessPage -->
      </class> <!-- TestLayer.RegisterSuccessPageTest -->
    </test> <!-- Test -->
  </suite> <!-- Suite -->
</testng-results>
